-------------------------------------------------------------------------------
Test set: TestSuite
-------------------------------------------------------------------------------
Tests run: 74, Failures: 72, Errors: 0, Skipped: 0, Time elapsed: 4,905.091 s <<< FAILURE! - in TestSuite
runScenario(RunCucumberTest)  Time elapsed: 74.96 s  <<< FAILURE!
org.openqa.selenium.TimeoutException: Expected condition failed: waiting for visibility of Proxy element for: DefaultElementLocator 'By.xpath: //h1[contains(text(),'Choose Trade Option')]' (tried for 20 second(s) with 500 milliseconds interval)
Caused by: org.openqa.selenium.NoSuchElementException: 
no such element: Unable to locate element: {"method":"xpath","selector":"//h1[contains(text(),'Choose Trade Option')]"}
  (Session info: chrome=105.0.5195.125)
For documentation on this error, please visit: https://selenium.dev/exceptions/#no_such_element
Build info: version: '4.4.0', revision: 'e5c75ed026a'
System info: host: 'SF-LAP-412.local', ip: 'fe80:0:0:0:eb:c8fe:5a40:5798%en0', os.name: 'Mac OS X', os.arch: 'aarch64', os.version: '12.6', java.version: '18.0.2.1'
Driver info: org.openqa.selenium.chrome.ChromeDriver
Command: [ee844a6030fa33793a574dfec64e2cd1, findElement {using=xpath, value=//h1[contains(text(),'Choose Trade Option')]}]
Capabilities {acceptInsecureCerts: false, browserName: chrome, browserVersion: 105.0.5195.125, chrome: {chromedriverVersion: 105.0.5195.52 (412c95e51883..., userDataDir: /var/folders/th/f4yf398x0lb...}, goog:chromeOptions: {debuggerAddress: localhost:52921}, networkConnectionEnabled: false, pageLoadStrategy: normal, platformName: MAC, proxy: Proxy(), se:cdp: ws://localhost:52921/devtoo..., se:cdpVersion: 105.0.5195.125, setWindowRect: true, strictFileInteractability: false, timeouts: {implicit: 0, pageLoad: 300000, script: 30000}, unhandledPromptBehavior: dismiss and notify, webauthn:extension:credBlob: true, webauthn:extension:largeBlob: true, webauthn:virtualAuthenticators: true}
Session ID: ee844a6030fa33793a574dfec64e2cd1

runScenario(RunCucumberTest)  Time elapsed: 69.148 s  <<< FAILURE!
org.openqa.selenium.TimeoutException: Expected condition failed: waiting for visibility of Proxy element for: DefaultElementLocator 'By.xpath: //h1[contains(text(),'Choose Trade Option')]' (tried for 20 second(s) with 500 milliseconds interval)
Caused by: org.openqa.selenium.NoSuchElementException: 
no such element: Unable to locate element: {"method":"xpath","selector":"//h1[contains(text(),'Choose Trade Option')]"}
  (Session info: chrome=105.0.5195.125)
For documentation on this error, please visit: https://selenium.dev/exceptions/#no_such_element
Build info: version: '4.4.0', revision: 'e5c75ed026a'
System info: host: 'SF-LAP-412.local', ip: 'fe80:0:0:0:eb:c8fe:5a40:5798%en0', os.name: 'Mac OS X', os.arch: 'aarch64', os.version: '12.6', java.version: '18.0.2.1'
Driver info: org.openqa.selenium.chrome.ChromeDriver
Command: [7a65740269550cbdfa0ac7478479a1a1, findElement {using=xpath, value=//h1[contains(text(),'Choose Trade Option')]}]
Capabilities {acceptInsecureCerts: false, browserName: chrome, browserVersion: 105.0.5195.125, chrome: {chromedriverVersion: 105.0.5195.52 (412c95e51883..., userDataDir: /var/folders/th/f4yf398x0lb...}, goog:chromeOptions: {debuggerAddress: localhost:53287}, networkConnectionEnabled: false, pageLoadStrategy: normal, platformName: MAC, proxy: Proxy(), se:cdp: ws://localhost:53287/devtoo..., se:cdpVersion: 105.0.5195.125, setWindowRect: true, strictFileInteractability: false, timeouts: {implicit: 0, pageLoad: 300000, script: 30000}, unhandledPromptBehavior: dismiss and notify, webauthn:extension:credBlob: true, webauthn:extension:largeBlob: true, webauthn:virtualAuthenticators: true}
Session ID: 7a65740269550cbdfa0ac7478479a1a1

runScenario(RunCucumberTest)  Time elapsed: 69.191 s  <<< FAILURE!
org.openqa.selenium.TimeoutException: Expected condition failed: waiting for visibility of Proxy element for: DefaultElementLocator 'By.xpath: //h1[contains(text(),'Choose Trade Option')]' (tried for 20 second(s) with 500 milliseconds interval)
Caused by: org.openqa.selenium.NoSuchElementException: 
no such element: Unable to locate element: {"method":"xpath","selector":"//h1[contains(text(),'Choose Trade Option')]"}
  (Session info: chrome=105.0.5195.125)
For documentation on this error, please visit: https://selenium.dev/exceptions/#no_such_element
Build info: version: '4.4.0', revision: 'e5c75ed026a'
System info: host: 'SF-LAP-412.local', ip: 'fe80:0:0:0:eb:c8fe:5a40:5798%en0', os.name: 'Mac OS X', os.arch: 'aarch64', os.version: '12.6', java.version: '18.0.2.1'
Driver info: org.openqa.selenium.chrome.ChromeDriver
Command: [252ec04119dcaf796d95c1c4f720ead0, findElement {using=xpath, value=//h1[contains(text(),'Choose Trade Option')]}]
Capabilities {acceptInsecureCerts: false, browserName: chrome, browserVersion: 105.0.5195.125, chrome: {chromedriverVersion: 105.0.5195.52 (412c95e51883..., userDataDir: /var/folders/th/f4yf398x0lb...}, goog:chromeOptions: {debuggerAddress: localhost:53627}, networkConnectionEnabled: false, pageLoadStrategy: normal, platformName: MAC, proxy: Proxy(), se:cdp: ws://localhost:53627/devtoo..., se:cdpVersion: 105.0.5195.125, setWindowRect: true, strictFileInteractability: false, timeouts: {implicit: 0, pageLoad: 300000, script: 30000}, unhandledPromptBehavior: dismiss and notify, webauthn:extension:credBlob: true, webauthn:extension:largeBlob: true, webauthn:virtualAuthenticators: true}
Session ID: 252ec04119dcaf796d95c1c4f720ead0

runScenario(RunCucumberTest)  Time elapsed: 70.222 s  <<< FAILURE!
org.openqa.selenium.TimeoutException: Expected condition failed: waiting for visibility of Proxy element for: DefaultElementLocator 'By.xpath: //h1[contains(text(),'Choose Trade Option')]' (tried for 20 second(s) with 500 milliseconds interval)
Caused by: org.openqa.selenium.NoSuchElementException: 
no such element: Unable to locate element: {"method":"xpath","selector":"//h1[contains(text(),'Choose Trade Option')]"}
  (Session info: chrome=105.0.5195.125)
For documentation on this error, please visit: https://selenium.dev/exceptions/#no_such_element
Build info: version: '4.4.0', revision: 'e5c75ed026a'
System info: host: 'SF-LAP-412.local', ip: 'fe80:0:0:0:eb:c8fe:5a40:5798%en0', os.name: 'Mac OS X', os.arch: 'aarch64', os.version: '12.6', java.version: '18.0.2.1'
Driver info: org.openqa.selenium.chrome.ChromeDriver
Command: [8522a25b084f75cf3b52e911d2ce9923, findElement {using=xpath, value=//h1[contains(text(),'Choose Trade Option')]}]
Capabilities {acceptInsecureCerts: false, browserName: chrome, browserVersion: 105.0.5195.125, chrome: {chromedriverVersion: 105.0.5195.52 (412c95e51883..., userDataDir: /var/folders/th/f4yf398x0lb...}, goog:chromeOptions: {debuggerAddress: localhost:53964}, networkConnectionEnabled: false, pageLoadStrategy: normal, platformName: MAC, proxy: Proxy(), se:cdp: ws://localhost:53964/devtoo..., se:cdpVersion: 105.0.5195.125, setWindowRect: true, strictFileInteractability: false, timeouts: {implicit: 0, pageLoad: 300000, script: 30000}, unhandledPromptBehavior: dismiss and notify, webauthn:extension:credBlob: true, webauthn:extension:largeBlob: true, webauthn:virtualAuthenticators: true}
Session ID: 8522a25b084f75cf3b52e911d2ce9923

runScenario(RunCucumberTest)  Time elapsed: 68.774 s  <<< FAILURE!
org.openqa.selenium.TimeoutException: Expected condition failed: waiting for visibility of Proxy element for: DefaultElementLocator 'By.xpath: //h1[contains(text(),'Choose Trade Option')]' (tried for 20 second(s) with 500 milliseconds interval)
Caused by: org.openqa.selenium.NoSuchElementException: 
no such element: Unable to locate element: {"method":"xpath","selector":"//h1[contains(text(),'Choose Trade Option')]"}
  (Session info: chrome=105.0.5195.125)
For documentation on this error, please visit: https://selenium.dev/exceptions/#no_such_element
Build info: version: '4.4.0', revision: 'e5c75ed026a'
System info: host: 'SF-LAP-412.local', ip: 'fe80:0:0:0:eb:c8fe:5a40:5798%en0', os.name: 'Mac OS X', os.arch: 'aarch64', os.version: '12.6', java.version: '18.0.2.1'
Driver info: org.openqa.selenium.chrome.ChromeDriver
Command: [0a4133f308e0588dc7f2e160bdb29a1c, findElement {using=xpath, value=//h1[contains(text(),'Choose Trade Option')]}]
Capabilities {acceptInsecureCerts: false, browserName: chrome, browserVersion: 105.0.5195.125, chrome: {chromedriverVersion: 105.0.5195.52 (412c95e51883..., userDataDir: /var/folders/th/f4yf398x0lb...}, goog:chromeOptions: {debuggerAddress: localhost:54304}, networkConnectionEnabled: false, pageLoadStrategy: normal, platformName: MAC, proxy: Proxy(), se:cdp: ws://localhost:54304/devtoo..., se:cdpVersion: 105.0.5195.125, setWindowRect: true, strictFileInteractability: false, timeouts: {implicit: 0, pageLoad: 300000, script: 30000}, unhandledPromptBehavior: dismiss and notify, webauthn:extension:credBlob: true, webauthn:extension:largeBlob: true, webauthn:virtualAuthenticators: true}
Session ID: 0a4133f308e0588dc7f2e160bdb29a1c

runScenario(RunCucumberTest)  Time elapsed: 68.99 s  <<< FAILURE!
org.openqa.selenium.TimeoutException: Expected condition failed: waiting for visibility of Proxy element for: DefaultElementLocator 'By.xpath: //h1[contains(text(),'Choose Trade Option')]' (tried for 20 second(s) with 500 milliseconds interval)
Caused by: org.openqa.selenium.NoSuchElementException: 
no such element: Unable to locate element: {"method":"xpath","selector":"//h1[contains(text(),'Choose Trade Option')]"}
  (Session info: chrome=105.0.5195.125)
For documentation on this error, please visit: https://selenium.dev/exceptions/#no_such_element
Build info: version: '4.4.0', revision: 'e5c75ed026a'
System info: host: 'SF-LAP-412.local', ip: 'fe80:0:0:0:eb:c8fe:5a40:5798%en0', os.name: 'Mac OS X', os.arch: 'aarch64', os.version: '12.6', java.version: '18.0.2.1'
Driver info: org.openqa.selenium.chrome.ChromeDriver
Command: [bf9a056894f60a9b7526f5fd0ddc19f6, findElement {using=xpath, value=//h1[contains(text(),'Choose Trade Option')]}]
Capabilities {acceptInsecureCerts: false, browserName: chrome, browserVersion: 105.0.5195.125, chrome: {chromedriverVersion: 105.0.5195.52 (412c95e51883..., userDataDir: /var/folders/th/f4yf398x0lb...}, goog:chromeOptions: {debuggerAddress: localhost:54633}, networkConnectionEnabled: false, pageLoadStrategy: normal, platformName: MAC, proxy: Proxy(), se:cdp: ws://localhost:54633/devtoo..., se:cdpVersion: 105.0.5195.125, setWindowRect: true, strictFileInteractability: false, timeouts: {implicit: 0, pageLoad: 300000, script: 30000}, unhandledPromptBehavior: dismiss and notify, webauthn:extension:credBlob: true, webauthn:extension:largeBlob: true, webauthn:virtualAuthenticators: true}
Session ID: bf9a056894f60a9b7526f5fd0ddc19f6

runScenario(RunCucumberTest)  Time elapsed: 69.057 s  <<< FAILURE!
org.openqa.selenium.TimeoutException: Expected condition failed: waiting for visibility of Proxy element for: DefaultElementLocator 'By.xpath: //h1[contains(text(),'Choose Trade Option')]' (tried for 20 second(s) with 500 milliseconds interval)
Caused by: org.openqa.selenium.NoSuchElementException: 
no such element: Unable to locate element: {"method":"xpath","selector":"//h1[contains(text(),'Choose Trade Option')]"}
  (Session info: chrome=105.0.5195.125)
For documentation on this error, please visit: https://selenium.dev/exceptions/#no_such_element
Build info: version: '4.4.0', revision: 'e5c75ed026a'
System info: host: 'SF-LAP-412.local', ip: 'fe80:0:0:0:eb:c8fe:5a40:5798%en0', os.name: 'Mac OS X', os.arch: 'aarch64', os.version: '12.6', java.version: '18.0.2.1'
Driver info: org.openqa.selenium.chrome.ChromeDriver
Command: [65039d44a73d6fd16405540c717c1a64, findElement {using=xpath, value=//h1[contains(text(),'Choose Trade Option')]}]
Capabilities {acceptInsecureCerts: false, browserName: chrome, browserVersion: 105.0.5195.125, chrome: {chromedriverVersion: 105.0.5195.52 (412c95e51883..., userDataDir: /var/folders/th/f4yf398x0lb...}, goog:chromeOptions: {debuggerAddress: localhost:54962}, networkConnectionEnabled: false, pageLoadStrategy: normal, platformName: MAC, proxy: Proxy(), se:cdp: ws://localhost:54962/devtoo..., se:cdpVersion: 105.0.5195.125, setWindowRect: true, strictFileInteractability: false, timeouts: {implicit: 0, pageLoad: 300000, script: 30000}, unhandledPromptBehavior: dismiss and notify, webauthn:extension:credBlob: true, webauthn:extension:largeBlob: true, webauthn:virtualAuthenticators: true}
Session ID: 65039d44a73d6fd16405540c717c1a64

runScenario(RunCucumberTest)  Time elapsed: 71.861 s  <<< FAILURE!
org.openqa.selenium.TimeoutException: Expected condition failed: waiting for visibility of Proxy element for: DefaultElementLocator 'By.xpath: //h1[contains(text(),'Choose Trade Option')]' (tried for 20 second(s) with 500 milliseconds interval)
Caused by: org.openqa.selenium.NoSuchElementException: 
no such element: Unable to locate element: {"method":"xpath","selector":"//h1[contains(text(),'Choose Trade Option')]"}
  (Session info: chrome=105.0.5195.125)
For documentation on this error, please visit: https://selenium.dev/exceptions/#no_such_element
Build info: version: '4.4.0', revision: 'e5c75ed026a'
System info: host: 'SF-LAP-412.local', ip: 'fe80:0:0:0:eb:c8fe:5a40:5798%en0', os.name: 'Mac OS X', os.arch: 'aarch64', os.version: '12.6', java.version: '18.0.2.1'
Driver info: org.openqa.selenium.chrome.ChromeDriver
Command: [1760a0221b078df164a4a27ae40804e0, findElement {using=xpath, value=//h1[contains(text(),'Choose Trade Option')]}]
Capabilities {acceptInsecureCerts: false, browserName: chrome, browserVersion: 105.0.5195.125, chrome: {chromedriverVersion: 105.0.5195.52 (412c95e51883..., userDataDir: /var/folders/th/f4yf398x0lb...}, goog:chromeOptions: {debuggerAddress: localhost:55290}, networkConnectionEnabled: false, pageLoadStrategy: normal, platformName: MAC, proxy: Proxy(), se:cdp: ws://localhost:55290/devtoo..., se:cdpVersion: 105.0.5195.125, setWindowRect: true, strictFileInteractability: false, timeouts: {implicit: 0, pageLoad: 300000, script: 30000}, unhandledPromptBehavior: dismiss and notify, webauthn:extension:credBlob: true, webauthn:extension:largeBlob: true, webauthn:virtualAuthenticators: true}
Session ID: 1760a0221b078df164a4a27ae40804e0

runScenario(RunCucumberTest)  Time elapsed: 67.903 s  <<< FAILURE!
org.openqa.selenium.TimeoutException: Expected condition failed: waiting for visibility of Proxy element for: DefaultElementLocator 'By.xpath: //h1[contains(text(),'Choose Trade Option')]' (tried for 20 second(s) with 500 milliseconds interval)
Caused by: org.openqa.selenium.NoSuchElementException: 
no such element: Unable to locate element: {"method":"xpath","selector":"//h1[contains(text(),'Choose Trade Option')]"}
  (Session info: chrome=105.0.5195.125)
For documentation on this error, please visit: https://selenium.dev/exceptions/#no_such_element
Build info: version: '4.4.0', revision: 'e5c75ed026a'
System info: host: 'SF-LAP-412.local', ip: 'fe80:0:0:0:eb:c8fe:5a40:5798%en0', os.name: 'Mac OS X', os.arch: 'aarch64', os.version: '12.6', java.version: '18.0.2.1'
Driver info: org.openqa.selenium.chrome.ChromeDriver
Command: [9fe9c0247c0feb440736b9df75ed2556, findElement {using=xpath, value=//h1[contains(text(),'Choose Trade Option')]}]
Capabilities {acceptInsecureCerts: false, browserName: chrome, browserVersion: 105.0.5195.125, chrome: {chromedriverVersion: 105.0.5195.52 (412c95e51883..., userDataDir: /var/folders/th/f4yf398x0lb...}, goog:chromeOptions: {debuggerAddress: localhost:55635}, networkConnectionEnabled: false, pageLoadStrategy: normal, platformName: MAC, proxy: Proxy(), se:cdp: ws://localhost:55635/devtoo..., se:cdpVersion: 105.0.5195.125, setWindowRect: true, strictFileInteractability: false, timeouts: {implicit: 0, pageLoad: 300000, script: 30000}, unhandledPromptBehavior: dismiss and notify, webauthn:extension:credBlob: true, webauthn:extension:largeBlob: true, webauthn:virtualAuthenticators: true}
Session ID: 9fe9c0247c0feb440736b9df75ed2556

runScenario(RunCucumberTest)  Time elapsed: 68.76 s  <<< FAILURE!
org.openqa.selenium.TimeoutException: Expected condition failed: waiting for visibility of Proxy element for: DefaultElementLocator 'By.xpath: //h1[contains(text(),'Choose Trade Option')]' (tried for 20 second(s) with 500 milliseconds interval)
Caused by: org.openqa.selenium.NoSuchElementException: 
no such element: Unable to locate element: {"method":"xpath","selector":"//h1[contains(text(),'Choose Trade Option')]"}
  (Session info: chrome=105.0.5195.125)
For documentation on this error, please visit: https://selenium.dev/exceptions/#no_such_element
Build info: version: '4.4.0', revision: 'e5c75ed026a'
System info: host: 'SF-LAP-412.local', ip: 'fe80:0:0:0:eb:c8fe:5a40:5798%en0', os.name: 'Mac OS X', os.arch: 'aarch64', os.version: '12.6', java.version: '18.0.2.1'
Driver info: org.openqa.selenium.chrome.ChromeDriver
Command: [622757e8262999772bd22a44b5b72e7f, findElement {using=xpath, value=//h1[contains(text(),'Choose Trade Option')]}]
Capabilities {acceptInsecureCerts: false, browserName: chrome, browserVersion: 105.0.5195.125, chrome: {chromedriverVersion: 105.0.5195.52 (412c95e51883..., userDataDir: /var/folders/th/f4yf398x0lb...}, goog:chromeOptions: {debuggerAddress: localhost:55969}, networkConnectionEnabled: false, pageLoadStrategy: normal, platformName: MAC, proxy: Proxy(), se:cdp: ws://localhost:55969/devtoo..., se:cdpVersion: 105.0.5195.125, setWindowRect: true, strictFileInteractability: false, timeouts: {implicit: 0, pageLoad: 300000, script: 30000}, unhandledPromptBehavior: dismiss and notify, webauthn:extension:credBlob: true, webauthn:extension:largeBlob: true, webauthn:virtualAuthenticators: true}
Session ID: 622757e8262999772bd22a44b5b72e7f

runScenario(RunCucumberTest)  Time elapsed: 68.601 s  <<< FAILURE!
org.openqa.selenium.TimeoutException: Expected condition failed: waiting for visibility of Proxy element for: DefaultElementLocator 'By.xpath: //h1[contains(text(),'Choose Trade Option')]' (tried for 20 second(s) with 500 milliseconds interval)
Caused by: org.openqa.selenium.NoSuchElementException: 
no such element: Unable to locate element: {"method":"xpath","selector":"//h1[contains(text(),'Choose Trade Option')]"}
  (Session info: chrome=105.0.5195.125)
For documentation on this error, please visit: https://selenium.dev/exceptions/#no_such_element
Build info: version: '4.4.0', revision: 'e5c75ed026a'
System info: host: 'SF-LAP-412.local', ip: 'fe80:0:0:0:eb:c8fe:5a40:5798%en0', os.name: 'Mac OS X', os.arch: 'aarch64', os.version: '12.6', java.version: '18.0.2.1'
Driver info: org.openqa.selenium.chrome.ChromeDriver
Command: [7065740bf7b8c4e5aa7097a1e0d91d40, findElement {using=xpath, value=//h1[contains(text(),'Choose Trade Option')]}]
Capabilities {acceptInsecureCerts: false, browserName: chrome, browserVersion: 105.0.5195.125, chrome: {chromedriverVersion: 105.0.5195.52 (412c95e51883..., userDataDir: /var/folders/th/f4yf398x0lb...}, goog:chromeOptions: {debuggerAddress: localhost:56307}, networkConnectionEnabled: false, pageLoadStrategy: normal, platformName: MAC, proxy: Proxy(), se:cdp: ws://localhost:56307/devtoo..., se:cdpVersion: 105.0.5195.125, setWindowRect: true, strictFileInteractability: false, timeouts: {implicit: 0, pageLoad: 300000, script: 30000}, unhandledPromptBehavior: dismiss and notify, webauthn:extension:credBlob: true, webauthn:extension:largeBlob: true, webauthn:virtualAuthenticators: true}
Session ID: 7065740bf7b8c4e5aa7097a1e0d91d40

runScenario(RunCucumberTest)  Time elapsed: 69.626 s  <<< FAILURE!
org.openqa.selenium.TimeoutException: Expected condition failed: waiting for visibility of Proxy element for: DefaultElementLocator 'By.xpath: //h1[contains(text(),'Choose Trade Option')]' (tried for 20 second(s) with 500 milliseconds interval)
Caused by: org.openqa.selenium.NoSuchElementException: 
no such element: Unable to locate element: {"method":"xpath","selector":"//h1[contains(text(),'Choose Trade Option')]"}
  (Session info: chrome=105.0.5195.125)
For documentation on this error, please visit: https://selenium.dev/exceptions/#no_such_element
Build info: version: '4.4.0', revision: 'e5c75ed026a'
System info: host: 'SF-LAP-412.local', ip: 'fe80:0:0:0:eb:c8fe:5a40:5798%en0', os.name: 'Mac OS X', os.arch: 'aarch64', os.version: '12.6', java.version: '18.0.2.1'
Driver info: org.openqa.selenium.chrome.ChromeDriver
Command: [b1bab74d16e135567c5a5171a9803980, findElement {using=xpath, value=//h1[contains(text(),'Choose Trade Option')]}]
Capabilities {acceptInsecureCerts: false, browserName: chrome, browserVersion: 105.0.5195.125, chrome: {chromedriverVersion: 105.0.5195.52 (412c95e51883..., userDataDir: /var/folders/th/f4yf398x0lb...}, goog:chromeOptions: {debuggerAddress: localhost:56632}, networkConnectionEnabled: false, pageLoadStrategy: normal, platformName: MAC, proxy: Proxy(), se:cdp: ws://localhost:56632/devtoo..., se:cdpVersion: 105.0.5195.125, setWindowRect: true, strictFileInteractability: false, timeouts: {implicit: 0, pageLoad: 300000, script: 30000}, unhandledPromptBehavior: dismiss and notify, webauthn:extension:credBlob: true, webauthn:extension:largeBlob: true, webauthn:virtualAuthenticators: true}
Session ID: b1bab74d16e135567c5a5171a9803980

runScenario(RunCucumberTest)  Time elapsed: 70.073 s  <<< FAILURE!
org.openqa.selenium.TimeoutException: Expected condition failed: waiting for visibility of Proxy element for: DefaultElementLocator 'By.xpath: //h1[contains(text(),'Choose Trade Option')]' (tried for 20 second(s) with 500 milliseconds interval)
Caused by: org.openqa.selenium.NoSuchElementException: 
no such element: Unable to locate element: {"method":"xpath","selector":"//h1[contains(text(),'Choose Trade Option')]"}
  (Session info: chrome=105.0.5195.125)
For documentation on this error, please visit: https://selenium.dev/exceptions/#no_such_element
Build info: version: '4.4.0', revision: 'e5c75ed026a'
System info: host: 'SF-LAP-412.local', ip: 'fe80:0:0:0:eb:c8fe:5a40:5798%en0', os.name: 'Mac OS X', os.arch: 'aarch64', os.version: '12.6', java.version: '18.0.2.1'
Driver info: org.openqa.selenium.chrome.ChromeDriver
Command: [415adbb265759a1e1b99ab2191274298, findElement {using=xpath, value=//h1[contains(text(),'Choose Trade Option')]}]
Capabilities {acceptInsecureCerts: false, browserName: chrome, browserVersion: 105.0.5195.125, chrome: {chromedriverVersion: 105.0.5195.52 (412c95e51883..., userDataDir: /var/folders/th/f4yf398x0lb...}, goog:chromeOptions: {debuggerAddress: localhost:56977}, networkConnectionEnabled: false, pageLoadStrategy: normal, platformName: MAC, proxy: Proxy(), se:cdp: ws://localhost:56977/devtoo..., se:cdpVersion: 105.0.5195.125, setWindowRect: true, strictFileInteractability: false, timeouts: {implicit: 0, pageLoad: 300000, script: 30000}, unhandledPromptBehavior: dismiss and notify, webauthn:extension:credBlob: true, webauthn:extension:largeBlob: true, webauthn:virtualAuthenticators: true}
Session ID: 415adbb265759a1e1b99ab2191274298

runScenario(RunCucumberTest)  Time elapsed: 68.897 s  <<< FAILURE!
org.openqa.selenium.TimeoutException: Expected condition failed: waiting for visibility of Proxy element for: DefaultElementLocator 'By.xpath: //h1[contains(text(),'Choose Trade Option')]' (tried for 20 second(s) with 500 milliseconds interval)
Caused by: org.openqa.selenium.NoSuchElementException: 
no such element: Unable to locate element: {"method":"xpath","selector":"//h1[contains(text(),'Choose Trade Option')]"}
  (Session info: chrome=105.0.5195.125)
For documentation on this error, please visit: https://selenium.dev/exceptions/#no_such_element
Build info: version: '4.4.0', revision: 'e5c75ed026a'
System info: host: 'SF-LAP-412.local', ip: 'fe80:0:0:0:eb:c8fe:5a40:5798%en0', os.name: 'Mac OS X', os.arch: 'aarch64', os.version: '12.6', java.version: '18.0.2.1'
Driver info: org.openqa.selenium.chrome.ChromeDriver
Command: [49cdfca405e7685f6666a86b24b1b08d, findElement {using=xpath, value=//h1[contains(text(),'Choose Trade Option')]}]
Capabilities {acceptInsecureCerts: false, browserName: chrome, browserVersion: 105.0.5195.125, chrome: {chromedriverVersion: 105.0.5195.52 (412c95e51883..., userDataDir: /var/folders/th/f4yf398x0lb...}, goog:chromeOptions: {debuggerAddress: localhost:57313}, networkConnectionEnabled: false, pageLoadStrategy: normal, platformName: MAC, proxy: Proxy(), se:cdp: ws://localhost:57313/devtoo..., se:cdpVersion: 105.0.5195.125, setWindowRect: true, strictFileInteractability: false, timeouts: {implicit: 0, pageLoad: 300000, script: 30000}, unhandledPromptBehavior: dismiss and notify, webauthn:extension:credBlob: true, webauthn:extension:largeBlob: true, webauthn:virtualAuthenticators: true}
Session ID: 49cdfca405e7685f6666a86b24b1b08d

runScenario(RunCucumberTest)  Time elapsed: 69.317 s  <<< FAILURE!
org.openqa.selenium.TimeoutException: Expected condition failed: waiting for visibility of Proxy element for: DefaultElementLocator 'By.xpath: //h1[contains(text(),'Choose Trade Option')]' (tried for 20 second(s) with 500 milliseconds interval)
Caused by: org.openqa.selenium.NoSuchElementException: 
no such element: Unable to locate element: {"method":"xpath","selector":"//h1[contains(text(),'Choose Trade Option')]"}
  (Session info: chrome=105.0.5195.125)
For documentation on this error, please visit: https://selenium.dev/exceptions/#no_such_element
Build info: version: '4.4.0', revision: 'e5c75ed026a'
System info: host: 'SF-LAP-412.local', ip: 'fe80:0:0:0:eb:c8fe:5a40:5798%en0', os.name: 'Mac OS X', os.arch: 'aarch64', os.version: '12.6', java.version: '18.0.2.1'
Driver info: org.openqa.selenium.chrome.ChromeDriver
Command: [ee9c2b377807fd8e3933f1bf5fda4baa, findElement {using=xpath, value=//h1[contains(text(),'Choose Trade Option')]}]
Capabilities {acceptInsecureCerts: false, browserName: chrome, browserVersion: 105.0.5195.125, chrome: {chromedriverVersion: 105.0.5195.52 (412c95e51883..., userDataDir: /var/folders/th/f4yf398x0lb...}, goog:chromeOptions: {debuggerAddress: localhost:57644}, networkConnectionEnabled: false, pageLoadStrategy: normal, platformName: MAC, proxy: Proxy(), se:cdp: ws://localhost:57644/devtoo..., se:cdpVersion: 105.0.5195.125, setWindowRect: true, strictFileInteractability: false, timeouts: {implicit: 0, pageLoad: 300000, script: 30000}, unhandledPromptBehavior: dismiss and notify, webauthn:extension:credBlob: true, webauthn:extension:largeBlob: true, webauthn:virtualAuthenticators: true}
Session ID: ee9c2b377807fd8e3933f1bf5fda4baa

runScenario(RunCucumberTest)  Time elapsed: 68.962 s  <<< FAILURE!
org.openqa.selenium.TimeoutException: Expected condition failed: waiting for visibility of Proxy element for: DefaultElementLocator 'By.xpath: //h1[contains(text(),'Choose Trade Option')]' (tried for 20 second(s) with 500 milliseconds interval)
Caused by: org.openqa.selenium.NoSuchElementException: 
no such element: Unable to locate element: {"method":"xpath","selector":"//h1[contains(text(),'Choose Trade Option')]"}
  (Session info: chrome=105.0.5195.125)
For documentation on this error, please visit: https://selenium.dev/exceptions/#no_such_element
Build info: version: '4.4.0', revision: 'e5c75ed026a'
System info: host: 'SF-LAP-412.local', ip: 'fe80:0:0:0:eb:c8fe:5a40:5798%en0', os.name: 'Mac OS X', os.arch: 'aarch64', os.version: '12.6', java.version: '18.0.2.1'
Driver info: org.openqa.selenium.chrome.ChromeDriver
Command: [be97898831641d8e5733046a713ffffb, findElement {using=xpath, value=//h1[contains(text(),'Choose Trade Option')]}]
Capabilities {acceptInsecureCerts: false, browserName: chrome, browserVersion: 105.0.5195.125, chrome: {chromedriverVersion: 105.0.5195.52 (412c95e51883..., userDataDir: /var/folders/th/f4yf398x0lb...}, goog:chromeOptions: {debuggerAddress: localhost:57983}, networkConnectionEnabled: false, pageLoadStrategy: normal, platformName: MAC, proxy: Proxy(), se:cdp: ws://localhost:57983/devtoo..., se:cdpVersion: 105.0.5195.125, setWindowRect: true, strictFileInteractability: false, timeouts: {implicit: 0, pageLoad: 300000, script: 30000}, unhandledPromptBehavior: dismiss and notify, webauthn:extension:credBlob: true, webauthn:extension:largeBlob: true, webauthn:virtualAuthenticators: true}
Session ID: be97898831641d8e5733046a713ffffb

runScenario(RunCucumberTest)  Time elapsed: 68.602 s  <<< FAILURE!
org.openqa.selenium.TimeoutException: Expected condition failed: waiting for visibility of Proxy element for: DefaultElementLocator 'By.xpath: //h1[contains(text(),'Choose Trade Option')]' (tried for 20 second(s) with 500 milliseconds interval)
Caused by: org.openqa.selenium.NoSuchElementException: 
no such element: Unable to locate element: {"method":"xpath","selector":"//h1[contains(text(),'Choose Trade Option')]"}
  (Session info: chrome=105.0.5195.125)
For documentation on this error, please visit: https://selenium.dev/exceptions/#no_such_element
Build info: version: '4.4.0', revision: 'e5c75ed026a'
System info: host: 'SF-LAP-412.local', ip: 'fe80:0:0:0:eb:c8fe:5a40:5798%en0', os.name: 'Mac OS X', os.arch: 'aarch64', os.version: '12.6', java.version: '18.0.2.1'
Driver info: org.openqa.selenium.chrome.ChromeDriver
Command: [1c6e08b5950cdec4b55061b9d7fee6ea, findElement {using=xpath, value=//h1[contains(text(),'Choose Trade Option')]}]
Capabilities {acceptInsecureCerts: false, browserName: chrome, browserVersion: 105.0.5195.125, chrome: {chromedriverVersion: 105.0.5195.52 (412c95e51883..., userDataDir: /var/folders/th/f4yf398x0lb...}, goog:chromeOptions: {debuggerAddress: localhost:58316}, networkConnectionEnabled: false, pageLoadStrategy: normal, platformName: MAC, proxy: Proxy(), se:cdp: ws://localhost:58316/devtoo..., se:cdpVersion: 105.0.5195.125, setWindowRect: true, strictFileInteractability: false, timeouts: {implicit: 0, pageLoad: 300000, script: 30000}, unhandledPromptBehavior: dismiss and notify, webauthn:extension:credBlob: true, webauthn:extension:largeBlob: true, webauthn:virtualAuthenticators: true}
Session ID: 1c6e08b5950cdec4b55061b9d7fee6ea

runScenario(RunCucumberTest)  Time elapsed: 72.959 s  <<< FAILURE!
org.openqa.selenium.TimeoutException: Expected condition failed: waiting for visibility of Proxy element for: DefaultElementLocator 'By.xpath: //h1[contains(text(),'Choose Trade Option')]' (tried for 20 second(s) with 500 milliseconds interval)
Caused by: org.openqa.selenium.NoSuchElementException: 
no such element: Unable to locate element: {"method":"xpath","selector":"//h1[contains(text(),'Choose Trade Option')]"}
  (Session info: chrome=105.0.5195.125)
For documentation on this error, please visit: https://selenium.dev/exceptions/#no_such_element
Build info: version: '4.4.0', revision: 'e5c75ed026a'
System info: host: 'SF-LAP-412.local', ip: 'fe80:0:0:0:eb:c8fe:5a40:5798%en0', os.name: 'Mac OS X', os.arch: 'aarch64', os.version: '12.6', java.version: '18.0.2.1'
Driver info: org.openqa.selenium.chrome.ChromeDriver
Command: [880cec60260ec2dfd30ff62946babe60, findElement {using=xpath, value=//h1[contains(text(),'Choose Trade Option')]}]
Capabilities {acceptInsecureCerts: false, browserName: chrome, browserVersion: 105.0.5195.125, chrome: {chromedriverVersion: 105.0.5195.52 (412c95e51883..., userDataDir: /var/folders/th/f4yf398x0lb...}, goog:chromeOptions: {debuggerAddress: localhost:58658}, networkConnectionEnabled: false, pageLoadStrategy: normal, platformName: MAC, proxy: Proxy(), se:cdp: ws://localhost:58658/devtoo..., se:cdpVersion: 105.0.5195.125, setWindowRect: true, strictFileInteractability: false, timeouts: {implicit: 0, pageLoad: 300000, script: 30000}, unhandledPromptBehavior: dismiss and notify, webauthn:extension:credBlob: true, webauthn:extension:largeBlob: true, webauthn:virtualAuthenticators: true}
Session ID: 880cec60260ec2dfd30ff62946babe60

runScenario(RunCucumberTest)  Time elapsed: 69.63 s  <<< FAILURE!
org.openqa.selenium.TimeoutException: Expected condition failed: waiting for visibility of Proxy element for: DefaultElementLocator 'By.xpath: //h1[contains(text(),'Choose Trade Option')]' (tried for 20 second(s) with 500 milliseconds interval)
Caused by: org.openqa.selenium.NoSuchElementException: 
no such element: Unable to locate element: {"method":"xpath","selector":"//h1[contains(text(),'Choose Trade Option')]"}
  (Session info: chrome=105.0.5195.125)
For documentation on this error, please visit: https://selenium.dev/exceptions/#no_such_element
Build info: version: '4.4.0', revision: 'e5c75ed026a'
System info: host: 'SF-LAP-412.local', ip: 'fe80:0:0:0:eb:c8fe:5a40:5798%en0', os.name: 'Mac OS X', os.arch: 'aarch64', os.version: '12.6', java.version: '18.0.2.1'
Driver info: org.openqa.selenium.chrome.ChromeDriver
Command: [294805cc1f65f774272a5f32358f2c05, findElement {using=xpath, value=//h1[contains(text(),'Choose Trade Option')]}]
Capabilities {acceptInsecureCerts: false, browserName: chrome, browserVersion: 105.0.5195.125, chrome: {chromedriverVersion: 105.0.5195.52 (412c95e51883..., userDataDir: /var/folders/th/f4yf398x0lb...}, goog:chromeOptions: {debuggerAddress: localhost:59023}, networkConnectionEnabled: false, pageLoadStrategy: normal, platformName: MAC, proxy: Proxy(), se:cdp: ws://localhost:59023/devtoo..., se:cdpVersion: 105.0.5195.125, setWindowRect: true, strictFileInteractability: false, timeouts: {implicit: 0, pageLoad: 300000, script: 30000}, unhandledPromptBehavior: dismiss and notify, webauthn:extension:credBlob: true, webauthn:extension:largeBlob: true, webauthn:virtualAuthenticators: true}
Session ID: 294805cc1f65f774272a5f32358f2c05

runScenario(RunCucumberTest)  Time elapsed: 38.698 s  <<< FAILURE!
org.openqa.selenium.TimeoutException: 
timeout: Timed out receiving message from renderer: 15.409
  (Session info: chrome=105.0.5195.125)
Build info: version: '4.4.0', revision: 'e5c75ed026a'
System info: host: 'SF-LAP-412.local', ip: 'fe80:0:0:0:eb:c8fe:5a40:5798%en0', os.name: 'Mac OS X', os.arch: 'aarch64', os.version: '12.6', java.version: '18.0.2.1'
Driver info: org.openqa.selenium.chrome.ChromeDriver
Command: [4ca66997b782c3ebd6c434d7104ca88a, get {url=https://bank-upgrade.beta.carsaver.com}]
Capabilities {acceptInsecureCerts: false, browserName: chrome, browserVersion: 105.0.5195.125, chrome: {chromedriverVersion: 105.0.5195.52 (412c95e51883..., userDataDir: /var/folders/th/f4yf398x0lb...}, goog:chromeOptions: {debuggerAddress: localhost:59364}, networkConnectionEnabled: false, pageLoadStrategy: normal, platformName: MAC, proxy: Proxy(), se:cdp: ws://localhost:59364/devtoo..., se:cdpVersion: 105.0.5195.125, setWindowRect: true, strictFileInteractability: false, timeouts: {implicit: 0, pageLoad: 300000, script: 30000}, unhandledPromptBehavior: dismiss and notify, webauthn:extension:credBlob: true, webauthn:extension:largeBlob: true, webauthn:virtualAuthenticators: true}
Session ID: 4ca66997b782c3ebd6c434d7104ca88a

runScenario(RunCucumberTest)  Time elapsed: 69.312 s  <<< FAILURE!
org.openqa.selenium.TimeoutException: Expected condition failed: waiting for visibility of Proxy element for: DefaultElementLocator 'By.xpath: //h1[contains(text(),'Choose Trade Option')]' (tried for 20 second(s) with 500 milliseconds interval)
Caused by: org.openqa.selenium.NoSuchElementException: 
no such element: Unable to locate element: {"method":"xpath","selector":"//h1[contains(text(),'Choose Trade Option')]"}
  (Session info: chrome=105.0.5195.125)
For documentation on this error, please visit: https://selenium.dev/exceptions/#no_such_element
Build info: version: '4.4.0', revision: 'e5c75ed026a'
System info: host: 'SF-LAP-412.local', ip: 'fe80:0:0:0:eb:c8fe:5a40:5798%en0', os.name: 'Mac OS X', os.arch: 'aarch64', os.version: '12.6', java.version: '18.0.2.1'
Driver info: org.openqa.selenium.chrome.ChromeDriver
Command: [f28d284fea451a4ac230d6682878fae8, findElement {using=xpath, value=//h1[contains(text(),'Choose Trade Option')]}]
Capabilities {acceptInsecureCerts: false, browserName: chrome, browserVersion: 105.0.5195.125, chrome: {chromedriverVersion: 105.0.5195.52 (412c95e51883..., userDataDir: /var/folders/th/f4yf398x0lb...}, goog:chromeOptions: {debuggerAddress: localhost:59631}, networkConnectionEnabled: false, pageLoadStrategy: normal, platformName: MAC, proxy: Proxy(), se:cdp: ws://localhost:59631/devtoo..., se:cdpVersion: 105.0.5195.125, setWindowRect: true, strictFileInteractability: false, timeouts: {implicit: 0, pageLoad: 300000, script: 30000}, unhandledPromptBehavior: dismiss and notify, webauthn:extension:credBlob: true, webauthn:extension:largeBlob: true, webauthn:virtualAuthenticators: true}
Session ID: f28d284fea451a4ac230d6682878fae8

runScenario(RunCucumberTest)  Time elapsed: 69.418 s  <<< FAILURE!
org.openqa.selenium.TimeoutException: Expected condition failed: waiting for visibility of Proxy element for: DefaultElementLocator 'By.xpath: //h1[contains(text(),'Choose Trade Option')]' (tried for 20 second(s) with 500 milliseconds interval)
Caused by: org.openqa.selenium.NoSuchElementException: 
no such element: Unable to locate element: {"method":"xpath","selector":"//h1[contains(text(),'Choose Trade Option')]"}
  (Session info: chrome=105.0.5195.125)
For documentation on this error, please visit: https://selenium.dev/exceptions/#no_such_element
Build info: version: '4.4.0', revision: 'e5c75ed026a'
System info: host: 'SF-LAP-412.local', ip: 'fe80:0:0:0:eb:c8fe:5a40:5798%en0', os.name: 'Mac OS X', os.arch: 'aarch64', os.version: '12.6', java.version: '18.0.2.1'
Driver info: org.openqa.selenium.chrome.ChromeDriver
Command: [c052337da4ac3a887645d3e4c47714f3, findElement {using=xpath, value=//h1[contains(text(),'Choose Trade Option')]}]
Capabilities {acceptInsecureCerts: false, browserName: chrome, browserVersion: 105.0.5195.125, chrome: {chromedriverVersion: 105.0.5195.52 (412c95e51883..., userDataDir: /var/folders/th/f4yf398x0lb...}, goog:chromeOptions: {debuggerAddress: localhost:59976}, networkConnectionEnabled: false, pageLoadStrategy: normal, platformName: MAC, proxy: Proxy(), se:cdp: ws://localhost:59976/devtoo..., se:cdpVersion: 105.0.5195.125, setWindowRect: true, strictFileInteractability: false, timeouts: {implicit: 0, pageLoad: 300000, script: 30000}, unhandledPromptBehavior: dismiss and notify, webauthn:extension:credBlob: true, webauthn:extension:largeBlob: true, webauthn:virtualAuthenticators: true}
Session ID: c052337da4ac3a887645d3e4c47714f3

runScenario(RunCucumberTest)  Time elapsed: 41.241 s  <<< FAILURE!
org.openqa.selenium.NoSuchElementException: 
no such element: Unable to locate element: {"method":"xpath","selector":"//div[@class='menu-popover']//span[text()='My Garage']"}
  (Session info: chrome=105.0.5195.125)
For documentation on this error, please visit: https://selenium.dev/exceptions/#no_such_element
Build info: version: '4.4.0', revision: 'e5c75ed026a'
System info: host: 'SF-LAP-412.local', ip: 'fe80:0:0:0:eb:c8fe:5a40:5798%en0', os.name: 'Mac OS X', os.arch: 'aarch64', os.version: '12.6', java.version: '18.0.2.1'
Driver info: org.openqa.selenium.chrome.ChromeDriver
Command: [4ca4bf8670bc929f5fa00453b00c9641, findElement {using=xpath, value=//div[@class='menu-popover']//span[text()='My Garage']}]
Capabilities {acceptInsecureCerts: false, browserName: chrome, browserVersion: 105.0.5195.125, chrome: {chromedriverVersion: 105.0.5195.52 (412c95e51883..., userDataDir: /var/folders/th/f4yf398x0lb...}, goog:chromeOptions: {debuggerAddress: localhost:60357}, networkConnectionEnabled: false, pageLoadStrategy: normal, platformName: MAC, proxy: Proxy(), se:cdp: ws://localhost:60357/devtoo..., se:cdpVersion: 105.0.5195.125, setWindowRect: true, strictFileInteractability: false, timeouts: {implicit: 0, pageLoad: 300000, script: 30000}, unhandledPromptBehavior: dismiss and notify, webauthn:extension:credBlob: true, webauthn:extension:largeBlob: true, webauthn:virtualAuthenticators: true}
Session ID: 4ca4bf8670bc929f5fa00453b00c9641

runScenario(RunCucumberTest)  Time elapsed: 26.613 s  <<< FAILURE!
java.lang.AssertionError: expected [Welcome Back!] but found [Enter your PIN to get started.]

runScenario(RunCucumberTest)  Time elapsed: 42.064 s  <<< FAILURE!
org.openqa.selenium.NoSuchElementException: 
no such element: Unable to locate element: {"method":"xpath","selector":"//a[@class='menu-link']//span[text()='Insure']"}
  (Session info: chrome=105.0.5195.125)
For documentation on this error, please visit: https://selenium.dev/exceptions/#no_such_element
Build info: version: '4.4.0', revision: 'e5c75ed026a'
System info: host: 'SF-LAP-412.local', ip: 'fe80:0:0:0:eb:c8fe:5a40:5798%en0', os.name: 'Mac OS X', os.arch: 'aarch64', os.version: '12.6', java.version: '18.0.2.1'
Driver info: org.openqa.selenium.chrome.ChromeDriver
Command: [05099ca508d5c0c05331548ff7b9b430, findElement {using=xpath, value=//a[@class='menu-link']//span[text()='Insure']}]
Capabilities {acceptInsecureCerts: false, browserName: chrome, browserVersion: 105.0.5195.125, chrome: {chromedriverVersion: 105.0.5195.52 (412c95e51883..., userDataDir: /var/folders/th/f4yf398x0lb...}, goog:chromeOptions: {debuggerAddress: localhost:60974}, networkConnectionEnabled: false, pageLoadStrategy: normal, platformName: MAC, proxy: Proxy(), se:cdp: ws://localhost:60974/devtoo..., se:cdpVersion: 105.0.5195.125, setWindowRect: true, strictFileInteractability: false, timeouts: {implicit: 0, pageLoad: 300000, script: 30000}, unhandledPromptBehavior: dismiss and notify, webauthn:extension:credBlob: true, webauthn:extension:largeBlob: true, webauthn:virtualAuthenticators: true}
Session ID: 05099ca508d5c0c05331548ff7b9b430

runScenario(RunCucumberTest)  Time elapsed: 69.456 s  <<< FAILURE!
org.openqa.selenium.TimeoutException: Expected condition failed: waiting for visibility of Proxy element for: DefaultElementLocator 'By.xpath: //h1[contains(text(),'Choose Trade Option')]' (tried for 20 second(s) with 500 milliseconds interval)
Caused by: org.openqa.selenium.NoSuchElementException: 
no such element: Unable to locate element: {"method":"xpath","selector":"//h1[contains(text(),'Choose Trade Option')]"}
  (Session info: chrome=105.0.5195.125)
For documentation on this error, please visit: https://selenium.dev/exceptions/#no_such_element
Build info: version: '4.4.0', revision: 'e5c75ed026a'
System info: host: 'SF-LAP-412.local', ip: 'fe80:0:0:0:eb:c8fe:5a40:5798%en0', os.name: 'Mac OS X', os.arch: 'aarch64', os.version: '12.6', java.version: '18.0.2.1'
Driver info: org.openqa.selenium.chrome.ChromeDriver
Command: [5ff30cd561149e186eaade12e1a576ce, findElement {using=xpath, value=//h1[contains(text(),'Choose Trade Option')]}]
Capabilities {acceptInsecureCerts: false, browserName: chrome, browserVersion: 105.0.5195.125, chrome: {chromedriverVersion: 105.0.5195.52 (412c95e51883..., userDataDir: /var/folders/th/f4yf398x0lb...}, goog:chromeOptions: {debuggerAddress: localhost:61194}, networkConnectionEnabled: false, pageLoadStrategy: normal, platformName: MAC, proxy: Proxy(), se:cdp: ws://localhost:61194/devtoo..., se:cdpVersion: 105.0.5195.125, setWindowRect: true, strictFileInteractability: false, timeouts: {implicit: 0, pageLoad: 300000, script: 30000}, unhandledPromptBehavior: dismiss and notify, webauthn:extension:credBlob: true, webauthn:extension:largeBlob: true, webauthn:virtualAuthenticators: true}
Session ID: 5ff30cd561149e186eaade12e1a576ce

runScenario(RunCucumberTest)  Time elapsed: 68.396 s  <<< FAILURE!
org.openqa.selenium.TimeoutException: Expected condition failed: waiting for visibility of Proxy element for: DefaultElementLocator 'By.xpath: //h1[contains(text(),'Choose Trade Option')]' (tried for 20 second(s) with 500 milliseconds interval)
Caused by: org.openqa.selenium.NoSuchElementException: 
no such element: Unable to locate element: {"method":"xpath","selector":"//h1[contains(text(),'Choose Trade Option')]"}
  (Session info: chrome=105.0.5195.125)
For documentation on this error, please visit: https://selenium.dev/exceptions/#no_such_element
Build info: version: '4.4.0', revision: 'e5c75ed026a'
System info: host: 'SF-LAP-412.local', ip: 'fe80:0:0:0:eb:c8fe:5a40:5798%en0', os.name: 'Mac OS X', os.arch: 'aarch64', os.version: '12.6', java.version: '18.0.2.1'
Driver info: org.openqa.selenium.chrome.ChromeDriver
Command: [d47012ae84fabe51b52293901de549a4, findElement {using=xpath, value=//h1[contains(text(),'Choose Trade Option')]}]
Capabilities {acceptInsecureCerts: false, browserName: chrome, browserVersion: 105.0.5195.125, chrome: {chromedriverVersion: 105.0.5195.52 (412c95e51883..., userDataDir: /var/folders/th/f4yf398x0lb...}, goog:chromeOptions: {debuggerAddress: localhost:61530}, networkConnectionEnabled: false, pageLoadStrategy: normal, platformName: MAC, proxy: Proxy(), se:cdp: ws://localhost:61530/devtoo..., se:cdpVersion: 105.0.5195.125, setWindowRect: true, strictFileInteractability: false, timeouts: {implicit: 0, pageLoad: 300000, script: 30000}, unhandledPromptBehavior: dismiss and notify, webauthn:extension:credBlob: true, webauthn:extension:largeBlob: true, webauthn:virtualAuthenticators: true}
Session ID: d47012ae84fabe51b52293901de549a4

runScenario(RunCucumberTest)  Time elapsed: 68.484 s  <<< FAILURE!
org.openqa.selenium.TimeoutException: Expected condition failed: waiting for visibility of Proxy element for: DefaultElementLocator 'By.xpath: //h1[contains(text(),'Choose Trade Option')]' (tried for 20 second(s) with 500 milliseconds interval)
Caused by: org.openqa.selenium.NoSuchElementException: 
no such element: Unable to locate element: {"method":"xpath","selector":"//h1[contains(text(),'Choose Trade Option')]"}
  (Session info: chrome=105.0.5195.125)
For documentation on this error, please visit: https://selenium.dev/exceptions/#no_such_element
Build info: version: '4.4.0', revision: 'e5c75ed026a'
System info: host: 'SF-LAP-412.local', ip: 'fe80:0:0:0:eb:c8fe:5a40:5798%en0', os.name: 'Mac OS X', os.arch: 'aarch64', os.version: '12.6', java.version: '18.0.2.1'
Driver info: org.openqa.selenium.chrome.ChromeDriver
Command: [ed55aa488eb390fa8619493d71f1ecca, findElement {using=xpath, value=//h1[contains(text(),'Choose Trade Option')]}]
Capabilities {acceptInsecureCerts: false, browserName: chrome, browserVersion: 105.0.5195.125, chrome: {chromedriverVersion: 105.0.5195.52 (412c95e51883..., userDataDir: /var/folders/th/f4yf398x0lb...}, goog:chromeOptions: {debuggerAddress: localhost:61863}, networkConnectionEnabled: false, pageLoadStrategy: normal, platformName: MAC, proxy: Proxy(), se:cdp: ws://localhost:61863/devtoo..., se:cdpVersion: 105.0.5195.125, setWindowRect: true, strictFileInteractability: false, timeouts: {implicit: 0, pageLoad: 300000, script: 30000}, unhandledPromptBehavior: dismiss and notify, webauthn:extension:credBlob: true, webauthn:extension:largeBlob: true, webauthn:virtualAuthenticators: true}
Session ID: ed55aa488eb390fa8619493d71f1ecca

runScenario(RunCucumberTest)  Time elapsed: 68.334 s  <<< FAILURE!
org.openqa.selenium.TimeoutException: Expected condition failed: waiting for visibility of Proxy element for: DefaultElementLocator 'By.xpath: //h1[contains(text(),'Choose Trade Option')]' (tried for 20 second(s) with 500 milliseconds interval)
Caused by: org.openqa.selenium.NoSuchElementException: 
no such element: Unable to locate element: {"method":"xpath","selector":"//h1[contains(text(),'Choose Trade Option')]"}
  (Session info: chrome=105.0.5195.125)
For documentation on this error, please visit: https://selenium.dev/exceptions/#no_such_element
Build info: version: '4.4.0', revision: 'e5c75ed026a'
System info: host: 'SF-LAP-412.local', ip: 'fe80:0:0:0:eb:c8fe:5a40:5798%en0', os.name: 'Mac OS X', os.arch: 'aarch64', os.version: '12.6', java.version: '18.0.2.1'
Driver info: org.openqa.selenium.chrome.ChromeDriver
Command: [38093ad5837c636ab125e31bba671e21, findElement {using=xpath, value=//h1[contains(text(),'Choose Trade Option')]}]
Capabilities {acceptInsecureCerts: false, browserName: chrome, browserVersion: 105.0.5195.125, chrome: {chromedriverVersion: 105.0.5195.52 (412c95e51883..., userDataDir: /var/folders/th/f4yf398x0lb...}, goog:chromeOptions: {debuggerAddress: localhost:62200}, networkConnectionEnabled: false, pageLoadStrategy: normal, platformName: MAC, proxy: Proxy(), se:cdp: ws://localhost:62200/devtoo..., se:cdpVersion: 105.0.5195.125, setWindowRect: true, strictFileInteractability: false, timeouts: {implicit: 0, pageLoad: 300000, script: 30000}, unhandledPromptBehavior: dismiss and notify, webauthn:extension:credBlob: true, webauthn:extension:largeBlob: true, webauthn:virtualAuthenticators: true}
Session ID: 38093ad5837c636ab125e31bba671e21

runScenario(RunCucumberTest)  Time elapsed: 68.7 s  <<< FAILURE!
org.openqa.selenium.TimeoutException: Expected condition failed: waiting for visibility of Proxy element for: DefaultElementLocator 'By.xpath: //h1[contains(text(),'Choose Trade Option')]' (tried for 20 second(s) with 500 milliseconds interval)
Caused by: org.openqa.selenium.NoSuchElementException: 
no such element: Unable to locate element: {"method":"xpath","selector":"//h1[contains(text(),'Choose Trade Option')]"}
  (Session info: chrome=105.0.5195.125)
For documentation on this error, please visit: https://selenium.dev/exceptions/#no_such_element
Build info: version: '4.4.0', revision: 'e5c75ed026a'
System info: host: 'SF-LAP-412.local', ip: 'fe80:0:0:0:eb:c8fe:5a40:5798%en0', os.name: 'Mac OS X', os.arch: 'aarch64', os.version: '12.6', java.version: '18.0.2.1'
Driver info: org.openqa.selenium.chrome.ChromeDriver
Command: [bca424f7fb02f21083d737917d051204, findElement {using=xpath, value=//h1[contains(text(),'Choose Trade Option')]}]
Capabilities {acceptInsecureCerts: false, browserName: chrome, browserVersion: 105.0.5195.125, chrome: {chromedriverVersion: 105.0.5195.52 (412c95e51883..., userDataDir: /var/folders/th/f4yf398x0lb...}, goog:chromeOptions: {debuggerAddress: localhost:62537}, networkConnectionEnabled: false, pageLoadStrategy: normal, platformName: MAC, proxy: Proxy(), se:cdp: ws://localhost:62537/devtoo..., se:cdpVersion: 105.0.5195.125, setWindowRect: true, strictFileInteractability: false, timeouts: {implicit: 0, pageLoad: 300000, script: 30000}, unhandledPromptBehavior: dismiss and notify, webauthn:extension:credBlob: true, webauthn:extension:largeBlob: true, webauthn:virtualAuthenticators: true}
Session ID: bca424f7fb02f21083d737917d051204

runScenario(RunCucumberTest)  Time elapsed: 69.105 s  <<< FAILURE!
org.openqa.selenium.TimeoutException: Expected condition failed: waiting for visibility of Proxy element for: DefaultElementLocator 'By.xpath: //h1[contains(text(),'Choose Trade Option')]' (tried for 20 second(s) with 500 milliseconds interval)
Caused by: org.openqa.selenium.NoSuchElementException: 
no such element: Unable to locate element: {"method":"xpath","selector":"//h1[contains(text(),'Choose Trade Option')]"}
  (Session info: chrome=105.0.5195.125)
For documentation on this error, please visit: https://selenium.dev/exceptions/#no_such_element
Build info: version: '4.4.0', revision: 'e5c75ed026a'
System info: host: 'SF-LAP-412.local', ip: 'fe80:0:0:0:eb:c8fe:5a40:5798%en0', os.name: 'Mac OS X', os.arch: 'aarch64', os.version: '12.6', java.version: '18.0.2.1'
Driver info: org.openqa.selenium.chrome.ChromeDriver
Command: [27b9b10357789670a2244feb42d743c6, findElement {using=xpath, value=//h1[contains(text(),'Choose Trade Option')]}]
Capabilities {acceptInsecureCerts: false, browserName: chrome, browserVersion: 105.0.5195.125, chrome: {chromedriverVersion: 105.0.5195.52 (412c95e51883..., userDataDir: /var/folders/th/f4yf398x0lb...}, goog:chromeOptions: {debuggerAddress: localhost:62871}, networkConnectionEnabled: false, pageLoadStrategy: normal, platformName: MAC, proxy: Proxy(), se:cdp: ws://localhost:62871/devtoo..., se:cdpVersion: 105.0.5195.125, setWindowRect: true, strictFileInteractability: false, timeouts: {implicit: 0, pageLoad: 300000, script: 30000}, unhandledPromptBehavior: dismiss and notify, webauthn:extension:credBlob: true, webauthn:extension:largeBlob: true, webauthn:virtualAuthenticators: true}
Session ID: 27b9b10357789670a2244feb42d743c6

runScenario(RunCucumberTest)  Time elapsed: 70.009 s  <<< FAILURE!
org.openqa.selenium.TimeoutException: Expected condition failed: waiting for visibility of Proxy element for: DefaultElementLocator 'By.xpath: //h1[contains(text(),'Choose Trade Option')]' (tried for 20 second(s) with 500 milliseconds interval)
Caused by: org.openqa.selenium.NoSuchElementException: 
no such element: Unable to locate element: {"method":"xpath","selector":"//h1[contains(text(),'Choose Trade Option')]"}
  (Session info: chrome=105.0.5195.125)
For documentation on this error, please visit: https://selenium.dev/exceptions/#no_such_element
Build info: version: '4.4.0', revision: 'e5c75ed026a'
System info: host: 'SF-LAP-412.local', ip: 'fe80:0:0:0:eb:c8fe:5a40:5798%en0', os.name: 'Mac OS X', os.arch: 'aarch64', os.version: '12.6', java.version: '18.0.2.1'
Driver info: org.openqa.selenium.chrome.ChromeDriver
Command: [64b63b5adfd0f6f7e456ce0297348ca1, findElement {using=xpath, value=//h1[contains(text(),'Choose Trade Option')]}]
Capabilities {acceptInsecureCerts: false, browserName: chrome, browserVersion: 105.0.5195.125, chrome: {chromedriverVersion: 105.0.5195.52 (412c95e51883..., userDataDir: /var/folders/th/f4yf398x0lb...}, goog:chromeOptions: {debuggerAddress: localhost:63202}, networkConnectionEnabled: false, pageLoadStrategy: normal, platformName: MAC, proxy: Proxy(), se:cdp: ws://localhost:63202/devtoo..., se:cdpVersion: 105.0.5195.125, setWindowRect: true, strictFileInteractability: false, timeouts: {implicit: 0, pageLoad: 300000, script: 30000}, unhandledPromptBehavior: dismiss and notify, webauthn:extension:credBlob: true, webauthn:extension:largeBlob: true, webauthn:virtualAuthenticators: true}
Session ID: 64b63b5adfd0f6f7e456ce0297348ca1

runScenario(RunCucumberTest)  Time elapsed: 68.332 s  <<< FAILURE!
org.openqa.selenium.TimeoutException: Expected condition failed: waiting for visibility of Proxy element for: DefaultElementLocator 'By.xpath: //h1[contains(text(),'Choose Trade Option')]' (tried for 20 second(s) with 500 milliseconds interval)
Caused by: org.openqa.selenium.NoSuchElementException: 
no such element: Unable to locate element: {"method":"xpath","selector":"//h1[contains(text(),'Choose Trade Option')]"}
  (Session info: chrome=105.0.5195.125)
For documentation on this error, please visit: https://selenium.dev/exceptions/#no_such_element
Build info: version: '4.4.0', revision: 'e5c75ed026a'
System info: host: 'SF-LAP-412.local', ip: 'fe80:0:0:0:eb:c8fe:5a40:5798%en0', os.name: 'Mac OS X', os.arch: 'aarch64', os.version: '12.6', java.version: '18.0.2.1'
Driver info: org.openqa.selenium.chrome.ChromeDriver
Command: [796e56beada685303091e0f68a282ce1, findElement {using=xpath, value=//h1[contains(text(),'Choose Trade Option')]}]
Capabilities {acceptInsecureCerts: false, browserName: chrome, browserVersion: 105.0.5195.125, chrome: {chromedriverVersion: 105.0.5195.52 (412c95e51883..., userDataDir: /var/folders/th/f4yf398x0lb...}, goog:chromeOptions: {debuggerAddress: localhost:63545}, networkConnectionEnabled: false, pageLoadStrategy: normal, platformName: MAC, proxy: Proxy(), se:cdp: ws://localhost:63545/devtoo..., se:cdpVersion: 105.0.5195.125, setWindowRect: true, strictFileInteractability: false, timeouts: {implicit: 0, pageLoad: 300000, script: 30000}, unhandledPromptBehavior: dismiss and notify, webauthn:extension:credBlob: true, webauthn:extension:largeBlob: true, webauthn:virtualAuthenticators: true}
Session ID: 796e56beada685303091e0f68a282ce1

runScenario(RunCucumberTest)  Time elapsed: 69.169 s  <<< FAILURE!
org.openqa.selenium.TimeoutException: Expected condition failed: waiting for visibility of Proxy element for: DefaultElementLocator 'By.xpath: //h1[contains(text(),'Choose Trade Option')]' (tried for 20 second(s) with 500 milliseconds interval)
Caused by: org.openqa.selenium.NoSuchElementException: 
no such element: Unable to locate element: {"method":"xpath","selector":"//h1[contains(text(),'Choose Trade Option')]"}
  (Session info: chrome=105.0.5195.125)
For documentation on this error, please visit: https://selenium.dev/exceptions/#no_such_element
Build info: version: '4.4.0', revision: 'e5c75ed026a'
System info: host: 'SF-LAP-412.local', ip: 'fe80:0:0:0:eb:c8fe:5a40:5798%en0', os.name: 'Mac OS X', os.arch: 'aarch64', os.version: '12.6', java.version: '18.0.2.1'
Driver info: org.openqa.selenium.chrome.ChromeDriver
Command: [2b28271a5895230775e25f77daaaada4, findElement {using=xpath, value=//h1[contains(text(),'Choose Trade Option')]}]
Capabilities {acceptInsecureCerts: false, browserName: chrome, browserVersion: 105.0.5195.125, chrome: {chromedriverVersion: 105.0.5195.52 (412c95e51883..., userDataDir: /var/folders/th/f4yf398x0lb...}, goog:chromeOptions: {debuggerAddress: localhost:63874}, networkConnectionEnabled: false, pageLoadStrategy: normal, platformName: MAC, proxy: Proxy(), se:cdp: ws://localhost:63874/devtoo..., se:cdpVersion: 105.0.5195.125, setWindowRect: true, strictFileInteractability: false, timeouts: {implicit: 0, pageLoad: 300000, script: 30000}, unhandledPromptBehavior: dismiss and notify, webauthn:extension:credBlob: true, webauthn:extension:largeBlob: true, webauthn:virtualAuthenticators: true}
Session ID: 2b28271a5895230775e25f77daaaada4

runScenario(RunCucumberTest)  Time elapsed: 68.618 s  <<< FAILURE!
org.openqa.selenium.TimeoutException: Expected condition failed: waiting for visibility of Proxy element for: DefaultElementLocator 'By.xpath: //h1[contains(text(),'Choose Trade Option')]' (tried for 20 second(s) with 500 milliseconds interval)
Caused by: org.openqa.selenium.NoSuchElementException: 
no such element: Unable to locate element: {"method":"xpath","selector":"//h1[contains(text(),'Choose Trade Option')]"}
  (Session info: chrome=105.0.5195.125)
For documentation on this error, please visit: https://selenium.dev/exceptions/#no_such_element
Build info: version: '4.4.0', revision: 'e5c75ed026a'
System info: host: 'SF-LAP-412.local', ip: 'fe80:0:0:0:eb:c8fe:5a40:5798%en0', os.name: 'Mac OS X', os.arch: 'aarch64', os.version: '12.6', java.version: '18.0.2.1'
Driver info: org.openqa.selenium.chrome.ChromeDriver
Command: [5486cfa6519a553e3312e1d9247d19af, findElement {using=xpath, value=//h1[contains(text(),'Choose Trade Option')]}]
Capabilities {acceptInsecureCerts: false, browserName: chrome, browserVersion: 105.0.5195.125, chrome: {chromedriverVersion: 105.0.5195.52 (412c95e51883..., userDataDir: /var/folders/th/f4yf398x0lb...}, goog:chromeOptions: {debuggerAddress: localhost:64210}, networkConnectionEnabled: false, pageLoadStrategy: normal, platformName: MAC, proxy: Proxy(), se:cdp: ws://localhost:64210/devtoo..., se:cdpVersion: 105.0.5195.125, setWindowRect: true, strictFileInteractability: false, timeouts: {implicit: 0, pageLoad: 300000, script: 30000}, unhandledPromptBehavior: dismiss and notify, webauthn:extension:credBlob: true, webauthn:extension:largeBlob: true, webauthn:virtualAuthenticators: true}
Session ID: 5486cfa6519a553e3312e1d9247d19af

runScenario(RunCucumberTest)  Time elapsed: 68.925 s  <<< FAILURE!
org.openqa.selenium.TimeoutException: Expected condition failed: waiting for visibility of Proxy element for: DefaultElementLocator 'By.xpath: //h1[contains(text(),'Choose Trade Option')]' (tried for 20 second(s) with 500 milliseconds interval)
Caused by: org.openqa.selenium.NoSuchElementException: 
no such element: Unable to locate element: {"method":"xpath","selector":"//h1[contains(text(),'Choose Trade Option')]"}
  (Session info: chrome=105.0.5195.125)
For documentation on this error, please visit: https://selenium.dev/exceptions/#no_such_element
Build info: version: '4.4.0', revision: 'e5c75ed026a'
System info: host: 'SF-LAP-412.local', ip: 'fe80:0:0:0:eb:c8fe:5a40:5798%en0', os.name: 'Mac OS X', os.arch: 'aarch64', os.version: '12.6', java.version: '18.0.2.1'
Driver info: org.openqa.selenium.chrome.ChromeDriver
Command: [0ebaf73979da6cdd3723bfe8353082dc, findElement {using=xpath, value=//h1[contains(text(),'Choose Trade Option')]}]
Capabilities {acceptInsecureCerts: false, browserName: chrome, browserVersion: 105.0.5195.125, chrome: {chromedriverVersion: 105.0.5195.52 (412c95e51883..., userDataDir: /var/folders/th/f4yf398x0lb...}, goog:chromeOptions: {debuggerAddress: localhost:64544}, networkConnectionEnabled: false, pageLoadStrategy: normal, platformName: MAC, proxy: Proxy(), se:cdp: ws://localhost:64544/devtoo..., se:cdpVersion: 105.0.5195.125, setWindowRect: true, strictFileInteractability: false, timeouts: {implicit: 0, pageLoad: 300000, script: 30000}, unhandledPromptBehavior: dismiss and notify, webauthn:extension:credBlob: true, webauthn:extension:largeBlob: true, webauthn:virtualAuthenticators: true}
Session ID: 0ebaf73979da6cdd3723bfe8353082dc

runScenario(RunCucumberTest)  Time elapsed: 68.824 s  <<< FAILURE!
org.openqa.selenium.TimeoutException: Expected condition failed: waiting for visibility of Proxy element for: DefaultElementLocator 'By.xpath: //h1[contains(text(),'Choose Trade Option')]' (tried for 20 second(s) with 500 milliseconds interval)
Caused by: org.openqa.selenium.NoSuchElementException: 
no such element: Unable to locate element: {"method":"xpath","selector":"//h1[contains(text(),'Choose Trade Option')]"}
  (Session info: chrome=105.0.5195.125)
For documentation on this error, please visit: https://selenium.dev/exceptions/#no_such_element
Build info: version: '4.4.0', revision: 'e5c75ed026a'
System info: host: 'SF-LAP-412.local', ip: 'fe80:0:0:0:eb:c8fe:5a40:5798%en0', os.name: 'Mac OS X', os.arch: 'aarch64', os.version: '12.6', java.version: '18.0.2.1'
Driver info: org.openqa.selenium.chrome.ChromeDriver
Command: [3f60f56b48fc8b69d758a26dede878b9, findElement {using=xpath, value=//h1[contains(text(),'Choose Trade Option')]}]
Capabilities {acceptInsecureCerts: false, browserName: chrome, browserVersion: 105.0.5195.125, chrome: {chromedriverVersion: 105.0.5195.52 (412c95e51883..., userDataDir: /var/folders/th/f4yf398x0lb...}, goog:chromeOptions: {debuggerAddress: localhost:64874}, networkConnectionEnabled: false, pageLoadStrategy: normal, platformName: MAC, proxy: Proxy(), se:cdp: ws://localhost:64874/devtoo..., se:cdpVersion: 105.0.5195.125, setWindowRect: true, strictFileInteractability: false, timeouts: {implicit: 0, pageLoad: 300000, script: 30000}, unhandledPromptBehavior: dismiss and notify, webauthn:extension:credBlob: true, webauthn:extension:largeBlob: true, webauthn:virtualAuthenticators: true}
Session ID: 3f60f56b48fc8b69d758a26dede878b9

runScenario(RunCucumberTest)  Time elapsed: 68.955 s  <<< FAILURE!
org.openqa.selenium.TimeoutException: Expected condition failed: waiting for visibility of Proxy element for: DefaultElementLocator 'By.xpath: //h1[contains(text(),'Choose Trade Option')]' (tried for 20 second(s) with 500 milliseconds interval)
Caused by: org.openqa.selenium.NoSuchElementException: 
no such element: Unable to locate element: {"method":"xpath","selector":"//h1[contains(text(),'Choose Trade Option')]"}
  (Session info: chrome=105.0.5195.125)
For documentation on this error, please visit: https://selenium.dev/exceptions/#no_such_element
Build info: version: '4.4.0', revision: 'e5c75ed026a'
System info: host: 'SF-LAP-412.local', ip: 'fe80:0:0:0:eb:c8fe:5a40:5798%en0', os.name: 'Mac OS X', os.arch: 'aarch64', os.version: '12.6', java.version: '18.0.2.1'
Driver info: org.openqa.selenium.chrome.ChromeDriver
Command: [a93f114b88009956fd94d3775b419683, findElement {using=xpath, value=//h1[contains(text(),'Choose Trade Option')]}]
Capabilities {acceptInsecureCerts: false, browserName: chrome, browserVersion: 105.0.5195.125, chrome: {chromedriverVersion: 105.0.5195.52 (412c95e51883..., userDataDir: /var/folders/th/f4yf398x0lb...}, goog:chromeOptions: {debuggerAddress: localhost:65216}, networkConnectionEnabled: false, pageLoadStrategy: normal, platformName: MAC, proxy: Proxy(), se:cdp: ws://localhost:65216/devtoo..., se:cdpVersion: 105.0.5195.125, setWindowRect: true, strictFileInteractability: false, timeouts: {implicit: 0, pageLoad: 300000, script: 30000}, unhandledPromptBehavior: dismiss and notify, webauthn:extension:credBlob: true, webauthn:extension:largeBlob: true, webauthn:virtualAuthenticators: true}
Session ID: a93f114b88009956fd94d3775b419683

runScenario(RunCucumberTest)  Time elapsed: 69.217 s  <<< FAILURE!
org.openqa.selenium.TimeoutException: Expected condition failed: waiting for visibility of Proxy element for: DefaultElementLocator 'By.xpath: //h1[contains(text(),'Choose Trade Option')]' (tried for 20 second(s) with 500 milliseconds interval)
Caused by: org.openqa.selenium.NoSuchElementException: 
no such element: Unable to locate element: {"method":"xpath","selector":"//h1[contains(text(),'Choose Trade Option')]"}
  (Session info: chrome=105.0.5195.125)
For documentation on this error, please visit: https://selenium.dev/exceptions/#no_such_element
Build info: version: '4.4.0', revision: 'e5c75ed026a'
System info: host: 'SF-LAP-412.local', ip: 'fe80:0:0:0:eb:c8fe:5a40:5798%en0', os.name: 'Mac OS X', os.arch: 'aarch64', os.version: '12.6', java.version: '18.0.2.1'
Driver info: org.openqa.selenium.chrome.ChromeDriver
Command: [2fef374b0c6fca44ac7341579238c740, findElement {using=xpath, value=//h1[contains(text(),'Choose Trade Option')]}]
Capabilities {acceptInsecureCerts: false, browserName: chrome, browserVersion: 105.0.5195.125, chrome: {chromedriverVersion: 105.0.5195.52 (412c95e51883..., userDataDir: /var/folders/th/f4yf398x0lb...}, goog:chromeOptions: {debuggerAddress: localhost:49166}, networkConnectionEnabled: false, pageLoadStrategy: normal, platformName: MAC, proxy: Proxy(), se:cdp: ws://localhost:49166/devtoo..., se:cdpVersion: 105.0.5195.125, setWindowRect: true, strictFileInteractability: false, timeouts: {implicit: 0, pageLoad: 300000, script: 30000}, unhandledPromptBehavior: dismiss and notify, webauthn:extension:credBlob: true, webauthn:extension:largeBlob: true, webauthn:virtualAuthenticators: true}
Session ID: 2fef374b0c6fca44ac7341579238c740

runScenario(RunCucumberTest)  Time elapsed: 69.061 s  <<< FAILURE!
org.openqa.selenium.TimeoutException: Expected condition failed: waiting for visibility of Proxy element for: DefaultElementLocator 'By.xpath: //h1[contains(text(),'Choose Trade Option')]' (tried for 20 second(s) with 500 milliseconds interval)
Caused by: org.openqa.selenium.NoSuchElementException: 
no such element: Unable to locate element: {"method":"xpath","selector":"//h1[contains(text(),'Choose Trade Option')]"}
  (Session info: chrome=105.0.5195.125)
For documentation on this error, please visit: https://selenium.dev/exceptions/#no_such_element
Build info: version: '4.4.0', revision: 'e5c75ed026a'
System info: host: 'SF-LAP-412.local', ip: 'fe80:0:0:0:eb:c8fe:5a40:5798%en0', os.name: 'Mac OS X', os.arch: 'aarch64', os.version: '12.6', java.version: '18.0.2.1'
Driver info: org.openqa.selenium.chrome.ChromeDriver
Command: [10cb01e7887383eb0f8b6e717e71a4a5, findElement {using=xpath, value=//h1[contains(text(),'Choose Trade Option')]}]
Capabilities {acceptInsecureCerts: false, browserName: chrome, browserVersion: 105.0.5195.125, chrome: {chromedriverVersion: 105.0.5195.52 (412c95e51883..., userDataDir: /var/folders/th/f4yf398x0lb...}, goog:chromeOptions: {debuggerAddress: localhost:49509}, networkConnectionEnabled: false, pageLoadStrategy: normal, platformName: MAC, proxy: Proxy(), se:cdp: ws://localhost:49509/devtoo..., se:cdpVersion: 105.0.5195.125, setWindowRect: true, strictFileInteractability: false, timeouts: {implicit: 0, pageLoad: 300000, script: 30000}, unhandledPromptBehavior: dismiss and notify, webauthn:extension:credBlob: true, webauthn:extension:largeBlob: true, webauthn:virtualAuthenticators: true}
Session ID: 10cb01e7887383eb0f8b6e717e71a4a5

runScenario(RunCucumberTest)  Time elapsed: 68.992 s  <<< FAILURE!
org.openqa.selenium.TimeoutException: Expected condition failed: waiting for visibility of Proxy element for: DefaultElementLocator 'By.xpath: //h1//span' (tried for 20 second(s) with 500 milliseconds interval)
Caused by: org.openqa.selenium.NoSuchElementException: 
no such element: Unable to locate element: {"method":"xpath","selector":"//h1//span"}
  (Session info: chrome=105.0.5195.125)
For documentation on this error, please visit: https://selenium.dev/exceptions/#no_such_element
Build info: version: '4.4.0', revision: 'e5c75ed026a'
System info: host: 'SF-LAP-412.local', ip: 'fe80:0:0:0:eb:c8fe:5a40:5798%en0', os.name: 'Mac OS X', os.arch: 'aarch64', os.version: '12.6', java.version: '18.0.2.1'
Driver info: org.openqa.selenium.chrome.ChromeDriver
Command: [0ae84dc1b395dcdc7921202e352b2c98, findElement {using=xpath, value=//h1//span}]
Capabilities {acceptInsecureCerts: false, browserName: chrome, browserVersion: 105.0.5195.125, chrome: {chromedriverVersion: 105.0.5195.52 (412c95e51883..., userDataDir: /var/folders/th/f4yf398x0lb...}, goog:chromeOptions: {debuggerAddress: localhost:49843}, networkConnectionEnabled: false, pageLoadStrategy: normal, platformName: MAC, proxy: Proxy(), se:cdp: ws://localhost:49843/devtoo..., se:cdpVersion: 105.0.5195.125, setWindowRect: true, strictFileInteractability: false, timeouts: {implicit: 0, pageLoad: 300000, script: 30000}, unhandledPromptBehavior: dismiss and notify, webauthn:extension:credBlob: true, webauthn:extension:largeBlob: true, webauthn:virtualAuthenticators: true}
Session ID: 0ae84dc1b395dcdc7921202e352b2c98

runScenario(RunCucumberTest)  Time elapsed: 69.102 s  <<< FAILURE!
org.openqa.selenium.TimeoutException: Expected condition failed: waiting for visibility of Proxy element for: DefaultElementLocator 'By.xpath: //h1//span' (tried for 20 second(s) with 500 milliseconds interval)
Caused by: org.openqa.selenium.NoSuchElementException: 
no such element: Unable to locate element: {"method":"xpath","selector":"//h1//span"}
  (Session info: chrome=105.0.5195.125)
For documentation on this error, please visit: https://selenium.dev/exceptions/#no_such_element
Build info: version: '4.4.0', revision: 'e5c75ed026a'
System info: host: 'SF-LAP-412.local', ip: 'fe80:0:0:0:eb:c8fe:5a40:5798%en0', os.name: 'Mac OS X', os.arch: 'aarch64', os.version: '12.6', java.version: '18.0.2.1'
Driver info: org.openqa.selenium.chrome.ChromeDriver
Command: [253e86acfcaf68995b72a9764dd60d5a, findElement {using=xpath, value=//h1//span}]
Capabilities {acceptInsecureCerts: false, browserName: chrome, browserVersion: 105.0.5195.125, chrome: {chromedriverVersion: 105.0.5195.52 (412c95e51883..., userDataDir: /var/folders/th/f4yf398x0lb...}, goog:chromeOptions: {debuggerAddress: localhost:50171}, networkConnectionEnabled: false, pageLoadStrategy: normal, platformName: MAC, proxy: Proxy(), se:cdp: ws://localhost:50171/devtoo..., se:cdpVersion: 105.0.5195.125, setWindowRect: true, strictFileInteractability: false, timeouts: {implicit: 0, pageLoad: 300000, script: 30000}, unhandledPromptBehavior: dismiss and notify, webauthn:extension:credBlob: true, webauthn:extension:largeBlob: true, webauthn:virtualAuthenticators: true}
Session ID: 253e86acfcaf68995b72a9764dd60d5a

runScenario(RunCucumberTest)  Time elapsed: 71.255 s  <<< FAILURE!
org.openqa.selenium.TimeoutException: Expected condition failed: waiting for visibility of Proxy element for: DefaultElementLocator 'By.xpath: //h1[contains(text(),'Choose Trade Option')]' (tried for 20 second(s) with 500 milliseconds interval)
Caused by: org.openqa.selenium.NoSuchElementException: 
no such element: Unable to locate element: {"method":"xpath","selector":"//h1[contains(text(),'Choose Trade Option')]"}
  (Session info: chrome=105.0.5195.125)
For documentation on this error, please visit: https://selenium.dev/exceptions/#no_such_element
Build info: version: '4.4.0', revision: 'e5c75ed026a'
System info: host: 'SF-LAP-412.local', ip: 'fe80:0:0:0:eb:c8fe:5a40:5798%en0', os.name: 'Mac OS X', os.arch: 'aarch64', os.version: '12.6', java.version: '18.0.2.1'
Driver info: org.openqa.selenium.chrome.ChromeDriver
Command: [ed6fc87a388d82fbee96ed9595143ea1, findElement {using=xpath, value=//h1[contains(text(),'Choose Trade Option')]}]
Capabilities {acceptInsecureCerts: false, browserName: chrome, browserVersion: 105.0.5195.125, chrome: {chromedriverVersion: 105.0.5195.52 (412c95e51883..., userDataDir: /var/folders/th/f4yf398x0lb...}, goog:chromeOptions: {debuggerAddress: localhost:50500}, networkConnectionEnabled: false, pageLoadStrategy: normal, platformName: MAC, proxy: Proxy(), se:cdp: ws://localhost:50500/devtoo..., se:cdpVersion: 105.0.5195.125, setWindowRect: true, strictFileInteractability: false, timeouts: {implicit: 0, pageLoad: 300000, script: 30000}, unhandledPromptBehavior: dismiss and notify, webauthn:extension:credBlob: true, webauthn:extension:largeBlob: true, webauthn:virtualAuthenticators: true}
Session ID: ed6fc87a388d82fbee96ed9595143ea1

runScenario(RunCucumberTest)  Time elapsed: 68.176 s  <<< FAILURE!
org.openqa.selenium.TimeoutException: Expected condition failed: waiting for visibility of Proxy element for: DefaultElementLocator 'By.xpath: //h1[contains(text(),'Choose Trade Option')]' (tried for 20 second(s) with 500 milliseconds interval)
Caused by: org.openqa.selenium.NoSuchElementException: 
no such element: Unable to locate element: {"method":"xpath","selector":"//h1[contains(text(),'Choose Trade Option')]"}
  (Session info: chrome=105.0.5195.125)
For documentation on this error, please visit: https://selenium.dev/exceptions/#no_such_element
Build info: version: '4.4.0', revision: 'e5c75ed026a'
System info: host: 'SF-LAP-412.local', ip: 'fe80:0:0:0:eb:c8fe:5a40:5798%en0', os.name: 'Mac OS X', os.arch: 'aarch64', os.version: '12.6', java.version: '18.0.2.1'
Driver info: org.openqa.selenium.chrome.ChromeDriver
Command: [8f824674f63ab2720d0d694fab39af01, findElement {using=xpath, value=//h1[contains(text(),'Choose Trade Option')]}]
Capabilities {acceptInsecureCerts: false, browserName: chrome, browserVersion: 105.0.5195.125, chrome: {chromedriverVersion: 105.0.5195.52 (412c95e51883..., userDataDir: /var/folders/th/f4yf398x0lb...}, goog:chromeOptions: {debuggerAddress: localhost:50850}, networkConnectionEnabled: false, pageLoadStrategy: normal, platformName: MAC, proxy: Proxy(), se:cdp: ws://localhost:50850/devtoo..., se:cdpVersion: 105.0.5195.125, setWindowRect: true, strictFileInteractability: false, timeouts: {implicit: 0, pageLoad: 300000, script: 30000}, unhandledPromptBehavior: dismiss and notify, webauthn:extension:credBlob: true, webauthn:extension:largeBlob: true, webauthn:virtualAuthenticators: true}
Session ID: 8f824674f63ab2720d0d694fab39af01

runScenario(RunCucumberTest)  Time elapsed: 69.974 s  <<< FAILURE!
org.openqa.selenium.TimeoutException: Expected condition failed: waiting for visibility of Proxy element for: DefaultElementLocator 'By.xpath: //h1[contains(text(),'Choose Trade Option')]' (tried for 20 second(s) with 500 milliseconds interval)
Caused by: org.openqa.selenium.NoSuchElementException: 
no such element: Unable to locate element: {"method":"xpath","selector":"//h1[contains(text(),'Choose Trade Option')]"}
  (Session info: chrome=105.0.5195.125)
For documentation on this error, please visit: https://selenium.dev/exceptions/#no_such_element
Build info: version: '4.4.0', revision: 'e5c75ed026a'
System info: host: 'SF-LAP-412.local', ip: 'fe80:0:0:0:eb:c8fe:5a40:5798%en0', os.name: 'Mac OS X', os.arch: 'aarch64', os.version: '12.6', java.version: '18.0.2.1'
Driver info: org.openqa.selenium.chrome.ChromeDriver
Command: [1b82343473c5a125a4610030a5b85f64, findElement {using=xpath, value=//h1[contains(text(),'Choose Trade Option')]}]
Capabilities {acceptInsecureCerts: false, browserName: chrome, browserVersion: 105.0.5195.125, chrome: {chromedriverVersion: 105.0.5195.52 (412c95e51883..., userDataDir: /var/folders/th/f4yf398x0lb...}, goog:chromeOptions: {debuggerAddress: localhost:51176}, networkConnectionEnabled: false, pageLoadStrategy: normal, platformName: MAC, proxy: Proxy(), se:cdp: ws://localhost:51176/devtoo..., se:cdpVersion: 105.0.5195.125, setWindowRect: true, strictFileInteractability: false, timeouts: {implicit: 0, pageLoad: 300000, script: 30000}, unhandledPromptBehavior: dismiss and notify, webauthn:extension:credBlob: true, webauthn:extension:largeBlob: true, webauthn:virtualAuthenticators: true}
Session ID: 1b82343473c5a125a4610030a5b85f64

runScenario(RunCucumberTest)  Time elapsed: 69.261 s  <<< FAILURE!
org.openqa.selenium.TimeoutException: Expected condition failed: waiting for visibility of Proxy element for: DefaultElementLocator 'By.xpath: //h1[contains(text(),'Choose Trade Option')]' (tried for 20 second(s) with 500 milliseconds interval)
Caused by: org.openqa.selenium.NoSuchElementException: 
no such element: Unable to locate element: {"method":"xpath","selector":"//h1[contains(text(),'Choose Trade Option')]"}
  (Session info: chrome=105.0.5195.125)
For documentation on this error, please visit: https://selenium.dev/exceptions/#no_such_element
Build info: version: '4.4.0', revision: 'e5c75ed026a'
System info: host: 'SF-LAP-412.local', ip: 'fe80:0:0:0:eb:c8fe:5a40:5798%en0', os.name: 'Mac OS X', os.arch: 'aarch64', os.version: '12.6', java.version: '18.0.2.1'
Driver info: org.openqa.selenium.chrome.ChromeDriver
Command: [5e84236730f8e543a89558bb8ad18075, findElement {using=xpath, value=//h1[contains(text(),'Choose Trade Option')]}]
Capabilities {acceptInsecureCerts: false, browserName: chrome, browserVersion: 105.0.5195.125, chrome: {chromedriverVersion: 105.0.5195.52 (412c95e51883..., userDataDir: /var/folders/th/f4yf398x0lb...}, goog:chromeOptions: {debuggerAddress: localhost:51527}, networkConnectionEnabled: false, pageLoadStrategy: normal, platformName: MAC, proxy: Proxy(), se:cdp: ws://localhost:51527/devtoo..., se:cdpVersion: 105.0.5195.125, setWindowRect: true, strictFileInteractability: false, timeouts: {implicit: 0, pageLoad: 300000, script: 30000}, unhandledPromptBehavior: dismiss and notify, webauthn:extension:credBlob: true, webauthn:extension:largeBlob: true, webauthn:virtualAuthenticators: true}
Session ID: 5e84236730f8e543a89558bb8ad18075

runScenario(RunCucumberTest)  Time elapsed: 67.92 s  <<< FAILURE!
org.openqa.selenium.TimeoutException: Expected condition failed: waiting for visibility of Proxy element for: DefaultElementLocator 'By.xpath: //h1[contains(text(),'Choose Trade Option')]' (tried for 20 second(s) with 500 milliseconds interval)
Caused by: org.openqa.selenium.NoSuchElementException: 
no such element: Unable to locate element: {"method":"xpath","selector":"//h1[contains(text(),'Choose Trade Option')]"}
  (Session info: chrome=105.0.5195.125)
For documentation on this error, please visit: https://selenium.dev/exceptions/#no_such_element
Build info: version: '4.4.0', revision: 'e5c75ed026a'
System info: host: 'SF-LAP-412.local', ip: 'fe80:0:0:0:eb:c8fe:5a40:5798%en0', os.name: 'Mac OS X', os.arch: 'aarch64', os.version: '12.6', java.version: '18.0.2.1'
Driver info: org.openqa.selenium.chrome.ChromeDriver
Command: [836dc0ae48aa5d9ab0da65a36d295add, findElement {using=xpath, value=//h1[contains(text(),'Choose Trade Option')]}]
[...]
Session ID: 41ed46e7ab2eef0f70ea0085fba76339

runScenario(RunCucumberTest)  Time elapsed: 69.836 s  <<< FAILURE!
org.openqa.selenium.TimeoutException: Expected condition failed: waiting for visibility of Proxy element for: DefaultElementLocator 'By.xpath: //h1[contains(text(),'Choose Trade Option')]' (tried for 20 second(s) with 500 milliseconds interval)
Caused by: org.openqa.selenium.NoSuchElementException: 
no such element: Unable to locate element: {"method":"xpath","selector":"//h1[contains(text(),'Choose Trade Option')]"}
  (Session info: chrome=105.0.5195.125)
For documentation on this error, please visit: https://selenium.dev/exceptions/#no_such_element
Build info: version: '4.4.0', revision: 'e5c75ed026a'
System info: host: 'SF-LAP-412.local', ip: 'fe80:0:0:0:eb:c8fe:5a40:5798%en0', os.name: 'Mac OS X', os.arch: 'aarch64', os.version: '12.6', java.version: '18.0.2.1'
Driver info: org.openqa.selenium.chrome.ChromeDriver
Command: [2e1a609eeb6de74b63de7476b38a1cfa, findElement {using=xpath, value=//h1[contains(text(),'Choose Trade Option')]}]
Capabilities {acceptInsecureCerts: false, browserName: chrome, browserVersion: 105.0.5195.125, chrome: {chromedriverVersion: 105.0.5195.52 (412c95e51883..., userDataDir: /var/folders/th/f4yf398x0lb...}, goog:chromeOptions: {debuggerAddress: localhost:56799}, networkConnectionEnabled: false, pageLoadStrategy: normal, platformName: MAC, proxy: Proxy(), se:cdp: ws://localhost:56799/devtoo..., se:cdpVersion: 105.0.5195.125, setWindowRect: true, strictFileInteractability: false, timeouts: {implicit: 0, pageLoad: 300000, script: 30000}, unhandledPromptBehavior: dismiss and notify, webauthn:extension:credBlob: true, webauthn:extension:largeBlob: true, webauthn:virtualAuthenticators: true}
Session ID: 2e1a609eeb6de74b63de7476b38a1cfa

runScenario(RunCucumberTest)  Time elapsed: 67.416 s  <<< FAILURE!
org.openqa.selenium.TimeoutException: Expected condition failed: waiting for visibility of Proxy element for: DefaultElementLocator 'By.xpath: //h1[contains(text(),'Choose Trade Option')]' (tried for 20 second(s) with 500 milliseconds interval)
Caused by: org.openqa.selenium.NoSuchElementException: 
no such element: Unable to locate element: {"method":"xpath","selector":"//h1[contains(text(),'Choose Trade Option')]"}
  (Session info: chrome=105.0.5195.125)
For documentation on this error, please visit: https://selenium.dev/exceptions/#no_such_element
Build info: version: '4.4.0', revision: 'e5c75ed026a'
System info: host: 'SF-LAP-412.local', ip: 'fe80:0:0:0:eb:c8fe:5a40:5798%en0', os.name: 'Mac OS X', os.arch: 'aarch64', os.version: '12.6', java.version: '18.0.2.1'
Driver info: org.openqa.selenium.chrome.ChromeDriver
Command: [5062f5f11b6164c00d3ec3f3a7716a21, findElement {using=xpath, value=//h1[contains(text(),'Choose Trade Option')]}]
Capabilities {acceptInsecureCerts: false, browserName: chrome, browserVersion: 105.0.5195.125, chrome: {chromedriverVersion: 105.0.5195.52 (412c95e51883..., userDataDir: /var/folders/th/f4yf398x0lb...}, goog:chromeOptions: {debuggerAddress: localhost:57137}, networkConnectionEnabled: false, pageLoadStrategy: normal, platformName: MAC, proxy: Proxy(), se:cdp: ws://localhost:57137/devtoo..., se:cdpVersion: 105.0.5195.125, setWindowRect: true, strictFileInteractability: false, timeouts: {implicit: 0, pageLoad: 300000, script: 30000}, unhandledPromptBehavior: dismiss and notify, webauthn:extension:credBlob: true, webauthn:extension:largeBlob: true, webauthn:virtualAuthenticators: true}
Session ID: 5062f5f11b6164c00d3ec3f3a7716a21

runScenario(RunCucumberTest)  Time elapsed: 67.565 s  <<< FAILURE!
org.openqa.selenium.TimeoutException: Expected condition failed: waiting for visibility of Proxy element for: DefaultElementLocator 'By.xpath: //h1[contains(text(),'Choose Trade Option')]' (tried for 20 second(s) with 500 milliseconds interval)
Caused by: org.openqa.selenium.NoSuchElementException: 
no such element: Unable to locate element: {"method":"xpath","selector":"//h1[contains(text(),'Choose Trade Option')]"}
  (Session info: chrome=105.0.5195.125)
For documentation on this error, please visit: https://selenium.dev/exceptions/#no_such_element
Build info: version: '4.4.0', revision: 'e5c75ed026a'
System info: host: 'SF-LAP-412.local', ip: 'fe80:0:0:0:eb:c8fe:5a40:5798%en0', os.name: 'Mac OS X', os.arch: 'aarch64', os.version: '12.6', java.version: '18.0.2.1'
Driver info: org.openqa.selenium.chrome.ChromeDriver
Command: [2ad96204d5968bda71868cd80c134412, findElement {using=xpath, value=//h1[contains(text(),'Choose Trade Option')]}]
Capabilities {acceptInsecureCerts: false, browserName: chrome, browserVersion: 105.0.5195.125, chrome: {chromedriverVersion: 105.0.5195.52 (412c95e51883..., userDataDir: /var/folders/th/f4yf398x0lb...}, goog:chromeOptions: {debuggerAddress: localhost:57463}, networkConnectionEnabled: false, pageLoadStrategy: normal, platformName: MAC, proxy: Proxy(), se:cdp: ws://localhost:57463/devtoo..., se:cdpVersion: 105.0.5195.125, setWindowRect: true, strictFileInteractability: false, timeouts: {implicit: 0, pageLoad: 300000, script: 30000}, unhandledPromptBehavior: dismiss and notify, webauthn:extension:credBlob: true, webauthn:extension:largeBlob: true, webauthn:virtualAuthenticators: true}
Session ID: 2ad96204d5968bda71868cd80c134412

runScenario(RunCucumberTest)  Time elapsed: 70.509 s  <<< FAILURE!
org.openqa.selenium.TimeoutException: Expected condition failed: waiting for visibility of Proxy element for: DefaultElementLocator 'By.xpath: //h1[contains(text(),'Choose Trade Option')]' (tried for 20 second(s) with 500 milliseconds interval)
Caused by: org.openqa.selenium.NoSuchElementException: 
no such element: Unable to locate element: {"method":"xpath","selector":"//h1[contains(text(),'Choose Trade Option')]"}
  (Session info: chrome=105.0.5195.125)
For documentation on this error, please visit: https://selenium.dev/exceptions/#no_such_element
Build info: version: '4.4.0', revision: 'e5c75ed026a'
System info: host: 'SF-LAP-412.local', ip: 'fe80:0:0:0:eb:c8fe:5a40:5798%en0', os.name: 'Mac OS X', os.arch: 'aarch64', os.version: '12.6', java.version: '18.0.2.1'
Driver info: org.openqa.selenium.chrome.ChromeDriver
Command: [efb2c6d4b3d3abaa455a8a5e3f3dbf5f, findElement {using=xpath, value=//h1[contains(text(),'Choose Trade Option')]}]
Capabilities {acceptInsecureCerts: false, browserName: chrome, browserVersion: 105.0.5195.125, chrome: {chromedriverVersion: 105.0.5195.52 (412c95e51883..., userDataDir: /var/folders/th/f4yf398x0lb...}, goog:chromeOptions: {debuggerAddress: localhost:57798}, networkConnectionEnabled: false, pageLoadStrategy: normal, platformName: MAC, proxy: Proxy(), se:cdp: ws://localhost:57798/devtoo..., se:cdpVersion: 105.0.5195.125, setWindowRect: true, strictFileInteractability: false, timeouts: {implicit: 0, pageLoad: 300000, script: 30000}, unhandledPromptBehavior: dismiss and notify, webauthn:extension:credBlob: true, webauthn:extension:largeBlob: true, webauthn:virtualAuthenticators: true}
Session ID: efb2c6d4b3d3abaa455a8a5e3f3dbf5f

runScenario(RunCucumberTest)  Time elapsed: 68.665 s  <<< FAILURE!
org.openqa.selenium.TimeoutException: Expected condition failed: waiting for visibility of Proxy element for: DefaultElementLocator 'By.xpath: //h1[contains(text(),'Choose Trade Option')]' (tried for 20 second(s) with 500 milliseconds interval)
Caused by: org.openqa.selenium.NoSuchElementException: 
no such element: Unable to locate element: {"method":"xpath","selector":"//h1[contains(text(),'Choose Trade Option')]"}
  (Session info: chrome=105.0.5195.125)
For documentation on this error, please visit: https://selenium.dev/exceptions/#no_such_element
Build info: version: '4.4.0', revision: 'e5c75ed026a'
System info: host: 'SF-LAP-412.local', ip: 'fe80:0:0:0:eb:c8fe:5a40:5798%en0', os.name: 'Mac OS X', os.arch: 'aarch64', os.version: '12.6', java.version: '18.0.2.1'
Driver info: org.openqa.selenium.chrome.ChromeDriver
Command: [9724fd71de8b7a95dee0b98920889afc, findElement {using=xpath, value=//h1[contains(text(),'Choose Trade Option')]}]
Capabilities {acceptInsecureCerts: false, browserName: chrome, browserVersion: 105.0.5195.125, chrome: {chromedriverVersion: 105.0.5195.52 (412c95e51883..., userDataDir: /var/folders/th/f4yf398x0lb...}, goog:chromeOptions: {debuggerAddress: localhost:58141}, networkConnectionEnabled: false, pageLoadStrategy: normal, platformName: MAC, proxy: Proxy(), se:cdp: ws://localhost:58141/devtoo..., se:cdpVersion: 105.0.5195.125, setWindowRect: true, strictFileInteractability: false, timeouts: {implicit: 0, pageLoad: 300000, script: 30000}, unhandledPromptBehavior: dismiss and notify, webauthn:extension:credBlob: true, webauthn:extension:largeBlob: true, webauthn:virtualAuthenticators: true}
Session ID: 9724fd71de8b7a95dee0b98920889afc

runScenario(RunCucumberTest)  Time elapsed: 69.754 s  <<< FAILURE!
org.openqa.selenium.TimeoutException: Expected condition failed: waiting for visibility of Proxy element for: DefaultElementLocator 'By.xpath: //h1[contains(text(),'Choose Trade Option')]' (tried for 20 second(s) with 500 milliseconds interval)
Caused by: org.openqa.selenium.NoSuchElementException: 
no such element: Unable to locate element: {"method":"xpath","selector":"//h1[contains(text(),'Choose Trade Option')]"}
  (Session info: chrome=105.0.5195.125)
For documentation on this error, please visit: https://selenium.dev/exceptions/#no_such_element
Build info: version: '4.4.0', revision: 'e5c75ed026a'
System info: host: 'SF-LAP-412.local', ip: 'fe80:0:0:0:eb:c8fe:5a40:5798%en0', os.name: 'Mac OS X', os.arch: 'aarch64', os.version: '12.6', java.version: '18.0.2.1'
Driver info: org.openqa.selenium.chrome.ChromeDriver
Command: [5267b638ece0c4028da8d431feef6a8b, findElement {using=xpath, value=//h1[contains(text(),'Choose Trade Option')]}]
Capabilities {acceptInsecureCerts: false, browserName: chrome, browserVersion: 105.0.5195.125, chrome: {chromedriverVersion: 105.0.5195.52 (412c95e51883..., userDataDir: /var/folders/th/f4yf398x0lb...}, goog:chromeOptions: {debuggerAddress: localhost:58474}, networkConnectionEnabled: false, pageLoadStrategy: normal, platformName: MAC, proxy: Proxy(), se:cdp: ws://localhost:58474/devtoo..., se:cdpVersion: 105.0.5195.125, setWindowRect: true, strictFileInteractability: false, timeouts: {implicit: 0, pageLoad: 300000, script: 30000}, unhandledPromptBehavior: dismiss and notify, webauthn:extension:credBlob: true, webauthn:extension:largeBlob: true, webauthn:virtualAuthenticators: true}
Session ID: 5267b638ece0c4028da8d431feef6a8b

runScenario(RunCucumberTest)  Time elapsed: 68.641 s  <<< FAILURE!
org.openqa.selenium.TimeoutException: Expected condition failed: waiting for visibility of Proxy element for: DefaultElementLocator 'By.xpath: //h1[contains(text(),'Choose Trade Option')]' (tried for 20 second(s) with 500 milliseconds interval)
Caused by: org.openqa.selenium.NoSuchElementException: 
no such element: Unable to locate element: {"method":"xpath","selector":"//h1[contains(text(),'Choose Trade Option')]"}
  (Session info: chrome=105.0.5195.125)
For documentation on this error, please visit: https://selenium.dev/exceptions/#no_such_element
Build info: version: '4.4.0', revision: 'e5c75ed026a'
System info: host: 'SF-LAP-412.local', ip: 'fe80:0:0:0:eb:c8fe:5a40:5798%en0', os.name: 'Mac OS X', os.arch: 'aarch64', os.version: '12.6', java.version: '18.0.2.1'
Driver info: org.openqa.selenium.chrome.ChromeDriver
Command: [1d7bfdad97c0e37bbcaf4b4d3b7d58de, findElement {using=xpath, value=//h1[contains(text(),'Choose Trade Option')]}]
Capabilities {acceptInsecureCerts: false, browserName: chrome, browserVersion: 105.0.5195.125, chrome: {chromedriverVersion: 105.0.5195.52 (412c95e51883..., userDataDir: /var/folders/th/f4yf398x0lb...}, goog:chromeOptions: {debuggerAddress: localhost:58810}, networkConnectionEnabled: false, pageLoadStrategy: normal, platformName: MAC, proxy: Proxy(), se:cdp: ws://localhost:58810/devtoo..., se:cdpVersion: 105.0.5195.125, setWindowRect: true, strictFileInteractability: false, timeouts: {implicit: 0, pageLoad: 300000, script: 30000}, unhandledPromptBehavior: dismiss and notify, webauthn:extension:credBlob: true, webauthn:extension:largeBlob: true, webauthn:virtualAuthenticators: true}
Session ID: 1d7bfdad97c0e37bbcaf4b4d3b7d58de

runScenario(RunCucumberTest)  Time elapsed: 65.513 s  <<< FAILURE!
org.openqa.selenium.TimeoutException: Expected condition failed: waiting for visibility of Proxy element for: DefaultElementLocator 'By.xpath: //h1[contains(text(),'Choose Trade Option')]' (tried for 20 second(s) with 500 milliseconds interval)
Caused by: org.openqa.selenium.NoSuchElementException: 
no such element: Unable to locate element: {"method":"xpath","selector":"//h1[contains(text(),'Choose Trade Option')]"}
  (Session info: chrome=105.0.5195.125)
For documentation on this error, please visit: https://selenium.dev/exceptions/#no_such_element
Build info: version: '4.4.0', revision: 'e5c75ed026a'
System info: host: 'SF-LAP-412.local', ip: 'fe80:0:0:0:eb:c8fe:5a40:5798%en0', os.name: 'Mac OS X', os.arch: 'aarch64', os.version: '12.6', java.version: '18.0.2.1'
Driver info: org.openqa.selenium.chrome.ChromeDriver
Command: [e9e65e3377017146104c66a0043e34c9, findElement {using=xpath, value=//h1[contains(text(),'Choose Trade Option')]}]
Capabilities {acceptInsecureCerts: false, browserName: chrome, browserVersion: 105.0.5195.125, chrome: {chromedriverVersion: 105.0.5195.52 (412c95e51883..., userDataDir: /var/folders/th/f4yf398x0lb...}, goog:chromeOptions: {debuggerAddress: localhost:59144}, networkConnectionEnabled: false, pageLoadStrategy: normal, platformName: MAC, proxy: Proxy(), se:cdp: ws://localhost:59144/devtoo..., se:cdpVersion: 105.0.5195.125, setWindowRect: true, strictFileInteractability: false, timeouts: {implicit: 0, pageLoad: 300000, script: 30000}, unhandledPromptBehavior: dismiss and notify, webauthn:extension:credBlob: true, webauthn:extension:largeBlob: true, webauthn:virtualAuthenticators: true}
Session ID: e9e65e3377017146104c66a0043e34c9

runScenario(RunCucumberTest)  Time elapsed: 66.692 s  <<< FAILURE!
org.openqa.selenium.TimeoutException: Expected condition failed: waiting for visibility of Proxy element for: DefaultElementLocator 'By.xpath: //*/text()[normalize-space(.)='Sign Out']/parent::*' (tried for 20 second(s) with 500 milliseconds interval)
Caused by: org.openqa.selenium.NoSuchElementException: 
no such element: Unable to locate element: {"method":"xpath","selector":"//*/text()[normalize-space(.)='Sign Out']/parent::*"}
  (Session info: chrome=105.0.5195.125)
For documentation on this error, please visit: https://selenium.dev/exceptions/#no_such_element
Build info: version: '4.4.0', revision: 'e5c75ed026a'
System info: host: 'SF-LAP-412.local', ip: 'fe80:0:0:0:eb:c8fe:5a40:5798%en0', os.name: 'Mac OS X', os.arch: 'aarch64', os.version: '12.6', java.version: '18.0.2.1'
Driver info: org.openqa.selenium.chrome.ChromeDriver
Command: [2dd46476f6e0bea28f8c4ef32c87c003, findElement {using=xpath, value=//*/text()[normalize-space(.)='Sign Out']/parent::*}]
Capabilities {acceptInsecureCerts: false, browserName: chrome, browserVersion: 105.0.5195.125, chrome: {chromedriverVersion: 105.0.5195.52 (412c95e51883..., userDataDir: /var/folders/th/f4yf398x0lb...}, goog:chromeOptions: {debuggerAddress: localhost:59473}, networkConnectionEnabled: false, pageLoadStrategy: normal, platformName: MAC, proxy: Proxy(), se:cdp: ws://localhost:59473/devtoo..., se:cdpVersion: 105.0.5195.125, setWindowRect: true, strictFileInteractability: false, timeouts: {implicit: 0, pageLoad: 300000, script: 30000}, unhandledPromptBehavior: dismiss and notify, webauthn:extension:credBlob: true, webauthn:extension:largeBlob: true, webauthn:virtualAuthenticators: true}
Session ID: 2dd46476f6e0bea28f8c4ef32c87c003

runScenario(RunCucumberTest)  Time elapsed: 70.98 s  <<< FAILURE!
org.openqa.selenium.TimeoutException: Expected condition failed: waiting for visibility of Proxy element for: DefaultElementLocator 'By.xpath: //span[contains(text(),'My Garage')]' (tried for 20 second(s) with 500 milliseconds interval)
Caused by: org.openqa.selenium.NoSuchElementException: 
no such element: Unable to locate element: {"method":"xpath","selector":"//span[contains(text(),'My Garage')]"}
  (Session info: chrome=105.0.5195.125)
For documentation on this error, please visit: https://selenium.dev/exceptions/#no_such_element
Build info: version: '4.4.0', revision: 'e5c75ed026a'
System info: host: 'SF-LAP-412.local', ip: 'fe80:0:0:0:eb:c8fe:5a40:5798%en0', os.name: 'Mac OS X', os.arch: 'aarch64', os.version: '12.6', java.version: '18.0.2.1'
Driver info: org.openqa.selenium.chrome.ChromeDriver
Command: [98fe5d3025159c03c1f0b7ef9f7b1920, findElement {using=xpath, value=//span[contains(text(),'My Garage')]}]
Capabilities {acceptInsecureCerts: false, browserName: chrome, browserVersion: 105.0.5195.125, chrome: {chromedriverVersion: 105.0.5195.52 (412c95e51883..., userDataDir: /var/folders/th/f4yf398x0lb...}, goog:chromeOptions: {debuggerAddress: localhost:59940}, networkConnectionEnabled: false, pageLoadStrategy: normal, platformName: MAC, proxy: Proxy(), se:cdp: ws://localhost:59940/devtoo..., se:cdpVersion: 105.0.5195.125, setWindowRect: true, strictFileInteractability: false, timeouts: {implicit: 0, pageLoad: 300000, script: 30000}, unhandledPromptBehavior: dismiss and notify, webauthn:extension:credBlob: true, webauthn:extension:largeBlob: true, webauthn:virtualAuthenticators: true}
Session ID: 98fe5d3025159c03c1f0b7ef9f7b1920

runScenario(RunCucumberTest)  Time elapsed: 70.813 s  <<< FAILURE!
org.openqa.selenium.TimeoutException: Expected condition failed: waiting for visibility of Proxy element for: DefaultElementLocator 'By.xpath: //*/text()[normalize-space(.)='Sign Out']/parent::*' (tried for 20 second(s) with 500 milliseconds interval)
Caused by: org.openqa.selenium.NoSuchElementException: 
no such element: Unable to locate element: {"method":"xpath","selector":"//*/text()[normalize-space(.)='Sign Out']/parent::*"}
  (Session info: chrome=105.0.5195.125)
For documentation on this error, please visit: https://selenium.dev/exceptions/#no_such_element
Build info: version: '4.4.0', revision: 'e5c75ed026a'
System info: host: 'SF-LAP-412.local', ip: 'fe80:0:0:0:eb:c8fe:5a40:5798%en0', os.name: 'Mac OS X', os.arch: 'aarch64', os.version: '12.6', java.version: '18.0.2.1'
Driver info: org.openqa.selenium.chrome.ChromeDriver
Command: [63ce973717817128475b7f20bf67b44e, findElement {using=xpath, value=//*/text()[normalize-space(.)='Sign Out']/parent::*}]
Capabilities {acceptInsecureCerts: false, browserName: chrome, browserVersion: 105.0.5195.125, chrome: {chromedriverVersion: 105.0.5195.52 (412c95e51883..., userDataDir: /var/folders/th/f4yf398x0lb...}, goog:chromeOptions: {debuggerAddress: localhost:60283}, networkConnectionEnabled: false, pageLoadStrategy: normal, platformName: MAC, proxy: Proxy(), se:cdp: ws://localhost:60283/devtoo..., se:cdpVersion: 105.0.5195.125, setWindowRect: true, strictFileInteractability: false, timeouts: {implicit: 0, pageLoad: 300000, script: 30000}, unhandledPromptBehavior: dismiss and notify, webauthn:extension:credBlob: true, webauthn:extension:largeBlob: true, webauthn:virtualAuthenticators: true}
Session ID: 63ce973717817128475b7f20bf67b44e

