<?xml version="1.0" encoding="UTF-8"?>
<testsuite xmlns:xsi="http://www.w3.org/2001/XMLSchema-instance" xsi:noNamespaceSchemaLocation="https://maven.apache.org/surefire/maven-surefire-plugin/xsd/surefire-test-report.xsd" name="TestSuite" time="4,905.091" tests="74" errors="0" skipped="0" failures="72">
  <properties>
[...]
</properties>
  <testcase name="runScenario" classname="RunCucumberTest" time="74.96">
    <failure message="Expected condition failed: waiting for visibility of Proxy element for: DefaultElementLocator &apos;By.xpath: //h1[contains(text(),&apos;Choose Trade Option&apos;)]&apos; (tried for 20 second(s) with 500 milliseconds interval)" type="org.openqa.selenium.TimeoutException">org.openqa.selenium.TimeoutException: Expected condition failed: waiting for visibility of Proxy element for: DefaultElementLocator 'By.xpath: //h1[contains(text(),'Choose Trade Option')]' (tried for 20 second(s) with 500 milliseconds interval)
Caused by: org.openqa.selenium.NoSuchElementException: 
no such element: Unable to locate element: {"method":"xpath","selector":"//h1[contains(text(),'Choose Trade Option')]"}
  (Session info: chrome=105.0.5195.125)
For documentation on this error, please visit: https://selenium.dev/exceptions/#no_such_element
Build info: version: '4.4.0', revision: 'e5c75ed026a'
System info: host: 'SF-LAP-412.local', ip: 'fe80:0:0:0:eb:c8fe:5a40:5798%en0', os.name: 'Mac OS X', os.arch: 'aarch64', os.version: '12.6', java.version: '18.0.2.1'
Driver info: org.openqa.selenium.chrome.ChromeDriver
Command: [ee844a6030fa33793a574dfec64e2cd1, findElement {using=xpath, value=//h1[contains(text(),'Choose Trade Option')]}]
Capabilities {acceptInsecureCerts: false, browserName: chrome, browserVersion: 105.0.5195.125, chrome: {chromedriverVersion: 105.0.5195.52 (412c95e51883..., userDataDir: /var/folders/th/f4yf398x0lb...}, goog:chromeOptions: {debuggerAddress: localhost:52921}, networkConnectionEnabled: false, pageLoadStrategy: normal, platformName: MAC, proxy: Proxy(), se:cdp: ws://localhost:52921/devtoo..., se:cdpVersion: 105.0.5195.125, setWindowRect: true, strictFileInteractability: false, timeouts: {implicit: 0, pageLoad: 300000, script: 30000}, unhandledPromptBehavior: dismiss and notify, webauthn:extension:credBlob: true, webauthn:extension:largeBlob: true, webauthn:virtualAuthenticators: true}
Session ID: ee844a6030fa33793a574dfec64e2cd1
</failure>
    <system-out><![CDATA[
@UP @UP_garage @change_Trade @regression @smoke
Scenario: Ensure the Upgrade user can add a trade-in vehicle from the deal page      &amp#27;[90m# src/test/java/features/Upgrade/changeTrade.feature:11&amp#27;[0m
  &amp#27;[32mGiven &amp#27;[0m&amp#27;[32mthe Upgrade user navigates to the homepage&amp#27;[0m                                   &amp#27;[90m# stepDef.Upgrade_Registration_SignIn_steps.theUserNavigatesToTheUpgradeHomePage()&amp#27;[0m
  &amp#27;[32mAnd &amp#27;[0m&amp#27;[32mthe Upgrade user clicks on the &amp#27;[0m&amp#27;[32m&amp#27;[1m"Sign in here"&amp#27;[0m&amp#27;[32m link from the top nav&amp#27;[0m            &amp#27;[90m# stepDef.Upgrade_Registration_SignIn_steps.theUpgradeUserClicksOnTheLinkFromTheTopNav(java.lang.String)&amp#27;[0m
  &amp#27;[31mAnd &amp#27;[0m&amp#27;[31mthe Upgrade user creates a new profile&amp#27;[0m                                         &amp#27;[90m# stepDef.Upgrade_Registration_SignIn_steps.theUserCreatesAnNewProfileInUP()&amp#27;[0m
      &amp#27;[31morg.openqa.selenium.TimeoutException: Expected condition failed: waiting for visibility of Proxy element for: DefaultElementLocator 'By.xpath: //h1[contains(text(),'Choose Trade Option')]' (tried for 20 second(s) with 500 milliseconds interval)
	at org.openqa.selenium.support.ui.WebDriverWait.timeoutException(WebDriverWait.java:87)
	at org.openqa.selenium.support.ui.FluentWait.until(FluentWait.java:231)
	at base.GenericFunctions.waitForElementToBeVisible(GenericFunctions.java:33)
	at pageObject.Upgrade_Registration_SignIn_page.verifyChooseTradeOption(Upgrade_Registration_SignIn_page.java:50)
	at stepDef.Upgrade_Registration_SignIn_steps.theUserCreatesAnNewProfileInUP(Upgrade_Registration_SignIn_steps.java:87)
	at ✽.the Upgrade user creates a new profile(file:///Users/manav/Documents/QATest/qa-automation-tests/src/test/java/features/Upgrade/changeTrade.feature:6)
Caused by: org.openqa.selenium.NoSuchElementException: no such element: Unable to locate element: {"method":"xpath","selector":"//h1[contains(text(),'Choose Trade Option')]"}
  (Session info: chrome=105.0.5195.125)
For documentation on this error, please visit: https://selenium.dev/exceptions/#no_such_element
Build info: version: '4.4.0', revision: 'e5c75ed026a'
System info: host: 'SF-LAP-412.local', ip: 'fe80:0:0:0:eb:c8fe:5a40:5798%en0', os.name: 'Mac OS X', os.arch: 'aarch64', os.version: '12.6', java.version: '18.0.2.1'
Driver info: org.openqa.selenium.chrome.ChromeDriver
Command: [ee844a6030fa33793a574dfec64e2cd1, findElement {using=xpath, value=//h1[contains(text(),'Choose Trade Option')]}]
Capabilities {acceptInsecureCerts: false, browserName: chrome, browserVersion: 105.0.5195.125, chrome: {chromedriverVersion: 105.0.5195.52 (412c95e51883..., userDataDir: /var/folders/th/f4yf398x0lb...}, goog:chromeOptions: {debuggerAddress: localhost:52921}, networkConnectionEnabled: false, pageLoadStrategy: normal, platformName: MAC, proxy: Proxy(), se:cdp: ws://localhost:52921/devtoo..., se:cdpVersion: 105.0.5195.125, setWindowRect: true, strictFileInteractability: false, timeouts: {implicit: 0, pageLoad: 300000, script: 30000}, unhandledPromptBehavior: dismiss and notify, webauthn:extension:credBlob: true, webauthn:extension:largeBlob: true, webauthn:virtualAuthenticators: true}
Session ID: ee844a6030fa33793a574dfec64e2cd1
	at java.base/jdk.internal.reflect.DirectConstructorHandleAccessor.newInstance(DirectConstructorHandleAccessor.java:67)
	at java.base/java.lang.reflect.Constructor.newInstanceWithCaller(Constructor.java:499)
	at java.base/java.lang.reflect.Constructor.newInstance(Constructor.java:483)
	at org.openqa.selenium.remote.codec.w3c.W3CHttpResponseCodec.createException(W3CHttpResponseCodec.java:200)
	at org.openqa.selenium.remote.codec.w3c.W3CHttpResponseCodec.decode(W3CHttpResponseCodec.java:133)
	at org.openqa.selenium.remote.codec.w3c.W3CHttpResponseCodec.decode(W3CHttpResponseCodec.java:53)
	at org.openqa.selenium.remote.HttpCommandExecutor.execute(HttpCommandExecutor.java:184)
	at org.openqa.selenium.remote.service.DriverCommandExecutor.invokeExecute(DriverCommandExecutor.java:167)
	at org.openqa.selenium.remote.service.DriverCommandExecutor.execute(DriverCommandExecutor.java:142)
	at org.openqa.selenium.remote.RemoteWebDriver.execute(RemoteWebDriver.java:547)
	at org.openqa.selenium.remote.ElementLocation$ElementFinder$2.findElement(ElementLocation.java:162)
	at org.openqa.selenium.remote.ElementLocation.findElement(ElementLocation.java:60)
	at org.openqa.selenium.remote.RemoteWebDriver.findElement(RemoteWebDriver.java:365)
	at org.openqa.selenium.remote.RemoteWebDriver.findElement(RemoteWebDriver.java:357)
	at org.openqa.selenium.support.pagefactory.DefaultElementLocator.findElement(DefaultElementLocator.java:70)
	at org.openqa.selenium.support.pagefactory.internal.LocatingElementHandler.invoke(LocatingElementHandler.java:39)
	at jdk.proxy2/jdk.proxy2.$Proxy33.isDisplayed(Unknown Source)
	at org.openqa.selenium.support.ui.ExpectedConditions.elementIfVisible(ExpectedConditions.java:307)
	at org.openqa.selenium.support.ui.ExpectedConditions.access$000(ExpectedConditions.java:40)
	at org.openqa.selenium.support.ui.ExpectedConditions$10.apply(ExpectedConditions.java:293)
	at org.openqa.selenium.support.ui.ExpectedConditions$10.apply(ExpectedConditions.java:290)
	at org.openqa.selenium.support.ui.FluentWait.until(FluentWait.java:208)
	at base.GenericFunctions.waitForElementToBeVisible(GenericFunctions.java:33)
	at pageObject.Upgrade_Registration_SignIn_page.verifyChooseTradeOption(Upgrade_Registration_SignIn_page.java:50)
	at stepDef.Upgrade_Registration_SignIn_steps.theUserCreatesAnNewProfileInUP(Upgrade_Registration_SignIn_steps.java:87)
	at java.base/jdk.internal.reflect.DirectMethodHandleAccessor.invoke(DirectMethodHandleAccessor.java:104)
	at java.base/java.lang.reflect.Method.invoke(Method.java:577)
	at io.cucumber.java.Invoker.doInvoke(Invoker.java:66)
	at io.cucumber.java.Invoker.invoke(Invoker.java:24)
	at io.cucumber.java.AbstractGlueDefinition.invokeMethod(AbstractGlueDefinition.java:47)
	at io.cucumber.java.JavaStepDefinition.execute(JavaStepDefinition.java:29)
	at io.cucumber.core.runner.CoreStepDefinition.execute(CoreStepDefinition.java:66)
	at io.cucumber.core.runner.PickleStepDefinitionMatch.runStep(PickleStepDefinitionMatch.java:63)
	at io.cucumber.core.runner.ExecutionMode$1.execute(ExecutionMode.java:10)
	at io.cucumber.core.runner.TestStep.executeStep(TestStep.java:85)
	at io.cucumber.core.runner.TestStep.run(TestStep.java:57)
	at io.cucumber.core.runner.PickleStepTestStep.run(PickleStepTestStep.java:51)
	at io.cucumber.core.runner.TestCase.run(TestCase.java:84)
	at io.cucumber.core.runner.Runner.runPickle(Runner.java:75)
	at io.cucumber.testng.TestNGCucumberRunner.lambda$runScenario$1(TestNGCucumberRunner.java:132)
	at io.cucumber.core.runtime.CucumberExecutionContext.lambda$runTestCase$5(CucumberExecutionContext.java:129)
	at io.cucumber.core.runtime.RethrowingThrowableCollector.executeAndThrow(RethrowingThrowableCollector.java:23)
	at io.cucumber.core.runtime.CucumberExecutionContext.runTestCase(CucumberExecutionContext.java:129)
	at io.cucumber.testng.TestNGCucumberRunner.runScenario(TestNGCucumberRunner.java:129)
	at io.cucumber.testng.AbstractTestNGCucumberTests.runScenario(AbstractTestNGCucumberTests.java:35)
	at java.base/jdk.internal.reflect.DirectMethodHandleAccessor.invoke(DirectMethodHandleAccessor.java:104)
	at java.base/java.lang.reflect.Method.invoke(Method.java:577)
	at org.testng.internal.invokers.MethodInvocationHelper.invokeMethod(MethodInvocationHelper.java:139)
	at org.testng.internal.invokers.TestInvoker.invokeMethod(TestInvoker.java:677)
	at org.testng.internal.invokers.TestInvoker.invokeTestMethod(TestInvoker.java:221)
	at org.testng.internal.invokers.TestMethodWithDataProviderMethodWorker.call(TestMethodWithDataProviderMethodWorker.java:80)
	at org.testng.internal.invokers.TestMethodWithDataProviderMethodWorker.call(TestMethodWithDataProviderMethodWorker.java:17)
	at java.base/java.util.concurrent.FutureTask.run(FutureTask.java:264)
	at java.base/java.util.concurrent.Executors$RunnableAdapter.call(Executors.java:539)
	at java.base/java.util.concurrent.FutureTask.run(FutureTask.java:264)
	at java.base/java.util.concurrent.ThreadPoolExecutor.runWorker(ThreadPoolExecutor.java:1136)
	at java.base/java.util.concurrent.ThreadPoolExecutor$Worker.run(ThreadPoolExecutor.java:635)
	at java.base/java.lang.Thread.run(Thread.java:833)
&amp#27;[0m
  &amp#27;[36mAnd &amp#27;[0m&amp#27;[36mthe Upgrade user clicks on shop new cars to navigate to the offer details page&amp#27;[0m &amp#27;[90m# stepDef.Upgrade_Contact_Dealer_steps.theUpgradeUserClicksOnShopNewCarsToNavigateToOfferDetailsPage()&amp#27;[0m
  &amp#27;[36mThen &amp#27;[0m&amp#27;[36mthe Upgrade user switches to the Finance tab&amp#27;[0m                                  &amp#27;[90m# stepDef.Upgrade_Trades_steps.theUpgradeUserSwitchToFinanceTab()&amp#27;[0m
  &amp#27;[36mAnd &amp#27;[0m&amp#27;[36mthe Upgrade user clicks to add a trade on the deal page&amp#27;[0m                        &amp#27;[90m# stepDef.Upgrade_Trades_steps.theUpgradeUserClicksOnAddATradeOnDealPage()&amp#27;[0m
  &amp#27;[36mWhen &amp#27;[0m&amp#27;[36mthe Upgrade user submits a Trade-In Vehicle the deal&amp#27;[0m                          &amp#27;[90m# stepDef.Upgrade_Trades_steps.theUpgradeUserSubmitsATradeInVehicleTheDeal()&amp#27;[0m
  &amp#27;[36mThen &amp#27;[0m&amp#27;[36mthe Upgrade user is presented with the trade vehicle&amp#27;[0m                          &amp#27;[90m# stepDef.Upgrade_Trades_steps.theUpgradeUserIsPresentedWithTheTradeVehicle()&amp#27;[0m

    Embedding Ensure the Upgrade user can add a trade-in vehicle from the deal page [image/png 156244 bytes]

]]></system-out>
    <system-err><![CDATA[ChromeDriver was started successfully.
Sep 28, 2022 7:40:51 PM org.openqa.selenium.remote.ProtocolHandshake createSession
INFO: Detected upstream dialect: W3C
Sep 28, 2022 7:40:51 PM org.openqa.selenium.devtools.CdpVersionFinder findNearestMatch
WARNING: Unable to find an exact match for CDP version 105, so returning the closest version found: 104
Sep 28, 2022 7:40:51 PM org.openqa.selenium.devtools.CdpVersionFinder findNearestMatch
INFO: Found CDP implementation for version 105 of 104
]]></system-err>
  </testcase>
  <testcase name="runScenario" classname="RunCucumberTest" time="69.148">
    <failure message="Expected condition failed: waiting for visibility of Proxy element for: DefaultElementLocator &apos;By.xpath: //h1[contains(text(),&apos;Choose Trade Option&apos;)]&apos; (tried for 20 second(s) with 500 milliseconds interval)" type="org.openqa.selenium.TimeoutException">org.openqa.selenium.TimeoutException: Expected condition failed: waiting for visibility of Proxy element for: DefaultElementLocator 'By.xpath: //h1[contains(text(),'Choose Trade Option')]' (tried for 20 second(s) with 500 milliseconds interval)
Caused by: org.openqa.selenium.NoSuchElementException: 
no such element: Unable to locate element: {"method":"xpath","selector":"//h1[contains(text(),'Choose Trade Option')]"}
  (Session info: chrome=105.0.5195.125)
For documentation on this error, please visit: https://selenium.dev/exceptions/#no_such_element
Build info: version: '4.4.0', revision: 'e5c75ed026a'
System info: host: 'SF-LAP-412.local', ip: 'fe80:0:0:0:eb:c8fe:5a40:5798%en0', os.name: 'Mac OS X', os.arch: 'aarch64', os.version: '12.6', java.version: '18.0.2.1'
Driver info: org.openqa.selenium.chrome.ChromeDriver
Command: [7a65740269550cbdfa0ac7478479a1a1, findElement {using=xpath, value=//h1[contains(text(),'Choose Trade Option')]}]
Capabilities {acceptInsecureCerts: false, browserName: chrome, browserVersion: 105.0.5195.125, chrome: {chromedriverVersion: 105.0.5195.52 (412c95e51883..., userDataDir: /var/folders/th/f4yf398x0lb...}, goog:chromeOptions: {debuggerAddress: localhost:53287}, networkConnectionEnabled: false, pageLoadStrategy: normal, platformName: MAC, proxy: Proxy(), se:cdp: ws://localhost:53287/devtoo..., se:cdpVersion: 105.0.5195.125, setWindowRect: true, strictFileInteractability: false, timeouts: {implicit: 0, pageLoad: 300000, script: 30000}, unhandledPromptBehavior: dismiss and notify, webauthn:extension:credBlob: true, webauthn:extension:largeBlob: true, webauthn:virtualAuthenticators: true}
Session ID: 7a65740269550cbdfa0ac7478479a1a1
</failure>
    <system-out><![CDATA[
@UP @UP_garage @change_Trade @regression @smoke
Scenario: Ensure the Upgrade user can change trade from the deal page                &amp#27;[90m# src/test/java/features/Upgrade/changeTrade.feature:17&amp#27;[0m
  &amp#27;[32mGiven &amp#27;[0m&amp#27;[32mthe Upgrade user navigates to the homepage&amp#27;[0m                                   &amp#27;[90m# stepDef.Upgrade_Registration_SignIn_steps.theUserNavigatesToTheUpgradeHomePage()&amp#27;[0m
  &amp#27;[32mAnd &amp#27;[0m&amp#27;[32mthe Upgrade user clicks on the &amp#27;[0m&amp#27;[32m&amp#27;[1m"Sign in here"&amp#27;[0m&amp#27;[32m link from the top nav&amp#27;[0m            &amp#27;[90m# stepDef.Upgrade_Registration_SignIn_steps.theUpgradeUserClicksOnTheLinkFromTheTopNav(java.lang.String)&amp#27;[0m
  &amp#27;[31mAnd &amp#27;[0m&amp#27;[31mthe Upgrade user creates a new profile&amp#27;[0m                                         &amp#27;[90m# stepDef.Upgrade_Registration_SignIn_steps.theUserCreatesAnNewProfileInUP()&amp#27;[0m
      &amp#27;[31morg.openqa.selenium.TimeoutException: Expected condition failed: waiting for visibility of Proxy element for: DefaultElementLocator 'By.xpath: //h1[contains(text(),'Choose Trade Option')]' (tried for 20 second(s) with 500 milliseconds interval)
	at org.openqa.selenium.support.ui.WebDriverWait.timeoutException(WebDriverWait.java:87)
	at org.openqa.selenium.support.ui.FluentWait.until(FluentWait.java:231)
	at base.GenericFunctions.waitForElementToBeVisible(GenericFunctions.java:33)
	at pageObject.Upgrade_Registration_SignIn_page.verifyChooseTradeOption(Upgrade_Registration_SignIn_page.java:50)
	at stepDef.Upgrade_Registration_SignIn_steps.theUserCreatesAnNewProfileInUP(Upgrade_Registration_SignIn_steps.java:87)
	at ✽.the Upgrade user creates a new profile(file:///Users/manav/Documents/QATest/qa-automation-tests/src/test/java/features/Upgrade/changeTrade.feature:6)
Caused by: org.openqa.selenium.NoSuchElementException: no such element: Unable to locate element: {"method":"xpath","selector":"//h1[contains(text(),'Choose Trade Option')]"}
  (Session info: chrome=105.0.5195.125)
For documentation on this error, please visit: https://selenium.dev/exceptions/#no_such_element
Build info: version: '4.4.0', revision: 'e5c75ed026a'
System info: host: 'SF-LAP-412.local', ip: 'fe80:0:0:0:eb:c8fe:5a40:5798%en0', os.name: 'Mac OS X', os.arch: 'aarch64', os.version: '12.6', java.version: '18.0.2.1'
Driver info: org.openqa.selenium.chrome.ChromeDriver
Command: [7a65740269550cbdfa0ac7478479a1a1, findElement {using=xpath, value=//h1[contains(text(),'Choose Trade Option')]}]
Capabilities {acceptInsecureCerts: false, browserName: chrome, browserVersion: 105.0.5195.125, chrome: {chromedriverVersion: 105.0.5195.52 (412c95e51883..., userDataDir: /var/folders/th/f4yf398x0lb...}, goog:chromeOptions: {debuggerAddress: localhost:53287}, networkConnectionEnabled: false, pageLoadStrategy: normal, platformName: MAC, proxy: Proxy(), se:cdp: ws://localhost:53287/devtoo..., se:cdpVersion: 105.0.5195.125, setWindowRect: true, strictFileInteractability: false, timeouts: {implicit: 0, pageLoad: 300000, script: 30000}, unhandledPromptBehavior: dismiss and notify, webauthn:extension:credBlob: true, webauthn:extension:largeBlob: true, webauthn:virtualAuthenticators: true}
Session ID: 7a65740269550cbdfa0ac7478479a1a1
	at java.base/jdk.internal.reflect.DirectConstructorHandleAccessor.newInstance(DirectConstructorHandleAccessor.java:67)
	at java.base/java.lang.reflect.Constructor.newInstanceWithCaller(Constructor.java:499)
	at java.base/java.lang.reflect.Constructor.newInstance(Constructor.java:483)
	at org.openqa.selenium.remote.codec.w3c.W3CHttpResponseCodec.createException(W3CHttpResponseCodec.java:200)
	at org.openqa.selenium.remote.codec.w3c.W3CHttpResponseCodec.decode(W3CHttpResponseCodec.java:133)
	at org.openqa.selenium.remote.codec.w3c.W3CHttpResponseCodec.decode(W3CHttpResponseCodec.java:53)
	at org.openqa.selenium.remote.HttpCommandExecutor.execute(HttpCommandExecutor.java:184)
	at org.openqa.selenium.remote.service.DriverCommandExecutor.invokeExecute(DriverCommandExecutor.java:167)
	at org.openqa.selenium.remote.service.DriverCommandExecutor.execute(DriverCommandExecutor.java:142)
	at org.openqa.selenium.remote.RemoteWebDriver.execute(RemoteWebDriver.java:547)
	at org.openqa.selenium.remote.ElementLocation$ElementFinder$2.findElement(ElementLocation.java:162)
	at org.openqa.selenium.remote.ElementLocation.findElement(ElementLocation.java:60)
	at org.openqa.selenium.remote.RemoteWebDriver.findElement(RemoteWebDriver.java:365)
	at org.openqa.selenium.remote.RemoteWebDriver.findElement(RemoteWebDriver.java:357)
	at org.openqa.selenium.support.pagefactory.DefaultElementLocator.findElement(DefaultElementLocator.java:70)
	at org.openqa.selenium.support.pagefactory.internal.LocatingElementHandler.invoke(LocatingElementHandler.java:39)
	at jdk.proxy2/jdk.proxy2.$Proxy33.isDisplayed(Unknown Source)
	at org.openqa.selenium.support.ui.ExpectedConditions.elementIfVisible(ExpectedConditions.java:307)
	at org.openqa.selenium.support.ui.ExpectedConditions.access$000(ExpectedConditions.java:40)
	at org.openqa.selenium.support.ui.ExpectedConditions$10.apply(ExpectedConditions.java:293)
	at org.openqa.selenium.support.ui.ExpectedConditions$10.apply(ExpectedConditions.java:290)
	at org.openqa.selenium.support.ui.FluentWait.until(FluentWait.java:208)
	at base.GenericFunctions.waitForElementToBeVisible(GenericFunctions.java:33)
	at pageObject.Upgrade_Registration_SignIn_page.verifyChooseTradeOption(Upgrade_Registration_SignIn_page.java:50)
	at stepDef.Upgrade_Registration_SignIn_steps.theUserCreatesAnNewProfileInUP(Upgrade_Registration_SignIn_steps.java:87)
	at java.base/jdk.internal.reflect.DirectMethodHandleAccessor.invoke(DirectMethodHandleAccessor.java:104)
	at java.base/java.lang.reflect.Method.invoke(Method.java:577)
	at io.cucumber.java.Invoker.doInvoke(Invoker.java:66)
	at io.cucumber.java.Invoker.invoke(Invoker.java:24)
	at io.cucumber.java.AbstractGlueDefinition.invokeMethod(AbstractGlueDefinition.java:47)
	at io.cucumber.java.JavaStepDefinition.execute(JavaStepDefinition.java:29)
	at io.cucumber.core.runner.CoreStepDefinition.execute(CoreStepDefinition.java:66)
	at io.cucumber.core.runner.PickleStepDefinitionMatch.runStep(PickleStepDefinitionMatch.java:63)
	at io.cucumber.core.runner.ExecutionMode$1.execute(ExecutionMode.java:10)
	at io.cucumber.core.runner.TestStep.executeStep(TestStep.java:85)
	at io.cucumber.core.runner.TestStep.run(TestStep.java:57)
	at io.cucumber.core.runner.PickleStepTestStep.run(PickleStepTestStep.java:51)
	at io.cucumber.core.runner.TestCase.run(TestCase.java:84)
	at io.cucumber.core.runner.Runner.runPickle(Runner.java:75)
	at io.cucumber.testng.TestNGCucumberRunner.lambda$runScenario$1(TestNGCucumberRunner.java:132)
	at io.cucumber.core.runtime.CucumberExecutionContext.lambda$runTestCase$5(CucumberExecutionContext.java:129)
	at io.cucumber.core.runtime.RethrowingThrowableCollector.executeAndThrow(RethrowingThrowableCollector.java:23)
	at io.cucumber.core.runtime.CucumberExecutionContext.runTestCase(CucumberExecutionContext.java:129)
	at io.cucumber.testng.TestNGCucumberRunner.runScenario(TestNGCucumberRunner.java:129)
	at io.cucumber.testng.AbstractTestNGCucumberTests.runScenario(AbstractTestNGCucumberTests.java:35)
	at java.base/jdk.internal.reflect.DirectMethodHandleAccessor.invoke(DirectMethodHandleAccessor.java:104)
	at java.base/java.lang.reflect.Method.invoke(Method.java:577)
	at org.testng.internal.invokers.MethodInvocationHelper.invokeMethod(MethodInvocationHelper.java:139)
	at org.testng.internal.invokers.TestInvoker.invokeMethod(TestInvoker.java:677)
	at org.testng.internal.invokers.TestInvoker.invokeTestMethod(TestInvoker.java:221)
	at org.testng.internal.invokers.TestMethodWithDataProviderMethodWorker.call(TestMethodWithDataProviderMethodWorker.java:80)
	at org.testng.internal.invokers.TestMethodWithDataProviderMethodWorker.call(TestMethodWithDataProviderMethodWorker.java:17)
	at java.base/java.util.concurrent.FutureTask.run(FutureTask.java:264)
	at java.base/java.util.concurrent.Executors$RunnableAdapter.call(Executors.java:539)
	at java.base/java.util.concurrent.FutureTask.run(FutureTask.java:264)
	at java.base/java.util.concurrent.ThreadPoolExecutor.runWorker(ThreadPoolExecutor.java:1136)
	at java.base/java.util.concurrent.ThreadPoolExecutor$Worker.run(ThreadPoolExecutor.java:635)
	at java.base/java.lang.Thread.run(Thread.java:833)
&amp#27;[0m
  &amp#27;[36mAnd &amp#27;[0m&amp#27;[36mthe Upgrade user clicks on shop new cars to navigate to the offer details page&amp#27;[0m &amp#27;[90m# stepDef.Upgrade_Contact_Dealer_steps.theUpgradeUserClicksOnShopNewCarsToNavigateToOfferDetailsPage()&amp#27;[0m
  &amp#27;[36mThen &amp#27;[0m&amp#27;[36mthe Upgrade user switches to the Finance tab&amp#27;[0m                                  &amp#27;[90m# stepDef.Upgrade_Trades_steps.theUpgradeUserSwitchToFinanceTab()&amp#27;[0m
  &amp#27;[36mAnd &amp#27;[0m&amp#27;[36mthe Upgrade user clicks to add a trade on the deal page&amp#27;[0m                        &amp#27;[90m# stepDef.Upgrade_Trades_steps.theUpgradeUserClicksOnAddATradeOnDealPage()&amp#27;[0m
  &amp#27;[36mAnd &amp#27;[0m&amp#27;[36mthe Upgrade user submits a Trade-In Vehicle the deal&amp#27;[0m                           &amp#27;[90m# stepDef.Upgrade_Trades_steps.theUpgradeUserSubmitsATradeInVehicleTheDeal()&amp#27;[0m
  &amp#27;[36mThen &amp#27;[0m&amp#27;[36mthe Upgrade user is presented with the trade vehicle&amp#27;[0m                          &amp#27;[90m# stepDef.Upgrade_Trades_steps.theUpgradeUserIsPresentedWithTheTradeVehicle()&amp#27;[0m
  &amp#27;[36mAnd &amp#27;[0m&amp#27;[36mthe Upgrade user clicks on the change trade link&amp#27;[0m                               &amp#27;[90m# stepDef.Upgrade_Trades_steps.theUpgradeUserClicksOnChangeTradeLink()&amp#27;[0m
  &amp#27;[36mWhen &amp#27;[0m&amp#27;[36mthe Upgrade user submits a Trade-In Vehicle the deal&amp#27;[0m                          &amp#27;[90m# stepDef.Upgrade_Trades_steps.theUpgradeUserSubmitsATradeInVehicleTheDeal()&amp#27;[0m
  &amp#27;[36mThen &amp#27;[0m&amp#27;[36mthe Upgrade user is presented with the trade vehicle&amp#27;[0m                          &amp#27;[90m# stepDef.Upgrade_Trades_steps.theUpgradeUserIsPresentedWithTheTradeVehicle()&amp#27;[0m

    Embedding Ensure the Upgrade user can change trade from the deal page [image/png 156354 bytes]

]]></system-out>
    <system-err><![CDATA[ChromeDriver was started successfully.
Sep 28, 2022 7:42:05 PM org.openqa.selenium.remote.ProtocolHandshake createSession
INFO: Detected upstream dialect: W3C
Sep 28, 2022 7:42:05 PM org.openqa.selenium.devtools.CdpVersionFinder findNearestMatch
WARNING: Unable to find an exact match for CDP version 105, so returning the closest version found: 104
Sep 28, 2022 7:42:05 PM org.openqa.selenium.devtools.CdpVersionFinder findNearestMatch
INFO: Found CDP implementation for version 105 of 104
]]></system-err>
  </testcase>
  <testcase name="runScenario" classname="RunCucumberTest" time="69.191">
    <failure message="Expected condition failed: waiting for visibility of Proxy element for: DefaultElementLocator &apos;By.xpath: //h1[contains(text(),&apos;Choose Trade Option&apos;)]&apos; (tried for 20 second(s) with 500 milliseconds interval)" type="org.openqa.selenium.TimeoutException">org.openqa.selenium.TimeoutException: Expected condition failed: waiting for visibility of Proxy element for: DefaultElementLocator 'By.xpath: //h1[contains(text(),'Choose Trade Option')]' (tried for 20 second(s) with 500 milliseconds interval)
Caused by: org.openqa.selenium.NoSuchElementException: 
no such element: Unable to locate element: {"method":"xpath","selector":"//h1[contains(text(),'Choose Trade Option')]"}
  (Session info: chrome=105.0.5195.125)
For documentation on this error, please visit: https://selenium.dev/exceptions/#no_such_element
Build info: version: '4.4.0', revision: 'e5c75ed026a'
System info: host: 'SF-LAP-412.local', ip: 'fe80:0:0:0:eb:c8fe:5a40:5798%en0', os.name: 'Mac OS X', os.arch: 'aarch64', os.version: '12.6', java.version: '18.0.2.1'
Driver info: org.openqa.selenium.chrome.ChromeDriver
Command: [252ec04119dcaf796d95c1c4f720ead0, findElement {using=xpath, value=//h1[contains(text(),'Choose Trade Option')]}]
Capabilities {acceptInsecureCerts: false, browserName: chrome, browserVersion: 105.0.5195.125, chrome: {chromedriverVersion: 105.0.5195.52 (412c95e51883..., userDataDir: /var/folders/th/f4yf398x0lb...}, goog:chromeOptions: {debuggerAddress: localhost:53627}, networkConnectionEnabled: false, pageLoadStrategy: normal, platformName: MAC, proxy: Proxy(), se:cdp: ws://localhost:53627/devtoo..., se:cdpVersion: 105.0.5195.125, setWindowRect: true, strictFileInteractability: false, timeouts: {implicit: 0, pageLoad: 300000, script: 30000}, unhandledPromptBehavior: dismiss and notify, webauthn:extension:credBlob: true, webauthn:extension:largeBlob: true, webauthn:virtualAuthenticators: true}
Session ID: 252ec04119dcaf796d95c1c4f720ead0
</failure>
    <system-out><![CDATA[
@UP @UP_garage @change_Trade @regression
Scenario: Ensure the Upgrade user can remove the trade from the deal page            &amp#27;[90m# src/test/java/features/Upgrade/changeTrade.feature:26&amp#27;[0m
  &amp#27;[32mGiven &amp#27;[0m&amp#27;[32mthe Upgrade user navigates to the homepage&amp#27;[0m                                   &amp#27;[90m# stepDef.Upgrade_Registration_SignIn_steps.theUserNavigatesToTheUpgradeHomePage()&amp#27;[0m
  &amp#27;[32mAnd &amp#27;[0m&amp#27;[32mthe Upgrade user clicks on the &amp#27;[0m&amp#27;[32m&amp#27;[1m"Sign in here"&amp#27;[0m&amp#27;[32m link from the top nav&amp#27;[0m            &amp#27;[90m# stepDef.Upgrade_Registration_SignIn_steps.theUpgradeUserClicksOnTheLinkFromTheTopNav(java.lang.String)&amp#27;[0m
  &amp#27;[31mAnd &amp#27;[0m&amp#27;[31mthe Upgrade user creates a new profile&amp#27;[0m                                         &amp#27;[90m# stepDef.Upgrade_Registration_SignIn_steps.theUserCreatesAnNewProfileInUP()&amp#27;[0m
      &amp#27;[31morg.openqa.selenium.TimeoutException: Expected condition failed: waiting for visibility of Proxy element for: DefaultElementLocator 'By.xpath: //h1[contains(text(),'Choose Trade Option')]' (tried for 20 second(s) with 500 milliseconds interval)
	at org.openqa.selenium.support.ui.WebDriverWait.timeoutException(WebDriverWait.java:87)
	at org.openqa.selenium.support.ui.FluentWait.until(FluentWait.java:231)
	at base.GenericFunctions.waitForElementToBeVisible(GenericFunctions.java:33)
	at pageObject.Upgrade_Registration_SignIn_page.verifyChooseTradeOption(Upgrade_Registration_SignIn_page.java:50)
	at stepDef.Upgrade_Registration_SignIn_steps.theUserCreatesAnNewProfileInUP(Upgrade_Registration_SignIn_steps.java:87)
	at ✽.the Upgrade user creates a new profile(file:///Users/manav/Documents/QATest/qa-automation-tests/src/test/java/features/Upgrade/changeTrade.feature:6)
Caused by: org.openqa.selenium.NoSuchElementException: no such element: Unable to locate element: {"method":"xpath","selector":"//h1[contains(text(),'Choose Trade Option')]"}
  (Session info: chrome=105.0.5195.125)
For documentation on this error, please visit: https://selenium.dev/exceptions/#no_such_element
Build info: version: '4.4.0', revision: 'e5c75ed026a'
System info: host: 'SF-LAP-412.local', ip: 'fe80:0:0:0:eb:c8fe:5a40:5798%en0', os.name: 'Mac OS X', os.arch: 'aarch64', os.version: '12.6', java.version: '18.0.2.1'
Driver info: org.openqa.selenium.chrome.ChromeDriver
Command: [252ec04119dcaf796d95c1c4f720ead0, findElement {using=xpath, value=//h1[contains(text(),'Choose Trade Option')]}]
Capabilities {acceptInsecureCerts: false, browserName: chrome, browserVersion: 105.0.5195.125, chrome: {chromedriverVersion: 105.0.5195.52 (412c95e51883..., userDataDir: /var/folders/th/f4yf398x0lb...}, goog:chromeOptions: {debuggerAddress: localhost:53627}, networkConnectionEnabled: false, pageLoadStrategy: normal, platformName: MAC, proxy: Proxy(), se:cdp: ws://localhost:53627/devtoo..., se:cdpVersion: 105.0.5195.125, setWindowRect: true, strictFileInteractability: false, timeouts: {implicit: 0, pageLoad: 300000, script: 30000}, unhandledPromptBehavior: dismiss and notify, webauthn:extension:credBlob: true, webauthn:extension:largeBlob: true, webauthn:virtualAuthenticators: true}
Session ID: 252ec04119dcaf796d95c1c4f720ead0
	at java.base/jdk.internal.reflect.DirectConstructorHandleAccessor.newInstance(DirectConstructorHandleAccessor.java:67)
	at java.base/java.lang.reflect.Constructor.newInstanceWithCaller(Constructor.java:499)
	at java.base/java.lang.reflect.Constructor.newInstance(Constructor.java:483)
	at org.openqa.selenium.remote.codec.w3c.W3CHttpResponseCodec.createException(W3CHttpResponseCodec.java:200)
	at org.openqa.selenium.remote.codec.w3c.W3CHttpResponseCodec.decode(W3CHttpResponseCodec.java:133)
	at org.openqa.selenium.remote.codec.w3c.W3CHttpResponseCodec.decode(W3CHttpResponseCodec.java:53)
	at org.openqa.selenium.remote.HttpCommandExecutor.execute(HttpCommandExecutor.java:184)
	at org.openqa.selenium.remote.service.DriverCommandExecutor.invokeExecute(DriverCommandExecutor.java:167)
	at org.openqa.selenium.remote.service.DriverCommandExecutor.execute(DriverCommandExecutor.java:142)
	at org.openqa.selenium.remote.RemoteWebDriver.execute(RemoteWebDriver.java:547)
	at org.openqa.selenium.remote.ElementLocation$ElementFinder$2.findElement(ElementLocation.java:162)
	at org.openqa.selenium.remote.ElementLocation.findElement(ElementLocation.java:60)
	at org.openqa.selenium.remote.RemoteWebDriver.findElement(RemoteWebDriver.java:365)
	at org.openqa.selenium.remote.RemoteWebDriver.findElement(RemoteWebDriver.java:357)
	at org.openqa.selenium.support.pagefactory.DefaultElementLocator.findElement(DefaultElementLocator.java:70)
	at org.openqa.selenium.support.pagefactory.internal.LocatingElementHandler.invoke(LocatingElementHandler.java:39)
	at jdk.proxy2/jdk.proxy2.$Proxy33.isDisplayed(Unknown Source)
	at org.openqa.selenium.support.ui.ExpectedConditions.elementIfVisible(ExpectedConditions.java:307)
	at org.openqa.selenium.support.ui.ExpectedConditions.access$000(ExpectedConditions.java:40)
	at org.openqa.selenium.support.ui.ExpectedConditions$10.apply(ExpectedConditions.java:293)
	at org.openqa.selenium.support.ui.ExpectedConditions$10.apply(ExpectedConditions.java:290)
	at org.openqa.selenium.support.ui.FluentWait.until(FluentWait.java:208)
	at base.GenericFunctions.waitForElementToBeVisible(GenericFunctions.java:33)
	at pageObject.Upgrade_Registration_SignIn_page.verifyChooseTradeOption(Upgrade_Registration_SignIn_page.java:50)
	at stepDef.Upgrade_Registration_SignIn_steps.theUserCreatesAnNewProfileInUP(Upgrade_Registration_SignIn_steps.java:87)
	at java.base/jdk.internal.reflect.DirectMethodHandleAccessor.invoke(DirectMethodHandleAccessor.java:104)
	at java.base/java.lang.reflect.Method.invoke(Method.java:577)
	at io.cucumber.java.Invoker.doInvoke(Invoker.java:66)
	at io.cucumber.java.Invoker.invoke(Invoker.java:24)
	at io.cucumber.java.AbstractGlueDefinition.invokeMethod(AbstractGlueDefinition.java:47)
	at io.cucumber.java.JavaStepDefinition.execute(JavaStepDefinition.java:29)
	at io.cucumber.core.runner.CoreStepDefinition.execute(CoreStepDefinition.java:66)
	at io.cucumber.core.runner.PickleStepDefinitionMatch.runStep(PickleStepDefinitionMatch.java:63)
	at io.cucumber.core.runner.ExecutionMode$1.execute(ExecutionMode.java:10)
	at io.cucumber.core.runner.TestStep.executeStep(TestStep.java:85)
	at io.cucumber.core.runner.TestStep.run(TestStep.java:57)
	at io.cucumber.core.runner.PickleStepTestStep.run(PickleStepTestStep.java:51)
	at io.cucumber.core.runner.TestCase.run(TestCase.java:84)
	at io.cucumber.core.runner.Runner.runPickle(Runner.java:75)
	at io.cucumber.testng.TestNGCucumberRunner.lambda$runScenario$1(TestNGCucumberRunner.java:132)
	at io.cucumber.core.runtime.CucumberExecutionContext.lambda$runTestCase$5(CucumberExecutionContext.java:129)
	at io.cucumber.core.runtime.RethrowingThrowableCollector.executeAndThrow(RethrowingThrowableCollector.java:23)
	at io.cucumber.core.runtime.CucumberExecutionContext.runTestCase(CucumberExecutionContext.java:129)
	at io.cucumber.testng.TestNGCucumberRunner.runScenario(TestNGCucumberRunner.java:129)
	at io.cucumber.testng.AbstractTestNGCucumberTests.runScenario(AbstractTestNGCucumberTests.java:35)
	at java.base/jdk.internal.reflect.DirectMethodHandleAccessor.invoke(DirectMethodHandleAccessor.java:104)
	at java.base/java.lang.reflect.Method.invoke(Method.java:577)
	at org.testng.internal.invokers.MethodInvocationHelper.invokeMethod(MethodInvocationHelper.java:139)
	at org.testng.internal.invokers.TestInvoker.invokeMethod(TestInvoker.java:677)
	at org.testng.internal.invokers.TestInvoker.invokeTestMethod(TestInvoker.java:221)
	at org.testng.internal.invokers.TestMethodWithDataProviderMethodWorker.call(TestMethodWithDataProviderMethodWorker.java:80)
	at org.testng.internal.invokers.TestMethodWithDataProviderMethodWorker.call(TestMethodWithDataProviderMethodWorker.java:17)
	at java.base/java.util.concurrent.FutureTask.run(FutureTask.java:264)
	at java.base/java.util.concurrent.Executors$RunnableAdapter.call(Executors.java:539)
	at java.base/java.util.concurrent.FutureTask.run(FutureTask.java:264)
	at java.base/java.util.concurrent.ThreadPoolExecutor.runWorker(ThreadPoolExecutor.java:1136)
	at java.base/java.util.concurrent.ThreadPoolExecutor$Worker.run(ThreadPoolExecutor.java:635)
	at java.base/java.lang.Thread.run(Thread.java:833)
&amp#27;[0m
  &amp#27;[36mAnd &amp#27;[0m&amp#27;[36mthe Upgrade user clicks on shop new cars to navigate to the offer details page&amp#27;[0m &amp#27;[90m# stepDef.Upgrade_Contact_Dealer_steps.theUpgradeUserClicksOnShopNewCarsToNavigateToOfferDetailsPage()&amp#27;[0m
  &amp#27;[36mThen &amp#27;[0m&amp#27;[36mthe Upgrade user switches to the Finance tab&amp#27;[0m                                  &amp#27;[90m# stepDef.Upgrade_Trades_steps.theUpgradeUserSwitchToFinanceTab()&amp#27;[0m
  &amp#27;[36mAnd &amp#27;[0m&amp#27;[36mthe Upgrade user clicks to add a trade on the deal page&amp#27;[0m                        &amp#27;[90m# stepDef.Upgrade_Trades_steps.theUpgradeUserClicksOnAddATradeOnDealPage()&amp#27;[0m
  &amp#27;[36mAnd &amp#27;[0m&amp#27;[36mthe Upgrade user submits a Trade-In Vehicle the deal&amp#27;[0m                           &amp#27;[90m# stepDef.Upgrade_Trades_steps.theUpgradeUserSubmitsATradeInVehicleTheDeal()&amp#27;[0m
  &amp#27;[36mAnd &amp#27;[0m&amp#27;[36mthe Upgrade user is presented with the trade vehicle&amp#27;[0m                           &amp#27;[90m# stepDef.Upgrade_Trades_steps.theUpgradeUserIsPresentedWithTheTradeVehicle()&amp#27;[0m
  &amp#27;[36mWhen &amp#27;[0m&amp#27;[36mthe Upgrade user clicks on change trade to add no trade&amp#27;[0m                       &amp#27;[90m# stepDef.Upgrade_Trades_steps.theUpgradeUserClicksOnChangeTradeToAddNoTrade()&amp#27;[0m
  &amp#27;[36mThen &amp#27;[0m&amp#27;[36mthe Upgrade user verifies no trade vehicle has been added&amp#27;[0m                     &amp#27;[90m# stepDef.Upgrade_Trades_steps.theUpgradeUserVerifiesNoTradeVehicleHasBeenAdded()&amp#27;[0m

    Embedding Ensure the Upgrade user can remove the trade from the deal page [image/png 156244 bytes]

]]></system-out>
    <system-err><![CDATA[ChromeDriver was started successfully.
Sep 28, 2022 7:43:14 PM org.openqa.selenium.remote.ProtocolHandshake createSession
INFO: Detected upstream dialect: W3C
Sep 28, 2022 7:43:14 PM org.openqa.selenium.devtools.CdpVersionFinder findNearestMatch
WARNING: Unable to find an exact match for CDP version 105, so returning the closest version found: 104
Sep 28, 2022 7:43:14 PM org.openqa.selenium.devtools.CdpVersionFinder findNearestMatch
INFO: Found CDP implementation for version 105 of 104
]]></system-err>
  </testcase>
  <testcase name="runScenario" classname="RunCucumberTest" time="70.222">
    <failure message="Expected condition failed: waiting for visibility of Proxy element for: DefaultElementLocator &apos;By.xpath: //h1[contains(text(),&apos;Choose Trade Option&apos;)]&apos; (tried for 20 second(s) with 500 milliseconds interval)" type="org.openqa.selenium.TimeoutException">org.openqa.selenium.TimeoutException: Expected condition failed: waiting for visibility of Proxy element for: DefaultElementLocator 'By.xpath: //h1[contains(text(),'Choose Trade Option')]' (tried for 20 second(s) with 500 milliseconds interval)
Caused by: org.openqa.selenium.NoSuchElementException: 
no such element: Unable to locate element: {"method":"xpath","selector":"//h1[contains(text(),'Choose Trade Option')]"}
  (Session info: chrome=105.0.5195.125)
For documentation on this error, please visit: https://selenium.dev/exceptions/#no_such_element
Build info: version: '4.4.0', revision: 'e5c75ed026a'
System info: host: 'SF-LAP-412.local', ip: 'fe80:0:0:0:eb:c8fe:5a40:5798%en0', os.name: 'Mac OS X', os.arch: 'aarch64', os.version: '12.6', java.version: '18.0.2.1'
Driver info: org.openqa.selenium.chrome.ChromeDriver
Command: [8522a25b084f75cf3b52e911d2ce9923, findElement {using=xpath, value=//h1[contains(text(),'Choose Trade Option')]}]
Capabilities {acceptInsecureCerts: false, browserName: chrome, browserVersion: 105.0.5195.125, chrome: {chromedriverVersion: 105.0.5195.52 (412c95e51883..., userDataDir: /var/folders/th/f4yf398x0lb...}, goog:chromeOptions: {debuggerAddress: localhost:53964}, networkConnectionEnabled: false, pageLoadStrategy: normal, platformName: MAC, proxy: Proxy(), se:cdp: ws://localhost:53964/devtoo..., se:cdpVersion: 105.0.5195.125, setWindowRect: true, strictFileInteractability: false, timeouts: {implicit: 0, pageLoad: 300000, script: 30000}, unhandledPromptBehavior: dismiss and notify, webauthn:extension:credBlob: true, webauthn:extension:largeBlob: true, webauthn:virtualAuthenticators: true}
Session ID: 8522a25b084f75cf3b52e911d2ce9923
</failure>
    <system-out><![CDATA[
@UP @UP_garage @UP_checkBox @regression @smoke
Scenario: Ensure check boxes for a logged-in profile financing deal are in order and do not repeat &amp#27;[90m# src/test/java/features/Upgrade/dealPageCheckBoxSorting.feature:10&amp#27;[0m
  &amp#27;[32mGiven &amp#27;[0m&amp#27;[32mthe Upgrade user navigates to the homepage&amp#27;[0m                                                 &amp#27;[90m# stepDef.Upgrade_Registration_SignIn_steps.theUserNavigatesToTheUpgradeHomePage()&amp#27;[0m
  &amp#27;[32mAnd &amp#27;[0m&amp#27;[32mthe Upgrade user clicks on the &amp#27;[0m&amp#27;[32m&amp#27;[1m"Sign in here"&amp#27;[0m&amp#27;[32m link from the top nav&amp#27;[0m                          &amp#27;[90m# stepDef.Upgrade_Registration_SignIn_steps.theUpgradeUserClicksOnTheLinkFromTheTopNav(java.lang.String)&amp#27;[0m
  &amp#27;[31mAnd &amp#27;[0m&amp#27;[31mthe Upgrade user creates a new profile&amp#27;[0m                                                       &amp#27;[90m# stepDef.Upgrade_Registration_SignIn_steps.theUserCreatesAnNewProfileInUP()&amp#27;[0m
      &amp#27;[31morg.openqa.selenium.TimeoutException: Expected condition failed: waiting for visibility of Proxy element for: DefaultElementLocator 'By.xpath: //h1[contains(text(),'Choose Trade Option')]' (tried for 20 second(s) with 500 milliseconds interval)
	at org.openqa.selenium.support.ui.WebDriverWait.timeoutException(WebDriverWait.java:87)
	at org.openqa.selenium.support.ui.FluentWait.until(FluentWait.java:231)
	at base.GenericFunctions.waitForElementToBeVisible(GenericFunctions.java:33)
	at pageObject.Upgrade_Registration_SignIn_page.verifyChooseTradeOption(Upgrade_Registration_SignIn_page.java:50)
	at stepDef.Upgrade_Registration_SignIn_steps.theUserCreatesAnNewProfileInUP(Upgrade_Registration_SignIn_steps.java:87)
	at ✽.the Upgrade user creates a new profile(file:///Users/manav/Documents/QATest/qa-automation-tests/src/test/java/features/Upgrade/dealPageCheckBoxSorting.feature:6)
Caused by: org.openqa.selenium.NoSuchElementException: no such element: Unable to locate element: {"method":"xpath","selector":"//h1[contains(text(),'Choose Trade Option')]"}
  (Session info: chrome=105.0.5195.125)
For documentation on this error, please visit: https://selenium.dev/exceptions/#no_such_element
Build info: version: '4.4.0', revision: 'e5c75ed026a'
System info: host: 'SF-LAP-412.local', ip: 'fe80:0:0:0:eb:c8fe:5a40:5798%en0', os.name: 'Mac OS X', os.arch: 'aarch64', os.version: '12.6', java.version: '18.0.2.1'
Driver info: org.openqa.selenium.chrome.ChromeDriver
Command: [8522a25b084f75cf3b52e911d2ce9923, findElement {using=xpath, value=//h1[contains(text(),'Choose Trade Option')]}]
Capabilities {acceptInsecureCerts: false, browserName: chrome, browserVersion: 105.0.5195.125, chrome: {chromedriverVersion: 105.0.5195.52 (412c95e51883..., userDataDir: /var/folders/th/f4yf398x0lb...}, goog:chromeOptions: {debuggerAddress: localhost:53964}, networkConnectionEnabled: false, pageLoadStrategy: normal, platformName: MAC, proxy: Proxy(), se:cdp: ws://localhost:53964/devtoo..., se:cdpVersion: 105.0.5195.125, setWindowRect: true, strictFileInteractability: false, timeouts: {implicit: 0, pageLoad: 300000, script: 30000}, unhandledPromptBehavior: dismiss and notify, webauthn:extension:credBlob: true, webauthn:extension:largeBlob: true, webauthn:virtualAuthenticators: true}
Session ID: 8522a25b084f75cf3b52e911d2ce9923
	at java.base/jdk.internal.reflect.DirectConstructorHandleAccessor.newInstance(DirectConstructorHandleAccessor.java:67)
	at java.base/java.lang.reflect.Constructor.newInstanceWithCaller(Constructor.java:499)
	at java.base/java.lang.reflect.Constructor.newInstance(Constructor.java:483)
	at org.openqa.selenium.remote.codec.w3c.W3CHttpResponseCodec.createException(W3CHttpResponseCodec.java:200)
	at org.openqa.selenium.remote.codec.w3c.W3CHttpResponseCodec.decode(W3CHttpResponseCodec.java:133)
	at org.openqa.selenium.remote.codec.w3c.W3CHttpResponseCodec.decode(W3CHttpResponseCodec.java:53)
	at org.openqa.selenium.remote.HttpCommandExecutor.execute(HttpCommandExecutor.java:184)
	at org.openqa.selenium.remote.service.DriverCommandExecutor.invokeExecute(DriverCommandExecutor.java:167)
	at org.openqa.selenium.remote.service.DriverCommandExecutor.execute(DriverCommandExecutor.java:142)
	at org.openqa.selenium.remote.RemoteWebDriver.execute(RemoteWebDriver.java:547)
	at org.openqa.selenium.remote.ElementLocation$ElementFinder$2.findElement(ElementLocation.java:162)
	at org.openqa.selenium.remote.ElementLocation.findElement(ElementLocation.java:60)
	at org.openqa.selenium.remote.RemoteWebDriver.findElement(RemoteWebDriver.java:365)
	at org.openqa.selenium.remote.RemoteWebDriver.findElement(RemoteWebDriver.java:357)
	at org.openqa.selenium.support.pagefactory.DefaultElementLocator.findElement(DefaultElementLocator.java:70)
	at org.openqa.selenium.support.pagefactory.internal.LocatingElementHandler.invoke(LocatingElementHandler.java:39)
	at jdk.proxy2/jdk.proxy2.$Proxy33.isDisplayed(Unknown Source)
	at org.openqa.selenium.support.ui.ExpectedConditions.elementIfVisible(ExpectedConditions.java:307)
	at org.openqa.selenium.support.ui.ExpectedConditions.access$000(ExpectedConditions.java:40)
	at org.openqa.selenium.support.ui.ExpectedConditions$10.apply(ExpectedConditions.java:293)
	at org.openqa.selenium.support.ui.ExpectedConditions$10.apply(ExpectedConditions.java:290)
	at org.openqa.selenium.support.ui.FluentWait.until(FluentWait.java:208)
	at base.GenericFunctions.waitForElementToBeVisible(GenericFunctions.java:33)
	at pageObject.Upgrade_Registration_SignIn_page.verifyChooseTradeOption(Upgrade_Registration_SignIn_page.java:50)
	at stepDef.Upgrade_Registration_SignIn_steps.theUserCreatesAnNewProfileInUP(Upgrade_Registration_SignIn_steps.java:87)
	at java.base/jdk.internal.reflect.DirectMethodHandleAccessor.invoke(DirectMethodHandleAccessor.java:104)
	at java.base/java.lang.reflect.Method.invoke(Method.java:577)
	at io.cucumber.java.Invoker.doInvoke(Invoker.java:66)
	at io.cucumber.java.Invoker.invoke(Invoker.java:24)
	at io.cucumber.java.AbstractGlueDefinition.invokeMethod(AbstractGlueDefinition.java:47)
	at io.cucumber.java.JavaStepDefinition.execute(JavaStepDefinition.java:29)
	at io.cucumber.core.runner.CoreStepDefinition.execute(CoreStepDefinition.java:66)
	at io.cucumber.core.runner.PickleStepDefinitionMatch.runStep(PickleStepDefinitionMatch.java:63)
	at io.cucumber.core.runner.ExecutionMode$1.execute(ExecutionMode.java:10)
	at io.cucumber.core.runner.TestStep.executeStep(TestStep.java:85)
	at io.cucumber.core.runner.TestStep.run(TestStep.java:57)
	at io.cucumber.core.runner.PickleStepTestStep.run(PickleStepTestStep.java:51)
	at io.cucumber.core.runner.TestCase.run(TestCase.java:84)
	at io.cucumber.core.runner.Runner.runPickle(Runner.java:75)
	at io.cucumber.testng.TestNGCucumberRunner.lambda$runScenario$1(TestNGCucumberRunner.java:132)
	at io.cucumber.core.runtime.CucumberExecutionContext.lambda$runTestCase$5(CucumberExecutionContext.java:129)
	at io.cucumber.core.runtime.RethrowingThrowableCollector.executeAndThrow(RethrowingThrowableCollector.java:23)
	at io.cucumber.core.runtime.CucumberExecutionContext.runTestCase(CucumberExecutionContext.java:129)
	at io.cucumber.testng.TestNGCucumberRunner.runScenario(TestNGCucumberRunner.java:129)
	at io.cucumber.testng.AbstractTestNGCucumberTests.runScenario(AbstractTestNGCucumberTests.java:35)
	at java.base/jdk.internal.reflect.DirectMethodHandleAccessor.invoke(DirectMethodHandleAccessor.java:104)
	at java.base/java.lang.reflect.Method.invoke(Method.java:577)
	at org.testng.internal.invokers.MethodInvocationHelper.invokeMethod(MethodInvocationHelper.java:139)
	at org.testng.internal.invokers.TestInvoker.invokeMethod(TestInvoker.java:677)
	at org.testng.internal.invokers.TestInvoker.invokeTestMethod(TestInvoker.java:221)
	at org.testng.internal.invokers.TestMethodWithDataProviderMethodWorker.call(TestMethodWithDataProviderMethodWorker.java:80)
	at org.testng.internal.invokers.TestMethodWithDataProviderMethodWorker.call(TestMethodWithDataProviderMethodWorker.java:17)
	at java.base/java.util.concurrent.FutureTask.run(FutureTask.java:264)
	at java.base/java.util.concurrent.Executors$RunnableAdapter.call(Executors.java:539)
	at java.base/java.util.concurrent.FutureTask.run(FutureTask.java:264)
	at java.base/java.util.concurrent.ThreadPoolExecutor.runWorker(ThreadPoolExecutor.java:1136)
	at java.base/java.util.concurrent.ThreadPoolExecutor$Worker.run(ThreadPoolExecutor.java:635)
	at java.base/java.lang.Thread.run(Thread.java:833)
&amp#27;[0m
  &amp#27;[36mAnd &amp#27;[0m&amp#27;[36mthe Upgrade user goes to the deal page for a new car&amp#27;[0m                                         &amp#27;[90m# stepDef.Upgrade_SavedDeals_steps.theUpgradeUserGoesToTheDealPageForANewCar()&amp#27;[0m
  &amp#27;[36mWhen &amp#27;[0m&amp#27;[36mthe Upgrade user switches to the Finance tab&amp#27;[0m                                                &amp#27;[90m# stepDef.Upgrade_Trades_steps.theUpgradeUserSwitchToFinanceTab()&amp#27;[0m
  &amp#27;[36mThen &amp#27;[0m&amp#27;[36mthe list of deal options is ordered by month descending&amp#27;[0m                                     &amp#27;[90m# stepDef.CSE_Garage_Saved_Deals_steps.theListOfDealOptionsIsOrderedByMonthDescending()&amp#27;[0m
  &amp#27;[36mAnd &amp#27;[0m&amp#27;[36mthe listed deal options do not repeat&amp#27;[0m                                                        &amp#27;[90m# stepDef.CSE_Garage_Saved_Deals_steps.theListOfDealOptionsDoNotRepeat()&amp#27;[0m

    Embedding Ensure check boxes for a logged-in profile financing deal are in order and do not repeat [image/png 156244 bytes]

]]></system-out>
    <system-err><![CDATA[ChromeDriver was started successfully.
Sep 28, 2022 7:44:23 PM org.openqa.selenium.remote.ProtocolHandshake createSession
INFO: Detected upstream dialect: W3C
Sep 28, 2022 7:44:23 PM org.openqa.selenium.devtools.CdpVersionFinder findNearestMatch
WARNING: Unable to find an exact match for CDP version 105, so returning the closest version found: 104
Sep 28, 2022 7:44:23 PM org.openqa.selenium.devtools.CdpVersionFinder findNearestMatch
INFO: Found CDP implementation for version 105 of 104
]]></system-err>
  </testcase>
  <testcase name="runScenario" classname="RunCucumberTest" time="68.774">
    <failure message="Expected condition failed: waiting for visibility of Proxy element for: DefaultElementLocator &apos;By.xpath: //h1[contains(text(),&apos;Choose Trade Option&apos;)]&apos; (tried for 20 second(s) with 500 milliseconds interval)" type="org.openqa.selenium.TimeoutException">org.openqa.selenium.TimeoutException: Expected condition failed: waiting for visibility of Proxy element for: DefaultElementLocator 'By.xpath: //h1[contains(text(),'Choose Trade Option')]' (tried for 20 second(s) with 500 milliseconds interval)
Caused by: org.openqa.selenium.NoSuchElementException: 
no such element: Unable to locate element: {"method":"xpath","selector":"//h1[contains(text(),'Choose Trade Option')]"}
  (Session info: chrome=105.0.5195.125)
For documentation on this error, please visit: https://selenium.dev/exceptions/#no_such_element
Build info: version: '4.4.0', revision: 'e5c75ed026a'
System info: host: 'SF-LAP-412.local', ip: 'fe80:0:0:0:eb:c8fe:5a40:5798%en0', os.name: 'Mac OS X', os.arch: 'aarch64', os.version: '12.6', java.version: '18.0.2.1'
Driver info: org.openqa.selenium.chrome.ChromeDriver
Command: [0a4133f308e0588dc7f2e160bdb29a1c, findElement {using=xpath, value=//h1[contains(text(),'Choose Trade Option')]}]
Capabilities {acceptInsecureCerts: false, browserName: chrome, browserVersion: 105.0.5195.125, chrome: {chromedriverVersion: 105.0.5195.52 (412c95e51883..., userDataDir: /var/folders/th/f4yf398x0lb...}, goog:chromeOptions: {debuggerAddress: localhost:54304}, networkConnectionEnabled: false, pageLoadStrategy: normal, platformName: MAC, proxy: Proxy(), se:cdp: ws://localhost:54304/devtoo..., se:cdpVersion: 105.0.5195.125, setWindowRect: true, strictFileInteractability: false, timeouts: {implicit: 0, pageLoad: 300000, script: 30000}, unhandledPromptBehavior: dismiss and notify, webauthn:extension:credBlob: true, webauthn:extension:largeBlob: true, webauthn:virtualAuthenticators: true}
Session ID: 0a4133f308e0588dc7f2e160bdb29a1c
</failure>
    <system-out><![CDATA[
@UP @UP_garage @UP_checkBox @regression
Scenario: Ensure for a logged-in profile deal the financing tab check box order does not change when changing down payment &amp#27;[90m# src/test/java/features/Upgrade/dealPageCheckBoxSorting.feature:16&amp#27;[0m
  &amp#27;[32mGiven &amp#27;[0m&amp#27;[32mthe Upgrade user navigates to the homepage&amp#27;[0m                                                                         &amp#27;[90m# stepDef.Upgrade_Registration_SignIn_steps.theUserNavigatesToTheUpgradeHomePage()&amp#27;[0m
  &amp#27;[32mAnd &amp#27;[0m&amp#27;[32mthe Upgrade user clicks on the &amp#27;[0m&amp#27;[32m&amp#27;[1m"Sign in here"&amp#27;[0m&amp#27;[32m link from the top nav&amp#27;[0m                                                  &amp#27;[90m# stepDef.Upgrade_Registration_SignIn_steps.theUpgradeUserClicksOnTheLinkFromTheTopNav(java.lang.String)&amp#27;[0m
  &amp#27;[31mAnd &amp#27;[0m&amp#27;[31mthe Upgrade user creates a new profile&amp#27;[0m                                                                               &amp#27;[90m# stepDef.Upgrade_Registration_SignIn_steps.theUserCreatesAnNewProfileInUP()&amp#27;[0m
      &amp#27;[31morg.openqa.selenium.TimeoutException: Expected condition failed: waiting for visibility of Proxy element for: DefaultElementLocator 'By.xpath: //h1[contains(text(),'Choose Trade Option')]' (tried for 20 second(s) with 500 milliseconds interval)
	at org.openqa.selenium.support.ui.WebDriverWait.timeoutException(WebDriverWait.java:87)
	at org.openqa.selenium.support.ui.FluentWait.until(FluentWait.java:231)
	at base.GenericFunctions.waitForElementToBeVisible(GenericFunctions.java:33)
	at pageObject.Upgrade_Registration_SignIn_page.verifyChooseTradeOption(Upgrade_Registration_SignIn_page.java:50)
	at stepDef.Upgrade_Registration_SignIn_steps.theUserCreatesAnNewProfileInUP(Upgrade_Registration_SignIn_steps.java:87)
	at ✽.the Upgrade user creates a new profile(file:///Users/manav/Documents/QATest/qa-automation-tests/src/test/java/features/Upgrade/dealPageCheckBoxSorting.feature:6)
Caused by: org.openqa.selenium.NoSuchElementException: no such element: Unable to locate element: {"method":"xpath","selector":"//h1[contains(text(),'Choose Trade Option')]"}
  (Session info: chrome=105.0.5195.125)
For documentation on this error, please visit: https://selenium.dev/exceptions/#no_such_element
Build info: version: '4.4.0', revision: 'e5c75ed026a'
System info: host: 'SF-LAP-412.local', ip: 'fe80:0:0:0:eb:c8fe:5a40:5798%en0', os.name: 'Mac OS X', os.arch: 'aarch64', os.version: '12.6', java.version: '18.0.2.1'
Driver info: org.openqa.selenium.chrome.ChromeDriver
Command: [0a4133f308e0588dc7f2e160bdb29a1c, findElement {using=xpath, value=//h1[contains(text(),'Choose Trade Option')]}]
Capabilities {acceptInsecureCerts: false, browserName: chrome, browserVersion: 105.0.5195.125, chrome: {chromedriverVersion: 105.0.5195.52 (412c95e51883..., userDataDir: /var/folders/th/f4yf398x0lb...}, goog:chromeOptions: {debuggerAddress: localhost:54304}, networkConnectionEnabled: false, pageLoadStrategy: normal, platformName: MAC, proxy: Proxy(), se:cdp: ws://localhost:54304/devtoo..., se:cdpVersion: 105.0.5195.125, setWindowRect: true, strictFileInteractability: false, timeouts: {implicit: 0, pageLoad: 300000, script: 30000}, unhandledPromptBehavior: dismiss and notify, webauthn:extension:credBlob: true, webauthn:extension:largeBlob: true, webauthn:virtualAuthenticators: true}
Session ID: 0a4133f308e0588dc7f2e160bdb29a1c
	at java.base/jdk.internal.reflect.DirectConstructorHandleAccessor.newInstance(DirectConstructorHandleAccessor.java:67)
	at java.base/java.lang.reflect.Constructor.newInstanceWithCaller(Constructor.java:499)
	at java.base/java.lang.reflect.Constructor.newInstance(Constructor.java:483)
	at org.openqa.selenium.remote.codec.w3c.W3CHttpResponseCodec.createException(W3CHttpResponseCodec.java:200)
	at org.openqa.selenium.remote.codec.w3c.W3CHttpResponseCodec.decode(W3CHttpResponseCodec.java:133)
	at org.openqa.selenium.remote.codec.w3c.W3CHttpResponseCodec.decode(W3CHttpResponseCodec.java:53)
	at org.openqa.selenium.remote.HttpCommandExecutor.execute(HttpCommandExecutor.java:184)
	at org.openqa.selenium.remote.service.DriverCommandExecutor.invokeExecute(DriverCommandExecutor.java:167)
	at org.openqa.selenium.remote.service.DriverCommandExecutor.execute(DriverCommandExecutor.java:142)
	at org.openqa.selenium.remote.RemoteWebDriver.execute(RemoteWebDriver.java:547)
	at org.openqa.selenium.remote.ElementLocation$ElementFinder$2.findElement(ElementLocation.java:162)
	at org.openqa.selenium.remote.ElementLocation.findElement(ElementLocation.java:60)
	at org.openqa.selenium.remote.RemoteWebDriver.findElement(RemoteWebDriver.java:365)
	at org.openqa.selenium.remote.RemoteWebDriver.findElement(RemoteWebDriver.java:357)
	at org.openqa.selenium.support.pagefactory.DefaultElementLocator.findElement(DefaultElementLocator.java:70)
	at org.openqa.selenium.support.pagefactory.internal.LocatingElementHandler.invoke(LocatingElementHandler.java:39)
	at jdk.proxy2/jdk.proxy2.$Proxy33.isDisplayed(Unknown Source)
	at org.openqa.selenium.support.ui.ExpectedConditions.elementIfVisible(ExpectedConditions.java:307)
	at org.openqa.selenium.support.ui.ExpectedConditions.access$000(ExpectedConditions.java:40)
	at org.openqa.selenium.support.ui.ExpectedConditions$10.apply(ExpectedConditions.java:293)
	at org.openqa.selenium.support.ui.ExpectedConditions$10.apply(ExpectedConditions.java:290)
	at org.openqa.selenium.support.ui.FluentWait.until(FluentWait.java:208)
	at base.GenericFunctions.waitForElementToBeVisible(GenericFunctions.java:33)
	at pageObject.Upgrade_Registration_SignIn_page.verifyChooseTradeOption(Upgrade_Registration_SignIn_page.java:50)
	at stepDef.Upgrade_Registration_SignIn_steps.theUserCreatesAnNewProfileInUP(Upgrade_Registration_SignIn_steps.java:87)
	at java.base/jdk.internal.reflect.DirectMethodHandleAccessor.invoke(DirectMethodHandleAccessor.java:104)
	at java.base/java.lang.reflect.Method.invoke(Method.java:577)
	at io.cucumber.java.Invoker.doInvoke(Invoker.java:66)
	at io.cucumber.java.Invoker.invoke(Invoker.java:24)
	at io.cucumber.java.AbstractGlueDefinition.invokeMethod(AbstractGlueDefinition.java:47)
	at io.cucumber.java.JavaStepDefinition.execute(JavaStepDefinition.java:29)
	at io.cucumber.core.runner.CoreStepDefinition.execute(CoreStepDefinition.java:66)
	at io.cucumber.core.runner.PickleStepDefinitionMatch.runStep(PickleStepDefinitionMatch.java:63)
	at io.cucumber.core.runner.ExecutionMode$1.execute(ExecutionMode.java:10)
	at io.cucumber.core.runner.TestStep.executeStep(TestStep.java:85)
	at io.cucumber.core.runner.TestStep.run(TestStep.java:57)
	at io.cucumber.core.runner.PickleStepTestStep.run(PickleStepTestStep.java:51)
	at io.cucumber.core.runner.TestCase.run(TestCase.java:84)
	at io.cucumber.core.runner.Runner.runPickle(Runner.java:75)
	at io.cucumber.testng.TestNGCucumberRunner.lambda$runScenario$1(TestNGCucumberRunner.java:132)
	at io.cucumber.core.runtime.CucumberExecutionContext.lambda$runTestCase$5(CucumberExecutionContext.java:129)
	at io.cucumber.core.runtime.RethrowingThrowableCollector.executeAndThrow(RethrowingThrowableCollector.java:23)
	at io.cucumber.core.runtime.CucumberExecutionContext.runTestCase(CucumberExecutionContext.java:129)
	at io.cucumber.testng.TestNGCucumberRunner.runScenario(TestNGCucumberRunner.java:129)
	at io.cucumber.testng.AbstractTestNGCucumberTests.runScenario(AbstractTestNGCucumberTests.java:35)
	at java.base/jdk.internal.reflect.DirectMethodHandleAccessor.invoke(DirectMethodHandleAccessor.java:104)
	at java.base/java.lang.reflect.Method.invoke(Method.java:577)
	at org.testng.internal.invokers.MethodInvocationHelper.invokeMethod(MethodInvocationHelper.java:139)
	at org.testng.internal.invokers.TestInvoker.invokeMethod(TestInvoker.java:677)
	at org.testng.internal.invokers.TestInvoker.invokeTestMethod(TestInvoker.java:221)
	at org.testng.internal.invokers.TestMethodWithDataProviderMethodWorker.call(TestMethodWithDataProviderMethodWorker.java:80)
	at org.testng.internal.invokers.TestMethodWithDataProviderMethodWorker.call(TestMethodWithDataProviderMethodWorker.java:17)
	at java.base/java.util.concurrent.FutureTask.run(FutureTask.java:264)
	at java.base/java.util.concurrent.Executors$RunnableAdapter.call(Executors.java:539)
	at java.base/java.util.concurrent.FutureTask.run(FutureTask.java:264)
	at java.base/java.util.concurrent.ThreadPoolExecutor.runWorker(ThreadPoolExecutor.java:1136)
	at java.base/java.util.concurrent.ThreadPoolExecutor$Worker.run(ThreadPoolExecutor.java:635)
	at java.base/java.lang.Thread.run(Thread.java:833)
&amp#27;[0m
  &amp#27;[36mAnd &amp#27;[0m&amp#27;[36mthe Upgrade user goes to the deal page for a new car&amp#27;[0m                                                                 &amp#27;[90m# stepDef.Upgrade_SavedDeals_steps.theUpgradeUserGoesToTheDealPageForANewCar()&amp#27;[0m
  &amp#27;[36mWhen &amp#27;[0m&amp#27;[36mthe Upgrade user switches to the Finance tab&amp#27;[0m                                                                        &amp#27;[90m# stepDef.Upgrade_Trades_steps.theUpgradeUserSwitchToFinanceTab()&amp#27;[0m
  &amp#27;[36mThen &amp#27;[0m&amp#27;[36mthe list of deal options is ordered by month descending&amp#27;[0m                                                             &amp#27;[90m# stepDef.CSE_Garage_Saved_Deals_steps.theListOfDealOptionsIsOrderedByMonthDescending()&amp#27;[0m
  &amp#27;[36mAnd &amp#27;[0m&amp#27;[36mthe listed deal options do not repeat&amp#27;[0m                                                                                &amp#27;[90m# stepDef.CSE_Garage_Saved_Deals_steps.theListOfDealOptionsDoNotRepeat()&amp#27;[0m
  &amp#27;[36mWhen &amp#27;[0m&amp#27;[36mthe Upgrade user updates the desired down payment with the same value&amp#27;[0m                                               &amp#27;[90m# stepDef.Upgrade_SavedDeals_steps.theUpgradeUserUpdatesTheDesiredDownPaymentWithTheSameValue()&amp#27;[0m
  &amp#27;[36mThen &amp#27;[0m&amp#27;[36mthe check box order does not change&amp#27;[0m                                                                                 &amp#27;[90m# stepDef.CSE_Garage_Saved_Deals_steps.theCheckBoxOrderDoesNotChange()&amp#27;[0m

    Embedding Ensure for a logged-in profile deal the financing tab check box order does not change when changing down payment [image/png 156244 bytes]

]]></system-out>
    <system-err><![CDATA[ChromeDriver was started successfully.
Sep 28, 2022 7:45:33 PM org.openqa.selenium.remote.ProtocolHandshake createSession
INFO: Detected upstream dialect: W3C
Sep 28, 2022 7:45:33 PM org.openqa.selenium.devtools.CdpVersionFinder findNearestMatch
WARNING: Unable to find an exact match for CDP version 105, so returning the closest version found: 104
Sep 28, 2022 7:45:33 PM org.openqa.selenium.devtools.CdpVersionFinder findNearestMatch
INFO: Found CDP implementation for version 105 of 104
]]></system-err>
  </testcase>
  <testcase name="runScenario" classname="RunCucumberTest" time="68.99">
    <failure message="Expected condition failed: waiting for visibility of Proxy element for: DefaultElementLocator &apos;By.xpath: //h1[contains(text(),&apos;Choose Trade Option&apos;)]&apos; (tried for 20 second(s) with 500 milliseconds interval)" type="org.openqa.selenium.TimeoutException">org.openqa.selenium.TimeoutException: Expected condition failed: waiting for visibility of Proxy element for: DefaultElementLocator 'By.xpath: //h1[contains(text(),'Choose Trade Option')]' (tried for 20 second(s) with 500 milliseconds interval)
Caused by: org.openqa.selenium.NoSuchElementException: 
no such element: Unable to locate element: {"method":"xpath","selector":"//h1[contains(text(),'Choose Trade Option')]"}
  (Session info: chrome=105.0.5195.125)
For documentation on this error, please visit: https://selenium.dev/exceptions/#no_such_element
Build info: version: '4.4.0', revision: 'e5c75ed026a'
System info: host: 'SF-LAP-412.local', ip: 'fe80:0:0:0:eb:c8fe:5a40:5798%en0', os.name: 'Mac OS X', os.arch: 'aarch64', os.version: '12.6', java.version: '18.0.2.1'
Driver info: org.openqa.selenium.chrome.ChromeDriver
Command: [bf9a056894f60a9b7526f5fd0ddc19f6, findElement {using=xpath, value=//h1[contains(text(),'Choose Trade Option')]}]
Capabilities {acceptInsecureCerts: false, browserName: chrome, browserVersion: 105.0.5195.125, chrome: {chromedriverVersion: 105.0.5195.52 (412c95e51883..., userDataDir: /var/folders/th/f4yf398x0lb...}, goog:chromeOptions: {debuggerAddress: localhost:54633}, networkConnectionEnabled: false, pageLoadStrategy: normal, platformName: MAC, proxy: Proxy(), se:cdp: ws://localhost:54633/devtoo..., se:cdpVersion: 105.0.5195.125, setWindowRect: true, strictFileInteractability: false, timeouts: {implicit: 0, pageLoad: 300000, script: 30000}, unhandledPromptBehavior: dismiss and notify, webauthn:extension:credBlob: true, webauthn:extension:largeBlob: true, webauthn:virtualAuthenticators: true}
Session ID: bf9a056894f60a9b7526f5fd0ddc19f6
</failure>
    <system-out><![CDATA[
@UP @UP_garage @UP_checkBox @regression
Scenario: Ensure for a logged-in profile deal the financing tab check box order does not change when switching tabs &amp#27;[90m# src/test/java/features/Upgrade/dealPageCheckBoxSorting.feature:24&amp#27;[0m
  &amp#27;[32mGiven &amp#27;[0m&amp#27;[32mthe Upgrade user navigates to the homepage&amp#27;[0m                                                                  &amp#27;[90m# stepDef.Upgrade_Registration_SignIn_steps.theUserNavigatesToTheUpgradeHomePage()&amp#27;[0m
  &amp#27;[32mAnd &amp#27;[0m&amp#27;[32mthe Upgrade user clicks on the &amp#27;[0m&amp#27;[32m&amp#27;[1m"Sign in here"&amp#27;[0m&amp#27;[32m link from the top nav&amp#27;[0m                                           &amp#27;[90m# stepDef.Upgrade_Registration_SignIn_steps.theUpgradeUserClicksOnTheLinkFromTheTopNav(java.lang.String)&amp#27;[0m
  &amp#27;[31mAnd &amp#27;[0m&amp#27;[31mthe Upgrade user creates a new profile&amp#27;[0m                                                                        &amp#27;[90m# stepDef.Upgrade_Registration_SignIn_steps.theUserCreatesAnNewProfileInUP()&amp#27;[0m
      &amp#27;[31morg.openqa.selenium.TimeoutException: Expected condition failed: waiting for visibility of Proxy element for: DefaultElementLocator 'By.xpath: //h1[contains(text(),'Choose Trade Option')]' (tried for 20 second(s) with 500 milliseconds interval)
	at org.openqa.selenium.support.ui.WebDriverWait.timeoutException(WebDriverWait.java:87)
	at org.openqa.selenium.support.ui.FluentWait.until(FluentWait.java:231)
	at base.GenericFunctions.waitForElementToBeVisible(GenericFunctions.java:33)
	at pageObject.Upgrade_Registration_SignIn_page.verifyChooseTradeOption(Upgrade_Registration_SignIn_page.java:50)
	at stepDef.Upgrade_Registration_SignIn_steps.theUserCreatesAnNewProfileInUP(Upgrade_Registration_SignIn_steps.java:87)
	at ✽.the Upgrade user creates a new profile(file:///Users/manav/Documents/QATest/qa-automation-tests/src/test/java/features/Upgrade/dealPageCheckBoxSorting.feature:6)
Caused by: org.openqa.selenium.NoSuchElementException: no such element: Unable to locate element: {"method":"xpath","selector":"//h1[contains(text(),'Choose Trade Option')]"}
  (Session info: chrome=105.0.5195.125)
For documentation on this error, please visit: https://selenium.dev/exceptions/#no_such_element
Build info: version: '4.4.0', revision: 'e5c75ed026a'
System info: host: 'SF-LAP-412.local', ip: 'fe80:0:0:0:eb:c8fe:5a40:5798%en0', os.name: 'Mac OS X', os.arch: 'aarch64', os.version: '12.6', java.version: '18.0.2.1'
Driver info: org.openqa.selenium.chrome.ChromeDriver
Command: [bf9a056894f60a9b7526f5fd0ddc19f6, findElement {using=xpath, value=//h1[contains(text(),'Choose Trade Option')]}]
Capabilities {acceptInsecureCerts: false, browserName: chrome, browserVersion: 105.0.5195.125, chrome: {chromedriverVersion: 105.0.5195.52 (412c95e51883..., userDataDir: /var/folders/th/f4yf398x0lb...}, goog:chromeOptions: {debuggerAddress: localhost:54633}, networkConnectionEnabled: false, pageLoadStrategy: normal, platformName: MAC, proxy: Proxy(), se:cdp: ws://localhost:54633/devtoo..., se:cdpVersion: 105.0.5195.125, setWindowRect: true, strictFileInteractability: false, timeouts: {implicit: 0, pageLoad: 300000, script: 30000}, unhandledPromptBehavior: dismiss and notify, webauthn:extension:credBlob: true, webauthn:extension:largeBlob: true, webauthn:virtualAuthenticators: true}
Session ID: bf9a056894f60a9b7526f5fd0ddc19f6
	at java.base/jdk.internal.reflect.DirectConstructorHandleAccessor.newInstance(DirectConstructorHandleAccessor.java:67)
	at java.base/java.lang.reflect.Constructor.newInstanceWithCaller(Constructor.java:499)
	at java.base/java.lang.reflect.Constructor.newInstance(Constructor.java:483)
	at org.openqa.selenium.remote.codec.w3c.W3CHttpResponseCodec.createException(W3CHttpResponseCodec.java:200)
	at org.openqa.selenium.remote.codec.w3c.W3CHttpResponseCodec.decode(W3CHttpResponseCodec.java:133)
	at org.openqa.selenium.remote.codec.w3c.W3CHttpResponseCodec.decode(W3CHttpResponseCodec.java:53)
	at org.openqa.selenium.remote.HttpCommandExecutor.execute(HttpCommandExecutor.java:184)
	at org.openqa.selenium.remote.service.DriverCommandExecutor.invokeExecute(DriverCommandExecutor.java:167)
	at org.openqa.selenium.remote.service.DriverCommandExecutor.execute(DriverCommandExecutor.java:142)
	at org.openqa.selenium.remote.RemoteWebDriver.execute(RemoteWebDriver.java:547)
	at org.openqa.selenium.remote.ElementLocation$ElementFinder$2.findElement(ElementLocation.java:162)
	at org.openqa.selenium.remote.ElementLocation.findElement(ElementLocation.java:60)
	at org.openqa.selenium.remote.RemoteWebDriver.findElement(RemoteWebDriver.java:365)
	at org.openqa.selenium.remote.RemoteWebDriver.findElement(RemoteWebDriver.java:357)
	at org.openqa.selenium.support.pagefactory.DefaultElementLocator.findElement(DefaultElementLocator.java:70)
	at org.openqa.selenium.support.pagefactory.internal.LocatingElementHandler.invoke(LocatingElementHandler.java:39)
	at jdk.proxy2/jdk.proxy2.$Proxy33.isDisplayed(Unknown Source)
	at org.openqa.selenium.support.ui.ExpectedConditions.elementIfVisible(ExpectedConditions.java:307)
	at org.openqa.selenium.support.ui.ExpectedConditions.access$000(ExpectedConditions.java:40)
	at org.openqa.selenium.support.ui.ExpectedConditions$10.apply(ExpectedConditions.java:293)
	at org.openqa.selenium.support.ui.ExpectedConditions$10.apply(ExpectedConditions.java:290)
	at org.openqa.selenium.support.ui.FluentWait.until(FluentWait.java:208)
	at base.GenericFunctions.waitForElementToBeVisible(GenericFunctions.java:33)
	at pageObject.Upgrade_Registration_SignIn_page.verifyChooseTradeOption(Upgrade_Registration_SignIn_page.java:50)
	at stepDef.Upgrade_Registration_SignIn_steps.theUserCreatesAnNewProfileInUP(Upgrade_Registration_SignIn_steps.java:87)
	at java.base/jdk.internal.reflect.DirectMethodHandleAccessor.invoke(DirectMethodHandleAccessor.java:104)
	at java.base/java.lang.reflect.Method.invoke(Method.java:577)
	at io.cucumber.java.Invoker.doInvoke(Invoker.java:66)
	at io.cucumber.java.Invoker.invoke(Invoker.java:24)
	at io.cucumber.java.AbstractGlueDefinition.invokeMethod(AbstractGlueDefinition.java:47)
	at io.cucumber.java.JavaStepDefinition.execute(JavaStepDefinition.java:29)
	at io.cucumber.core.runner.CoreStepDefinition.execute(CoreStepDefinition.java:66)
	at io.cucumber.core.runner.PickleStepDefinitionMatch.runStep(PickleStepDefinitionMatch.java:63)
	at io.cucumber.core.runner.ExecutionMode$1.execute(ExecutionMode.java:10)
	at io.cucumber.core.runner.TestStep.executeStep(TestStep.java:85)
	at io.cucumber.core.runner.TestStep.run(TestStep.java:57)
	at io.cucumber.core.runner.PickleStepTestStep.run(PickleStepTestStep.java:51)
	at io.cucumber.core.runner.TestCase.run(TestCase.java:84)
	at io.cucumber.core.runner.Runner.runPickle(Runner.java:75)
	at io.cucumber.testng.TestNGCucumberRunner.lambda$runScenario$1(TestNGCucumberRunner.java:132)
	at io.cucumber.core.runtime.CucumberExecutionContext.lambda$runTestCase$5(CucumberExecutionContext.java:129)
	at io.cucumber.core.runtime.RethrowingThrowableCollector.executeAndThrow(RethrowingThrowableCollector.java:23)
	at io.cucumber.core.runtime.CucumberExecutionContext.runTestCase(CucumberExecutionContext.java:129)
	at io.cucumber.testng.TestNGCucumberRunner.runScenario(TestNGCucumberRunner.java:129)
	at io.cucumber.testng.AbstractTestNGCucumberTests.runScenario(AbstractTestNGCucumberTests.java:35)
	at java.base/jdk.internal.reflect.DirectMethodHandleAccessor.invoke(DirectMethodHandleAccessor.java:104)
	at java.base/java.lang.reflect.Method.invoke(Method.java:577)
	at org.testng.internal.invokers.MethodInvocationHelper.invokeMethod(MethodInvocationHelper.java:139)
	at org.testng.internal.invokers.TestInvoker.invokeMethod(TestInvoker.java:677)
	at org.testng.internal.invokers.TestInvoker.invokeTestMethod(TestInvoker.java:221)
	at org.testng.internal.invokers.TestMethodWithDataProviderMethodWorker.call(TestMethodWithDataProviderMethodWorker.java:80)
	at org.testng.internal.invokers.TestMethodWithDataProviderMethodWorker.call(TestMethodWithDataProviderMethodWorker.java:17)
	at java.base/java.util.concurrent.FutureTask.run(FutureTask.java:264)
	at java.base/java.util.concurrent.Executors$RunnableAdapter.call(Executors.java:539)
	at java.base/java.util.concurrent.FutureTask.run(FutureTask.java:264)
	at java.base/java.util.concurrent.ThreadPoolExecutor.runWorker(ThreadPoolExecutor.java:1136)
	at java.base/java.util.concurrent.ThreadPoolExecutor$Worker.run(ThreadPoolExecutor.java:635)
	at java.base/java.lang.Thread.run(Thread.java:833)
&amp#27;[0m
  &amp#27;[36mAnd &amp#27;[0m&amp#27;[36mthe Upgrade user goes to the deal page for a new car&amp#27;[0m                                                          &amp#27;[90m# stepDef.Upgrade_SavedDeals_steps.theUpgradeUserGoesToTheDealPageForANewCar()&amp#27;[0m
  &amp#27;[36mWhen &amp#27;[0m&amp#27;[36mthe Upgrade user switches to the Finance tab&amp#27;[0m                                                                 &amp#27;[90m# stepDef.Upgrade_Trades_steps.theUpgradeUserSwitchToFinanceTab()&amp#27;[0m
  &amp#27;[36mThen &amp#27;[0m&amp#27;[36mthe list of deal options is ordered by month descending&amp#27;[0m                                                      &amp#27;[90m# stepDef.CSE_Garage_Saved_Deals_steps.theListOfDealOptionsIsOrderedByMonthDescending()&amp#27;[0m
  &amp#27;[36mAnd &amp#27;[0m&amp#27;[36mthe listed deal options do not repeat&amp#27;[0m                                                                         &amp#27;[90m# stepDef.CSE_Garage_Saved_Deals_steps.theListOfDealOptionsDoNotRepeat()&amp#27;[0m
  &amp#27;[36mWhen &amp#27;[0m&amp#27;[36mthe Upgrade user switches to the Lease tab&amp#27;[0m                                                                   &amp#27;[90m# stepDef.Upgrade_SavedDeals_steps.theUpgradeUserSwitchesToTheLeaseTab()&amp#27;[0m
  &amp#27;[36mAnd &amp#27;[0m&amp#27;[36mthe Upgrade user switches to the Finance tab&amp#27;[0m                                                                  &amp#27;[90m# stepDef.Upgrade_Trades_steps.theUpgradeUserSwitchToFinanceTab()&amp#27;[0m
  &amp#27;[36mThen &amp#27;[0m&amp#27;[36mthe check box order does not change&amp#27;[0m                                                                          &amp#27;[90m# stepDef.CSE_Garage_Saved_Deals_steps.theCheckBoxOrderDoesNotChange()&amp#27;[0m

    Embedding Ensure for a logged-in profile deal the financing tab check box order does not change when switching tabs [image/png 156244 bytes]

]]></system-out>
    <system-err><![CDATA[ChromeDriver was started successfully.
Sep 28, 2022 7:46:42 PM org.openqa.selenium.remote.ProtocolHandshake createSession
INFO: Detected upstream dialect: W3C
Sep 28, 2022 7:46:42 PM org.openqa.selenium.devtools.CdpVersionFinder findNearestMatch
WARNING: Unable to find an exact match for CDP version 105, so returning the closest version found: 104
Sep 28, 2022 7:46:42 PM org.openqa.selenium.devtools.CdpVersionFinder findNearestMatch
INFO: Found CDP implementation for version 105 of 104
]]></system-err>
  </testcase>
  <testcase name="runScenario" classname="RunCucumberTest" time="69.057">
    <failure message="Expected condition failed: waiting for visibility of Proxy element for: DefaultElementLocator &apos;By.xpath: //h1[contains(text(),&apos;Choose Trade Option&apos;)]&apos; (tried for 20 second(s) with 500 milliseconds interval)" type="org.openqa.selenium.TimeoutException">org.openqa.selenium.TimeoutException: Expected condition failed: waiting for visibility of Proxy element for: DefaultElementLocator 'By.xpath: //h1[contains(text(),'Choose Trade Option')]' (tried for 20 second(s) with 500 milliseconds interval)
Caused by: org.openqa.selenium.NoSuchElementException: 
no such element: Unable to locate element: {"method":"xpath","selector":"//h1[contains(text(),'Choose Trade Option')]"}
  (Session info: chrome=105.0.5195.125)
For documentation on this error, please visit: https://selenium.dev/exceptions/#no_such_element
Build info: version: '4.4.0', revision: 'e5c75ed026a'
System info: host: 'SF-LAP-412.local', ip: 'fe80:0:0:0:eb:c8fe:5a40:5798%en0', os.name: 'Mac OS X', os.arch: 'aarch64', os.version: '12.6', java.version: '18.0.2.1'
Driver info: org.openqa.selenium.chrome.ChromeDriver
Command: [65039d44a73d6fd16405540c717c1a64, findElement {using=xpath, value=//h1[contains(text(),'Choose Trade Option')]}]
Capabilities {acceptInsecureCerts: false, browserName: chrome, browserVersion: 105.0.5195.125, chrome: {chromedriverVersion: 105.0.5195.52 (412c95e51883..., userDataDir: /var/folders/th/f4yf398x0lb...}, goog:chromeOptions: {debuggerAddress: localhost:54962}, networkConnectionEnabled: false, pageLoadStrategy: normal, platformName: MAC, proxy: Proxy(), se:cdp: ws://localhost:54962/devtoo..., se:cdpVersion: 105.0.5195.125, setWindowRect: true, strictFileInteractability: false, timeouts: {implicit: 0, pageLoad: 300000, script: 30000}, unhandledPromptBehavior: dismiss and notify, webauthn:extension:credBlob: true, webauthn:extension:largeBlob: true, webauthn:virtualAuthenticators: true}
Session ID: 65039d44a73d6fd16405540c717c1a64
</failure>
    <system-out><![CDATA[
@UP @UP_garage @UP_checkBox @regression @smoke @BUG @NE-688
Scenario: Ensure check boxes for a logged-in profile lease deal are in order and do not repeat &amp#27;[90m# src/test/java/features/Upgrade/dealPageCheckBoxSorting.feature:33&amp#27;[0m
[...]
Caused by: org.openqa.selenium.NoSuchElementException: no such element: Unable to locate element: {"method":"xpath","selector":"//span[contains(text(),'My Garage')]"}
  (Session info: chrome=105.0.5195.125)
For documentation on this error, please visit: https://selenium.dev/exceptions/#no_such_element
Build info: version: '4.4.0', revision: 'e5c75ed026a'
System info: host: 'SF-LAP-412.local', ip: 'fe80:0:0:0:eb:c8fe:5a40:5798%en0', os.name: 'Mac OS X', os.arch: 'aarch64', os.version: '12.6', java.version: '18.0.2.1'
Driver info: org.openqa.selenium.chrome.ChromeDriver
Command: [98fe5d3025159c03c1f0b7ef9f7b1920, findElement {using=xpath, value=//span[contains(text(),'My Garage')]}]
Capabilities {acceptInsecureCerts: false, browserName: chrome, browserVersion: 105.0.5195.125, chrome: {chromedriverVersion: 105.0.5195.52 (412c95e51883..., userDataDir: /var/folders/th/f4yf398x0lb...}, goog:chromeOptions: {debuggerAddress: localhost:59940}, networkConnectionEnabled: false, pageLoadStrategy: normal, platformName: MAC, proxy: Proxy(), se:cdp: ws://localhost:59940/devtoo..., se:cdpVersion: 105.0.5195.125, setWindowRect: true, strictFileInteractability: false, timeouts: {implicit: 0, pageLoad: 300000, script: 30000}, unhandledPromptBehavior: dismiss and notify, webauthn:extension:credBlob: true, webauthn:extension:largeBlob: true, webauthn:virtualAuthenticators: true}
Session ID: 98fe5d3025159c03c1f0b7ef9f7b1920
	at java.base/jdk.internal.reflect.DirectConstructorHandleAccessor.newInstance(DirectConstructorHandleAccessor.java:67)
	at java.base/java.lang.reflect.Constructor.newInstanceWithCaller(Constructor.java:499)
	at java.base/java.lang.reflect.Constructor.newInstance(Constructor.java:483)
	at org.openqa.selenium.remote.codec.w3c.W3CHttpResponseCodec.createException(W3CHttpResponseCodec.java:200)
	at org.openqa.selenium.remote.codec.w3c.W3CHttpResponseCodec.decode(W3CHttpResponseCodec.java:133)
	at org.openqa.selenium.remote.codec.w3c.W3CHttpResponseCodec.decode(W3CHttpResponseCodec.java:53)
	at org.openqa.selenium.remote.HttpCommandExecutor.execute(HttpCommandExecutor.java:184)
	at org.openqa.selenium.remote.service.DriverCommandExecutor.invokeExecute(DriverCommandExecutor.java:167)
	at org.openqa.selenium.remote.service.DriverCommandExecutor.execute(DriverCommandExecutor.java:142)
	at org.openqa.selenium.remote.RemoteWebDriver.execute(RemoteWebDriver.java:547)
	at org.openqa.selenium.remote.ElementLocation$ElementFinder$2.findElement(ElementLocation.java:162)
	at org.openqa.selenium.remote.ElementLocation.findElement(ElementLocation.java:60)
	at org.openqa.selenium.remote.RemoteWebDriver.findElement(RemoteWebDriver.java:365)
	at org.openqa.selenium.remote.RemoteWebDriver.findElement(RemoteWebDriver.java:357)
	at org.openqa.selenium.support.pagefactory.DefaultElementLocator.findElement(DefaultElementLocator.java:70)
	at org.openqa.selenium.support.pagefactory.internal.LocatingElementHandler.invoke(LocatingElementHandler.java:39)
	at jdk.proxy2/jdk.proxy2.$Proxy33.isDisplayed(Unknown Source)
	at org.openqa.selenium.support.ui.ExpectedConditions.elementIfVisible(ExpectedConditions.java:307)
	at org.openqa.selenium.support.ui.ExpectedConditions.access$000(ExpectedConditions.java:40)
	at org.openqa.selenium.support.ui.ExpectedConditions$10.apply(ExpectedConditions.java:293)
	at org.openqa.selenium.support.ui.ExpectedConditions$10.apply(ExpectedConditions.java:290)
	at org.openqa.selenium.support.ui.FluentWait.until(FluentWait.java:208)
	at base.GenericFunctions.waitForElementToBeVisible(GenericFunctions.java:33)
	at pageObject.Upgrade_Appointments_page.upMyGarageHamburgerBtn(Upgrade_Appointments_page.java:127)
	at stepDef.Upgrade_Appointment_steps.theUserClicksOnMyGarageFromHamburgerMenu(Upgrade_Appointment_steps.java:60)
	at java.base/jdk.internal.reflect.DirectMethodHandleAccessor.invoke(DirectMethodHandleAccessor.java:104)
	at java.base/java.lang.reflect.Method.invoke(Method.java:577)
	at io.cucumber.java.Invoker.doInvoke(Invoker.java:66)
	at io.cucumber.java.Invoker.invoke(Invoker.java:24)
	at io.cucumber.java.AbstractGlueDefinition.invokeMethod(AbstractGlueDefinition.java:47)
	at io.cucumber.java.JavaStepDefinition.execute(JavaStepDefinition.java:29)
	at io.cucumber.core.runner.CoreStepDefinition.execute(CoreStepDefinition.java:66)
	at io.cucumber.core.runner.PickleStepDefinitionMatch.runStep(PickleStepDefinitionMatch.java:63)
	at io.cucumber.core.runner.ExecutionMode$1.execute(ExecutionMode.java:10)
	at io.cucumber.core.runner.TestStep.executeStep(TestStep.java:85)
	at io.cucumber.core.runner.TestStep.run(TestStep.java:57)
	at io.cucumber.core.runner.PickleStepTestStep.run(PickleStepTestStep.java:51)
	at io.cucumber.core.runner.TestCase.run(TestCase.java:84)
	at io.cucumber.core.runner.Runner.runPickle(Runner.java:75)
	at io.cucumber.testng.TestNGCucumberRunner.lambda$runScenario$1(TestNGCucumberRunner.java:132)
	at io.cucumber.core.runtime.CucumberExecutionContext.lambda$runTestCase$5(CucumberExecutionContext.java:129)
	at io.cucumber.core.runtime.RethrowingThrowableCollector.executeAndThrow(RethrowingThrowableCollector.java:23)
	at io.cucumber.core.runtime.CucumberExecutionContext.runTestCase(CucumberExecutionContext.java:129)
	at io.cucumber.testng.TestNGCucumberRunner.runScenario(TestNGCucumberRunner.java:129)
	at io.cucumber.testng.AbstractTestNGCucumberTests.runScenario(AbstractTestNGCucumberTests.java:35)
	at java.base/jdk.internal.reflect.DirectMethodHandleAccessor.invoke(DirectMethodHandleAccessor.java:104)
	at java.base/java.lang.reflect.Method.invoke(Method.java:577)
	at org.testng.internal.invokers.MethodInvocationHelper.invokeMethod(MethodInvocationHelper.java:139)
	at org.testng.internal.invokers.TestInvoker.invokeMethod(TestInvoker.java:677)
	at org.testng.internal.invokers.TestInvoker.invokeTestMethod(TestInvoker.java:221)
	at org.testng.internal.invokers.TestMethodWithDataProviderMethodWorker.call(TestMethodWithDataProviderMethodWorker.java:80)
	at org.testng.internal.invokers.TestMethodWithDataProviderMethodWorker.call(TestMethodWithDataProviderMethodWorker.java:17)
	at java.base/java.util.concurrent.FutureTask.run(FutureTask.java:264)
	at java.base/java.util.concurrent.Executors$RunnableAdapter.call(Executors.java:539)
	at java.base/java.util.concurrent.FutureTask.run(FutureTask.java:264)
	at java.base/java.util.concurrent.ThreadPoolExecutor.runWorker(ThreadPoolExecutor.java:1136)
	at java.base/java.util.concurrent.ThreadPoolExecutor$Worker.run(ThreadPoolExecutor.java:635)
	at java.base/java.lang.Thread.run(Thread.java:833)
&amp#27;[0m
  &amp#27;[36mWhen &amp#27;[0m&amp#27;[36mthe Upgrade user clicks on the &amp#27;[0m&amp#27;[36m&amp#27;[1m"Sign Out"&amp#27;[0m&amp#27;[36m link from the left nav&amp#27;[0m                                        &amp#27;[90m# stepDef.Upgrade_SignOut_steps.theUpgradeUserClicksOnTheLinkFromTheLeftNav(java.lang.String)&amp#27;[0m
  &amp#27;[36mThen &amp#27;[0m&amp#27;[36mthe Upgrade user should successfully return to the homepage&amp#27;[0m                                             &amp#27;[90m# stepDef.Upgrade_Registration_SignIn_steps.theUserShouldReturnsToUpgradeHomepage()&amp#27;[0m

    Embedding Ensure when the Upgrade user clicks the Sign Out link in the left nav it takes them to the home page [image/png 1681303 bytes]

]]></system-out>
    <system-err><![CDATA[ChromeDriver was started successfully.
Sep 28, 2022 9:00:12 PM org.openqa.selenium.remote.ProtocolHandshake createSession
INFO: Detected upstream dialect: W3C
Sep 28, 2022 9:00:12 PM org.openqa.selenium.devtools.CdpVersionFinder findNearestMatch
WARNING: Unable to find an exact match for CDP version 105, so returning the closest version found: 104
Sep 28, 2022 9:00:12 PM org.openqa.selenium.devtools.CdpVersionFinder findNearestMatch
INFO: Found CDP implementation for version 105 of 104
]]></system-err>
  </testcase>
  <testcase name="runScenario" classname="RunCucumberTest" time="70.813">
    <failure message="Expected condition failed: waiting for visibility of Proxy element for: DefaultElementLocator &apos;By.xpath: //*/text()[normalize-space(.)=&apos;Sign Out&apos;]/parent::*&apos; (tried for 20 second(s) with 500 milliseconds interval)" type="org.openqa.selenium.TimeoutException">org.openqa.selenium.TimeoutException: Expected condition failed: waiting for visibility of Proxy element for: DefaultElementLocator 'By.xpath: //*/text()[normalize-space(.)='Sign Out']/parent::*' (tried for 20 second(s) with 500 milliseconds interval)
Caused by: org.openqa.selenium.NoSuchElementException: 
no such element: Unable to locate element: {"method":"xpath","selector":"//*/text()[normalize-space(.)='Sign Out']/parent::*"}
  (Session info: chrome=105.0.5195.125)
For documentation on this error, please visit: https://selenium.dev/exceptions/#no_such_element
Build info: version: '4.4.0', revision: 'e5c75ed026a'
System info: host: 'SF-LAP-412.local', ip: 'fe80:0:0:0:eb:c8fe:5a40:5798%en0', os.name: 'Mac OS X', os.arch: 'aarch64', os.version: '12.6', java.version: '18.0.2.1'
Driver info: org.openqa.selenium.chrome.ChromeDriver
Command: [63ce973717817128475b7f20bf67b44e, findElement {using=xpath, value=//*/text()[normalize-space(.)='Sign Out']/parent::*}]
Capabilities {acceptInsecureCerts: false, browserName: chrome, browserVersion: 105.0.5195.125, chrome: {chromedriverVersion: 105.0.5195.52 (412c95e51883..., userDataDir: /var/folders/th/f4yf398x0lb...}, goog:chromeOptions: {debuggerAddress: localhost:60283}, networkConnectionEnabled: false, pageLoadStrategy: normal, platformName: MAC, proxy: Proxy(), se:cdp: ws://localhost:60283/devtoo..., se:cdpVersion: 105.0.5195.125, setWindowRect: true, strictFileInteractability: false, timeouts: {implicit: 0, pageLoad: 300000, script: 30000}, unhandledPromptBehavior: dismiss and notify, webauthn:extension:credBlob: true, webauthn:extension:largeBlob: true, webauthn:virtualAuthenticators: true}
Session ID: 63ce973717817128475b7f20bf67b44e
</failure>
    <system-out><![CDATA[
@UP @UP_garage @UP_signOut @regression @smoke
Scenario: Ensure when the Upgrade user clicks the Sign Out link in the hamburger menu it takes them to the home page &amp#27;[90m# src/test/java/features/Upgrade/signOut.feature:15&amp#27;[0m
  &amp#27;[32mGiven &amp#27;[0m&amp#27;[32mthe Upgrade user navigates to the homepage&amp#27;[0m                                                                   &amp#27;[90m# stepDef.Upgrade_Registration_SignIn_steps.theUserNavigatesToTheUpgradeHomePage()&amp#27;[0m
  &amp#27;[32mAnd &amp#27;[0m&amp#27;[32mthe Upgrade user clicks on the &amp#27;[0m&amp#27;[32m&amp#27;[1m"Sign in here"&amp#27;[0m&amp#27;[32m link from the top nav&amp#27;[0m                                            &amp#27;[90m# stepDef.Upgrade_Registration_SignIn_steps.theUpgradeUserClicksOnTheLinkFromTheTopNav(java.lang.String)&amp#27;[0m
Page has loaded
  &amp#27;[32mAnd &amp#27;[0m&amp#27;[32mthe Upgrade user login to the account&amp#27;[0m                                                                          &amp#27;[90m# stepDef.Upgrade_Appointment_steps.theUserSignIntoUP()&amp#27;[0m
  &amp#27;[31mWhen &amp#27;[0m&amp#27;[31mthe Upgrade user signs out via the hamburger menu&amp#27;[0m                                                             &amp#27;[90m# stepDef.Upgrade_Registration_SignIn_steps.userSignsOutFromTheUP()&amp#27;[0m
      &amp#27;[31morg.openqa.selenium.TimeoutException: Expected condition failed: waiting for visibility of Proxy element for: DefaultElementLocator 'By.xpath: //*/text()[normalize-space(.)='Sign Out']/parent::*' (tried for 20 second(s) with 500 milliseconds interval)
	at org.openqa.selenium.support.ui.WebDriverWait.timeoutException(WebDriverWait.java:87)
	at org.openqa.selenium.support.ui.FluentWait.until(FluentWait.java:231)
	at base.GenericFunctions.waitForElementToBeVisible(GenericFunctions.java:33)
	at pageObject.Upgrade_Registration_SignIn_page.upSignOut(Upgrade_Registration_SignIn_page.java:127)
	at stepDef.Upgrade_Registration_SignIn_steps.userSignsOutFromTheUP(Upgrade_Registration_SignIn_steps.java:92)
	at ✽.the Upgrade user signs out via the hamburger menu(file:///Users/manav/Documents/QATest/qa-automation-tests/src/test/java/features/Upgrade/signOut.feature:16)
Caused by: org.openqa.selenium.NoSuchElementException: no such element: Unable to locate element: {"method":"xpath","selector":"//*/text()[normalize-space(.)='Sign Out']/parent::*"}
  (Session info: chrome=105.0.5195.125)
For documentation on this error, please visit: https://selenium.dev/exceptions/#no_such_element
Build info: version: '4.4.0', revision: 'e5c75ed026a'
System info: host: 'SF-LAP-412.local', ip: 'fe80:0:0:0:eb:c8fe:5a40:5798%en0', os.name: 'Mac OS X', os.arch: 'aarch64', os.version: '12.6', java.version: '18.0.2.1'
Driver info: org.openqa.selenium.chrome.ChromeDriver
Command: [63ce973717817128475b7f20bf67b44e, findElement {using=xpath, value=//*/text()[normalize-space(.)='Sign Out']/parent::*}]
Capabilities {acceptInsecureCerts: false, browserName: chrome, browserVersion: 105.0.5195.125, chrome: {chromedriverVersion: 105.0.5195.52 (412c95e51883..., userDataDir: /var/folders/th/f4yf398x0lb...}, goog:chromeOptions: {debuggerAddress: localhost:60283}, networkConnectionEnabled: false, pageLoadStrategy: normal, platformName: MAC, proxy: Proxy(), se:cdp: ws://localhost:60283/devtoo..., se:cdpVersion: 105.0.5195.125, setWindowRect: true, strictFileInteractability: false, timeouts: {implicit: 0, pageLoad: 300000, script: 30000}, unhandledPromptBehavior: dismiss and notify, webauthn:extension:credBlob: true, webauthn:extension:largeBlob: true, webauthn:virtualAuthenticators: true}
Session ID: 63ce973717817128475b7f20bf67b44e
	at java.base/jdk.internal.reflect.DirectConstructorHandleAccessor.newInstance(DirectConstructorHandleAccessor.java:67)
	at java.base/java.lang.reflect.Constructor.newInstanceWithCaller(Constructor.java:499)
	at java.base/java.lang.reflect.Constructor.newInstance(Constructor.java:483)
	at org.openqa.selenium.remote.codec.w3c.W3CHttpResponseCodec.createException(W3CHttpResponseCodec.java:200)
	at org.openqa.selenium.remote.codec.w3c.W3CHttpResponseCodec.decode(W3CHttpResponseCodec.java:133)
	at org.openqa.selenium.remote.codec.w3c.W3CHttpResponseCodec.decode(W3CHttpResponseCodec.java:53)
	at org.openqa.selenium.remote.HttpCommandExecutor.execute(HttpCommandExecutor.java:184)
	at org.openqa.selenium.remote.service.DriverCommandExecutor.invokeExecute(DriverCommandExecutor.java:167)
	at org.openqa.selenium.remote.service.DriverCommandExecutor.execute(DriverCommandExecutor.java:142)
	at org.openqa.selenium.remote.RemoteWebDriver.execute(RemoteWebDriver.java:547)
	at org.openqa.selenium.remote.ElementLocation$ElementFinder$2.findElement(ElementLocation.java:162)
	at org.openqa.selenium.remote.ElementLocation.findElement(ElementLocation.java:60)
	at org.openqa.selenium.remote.RemoteWebDriver.findElement(RemoteWebDriver.java:365)
	at org.openqa.selenium.remote.RemoteWebDriver.findElement(RemoteWebDriver.java:357)
	at org.openqa.selenium.support.pagefactory.DefaultElementLocator.findElement(DefaultElementLocator.java:70)
	at org.openqa.selenium.support.pagefactory.internal.LocatingElementHandler.invoke(LocatingElementHandler.java:39)
	at jdk.proxy2/jdk.proxy2.$Proxy33.isDisplayed(Unknown Source)
	at org.openqa.selenium.support.ui.ExpectedConditions.elementIfVisible(ExpectedConditions.java:307)
	at org.openqa.selenium.support.ui.ExpectedConditions.access$000(ExpectedConditions.java:40)
	at org.openqa.selenium.support.ui.ExpectedConditions$10.apply(ExpectedConditions.java:293)
	at org.openqa.selenium.support.ui.ExpectedConditions$10.apply(ExpectedConditions.java:290)
	at org.openqa.selenium.support.ui.FluentWait.until(FluentWait.java:208)
	at base.GenericFunctions.waitForElementToBeVisible(GenericFunctions.java:33)
	at pageObject.Upgrade_Registration_SignIn_page.upSignOut(Upgrade_Registration_SignIn_page.java:127)
	at stepDef.Upgrade_Registration_SignIn_steps.userSignsOutFromTheUP(Upgrade_Registration_SignIn_steps.java:92)
	at java.base/jdk.internal.reflect.DirectMethodHandleAccessor.invoke(DirectMethodHandleAccessor.java:104)
	at java.base/java.lang.reflect.Method.invoke(Method.java:577)
	at io.cucumber.java.Invoker.doInvoke(Invoker.java:66)
	at io.cucumber.java.Invoker.invoke(Invoker.java:24)
	at io.cucumber.java.AbstractGlueDefinition.invokeMethod(AbstractGlueDefinition.java:47)
	at io.cucumber.java.JavaStepDefinition.execute(JavaStepDefinition.java:29)
	at io.cucumber.core.runner.CoreStepDefinition.execute(CoreStepDefinition.java:66)
	at io.cucumber.core.runner.PickleStepDefinitionMatch.runStep(PickleStepDefinitionMatch.java:63)
	at io.cucumber.core.runner.ExecutionMode$1.execute(ExecutionMode.java:10)
	at io.cucumber.core.runner.TestStep.executeStep(TestStep.java:85)
	at io.cucumber.core.runner.TestStep.run(TestStep.java:57)
	at io.cucumber.core.runner.PickleStepTestStep.run(PickleStepTestStep.java:51)
	at io.cucumber.core.runner.TestCase.run(TestCase.java:84)
	at io.cucumber.core.runner.Runner.runPickle(Runner.java:75)
	at io.cucumber.testng.TestNGCucumberRunner.lambda$runScenario$1(TestNGCucumberRunner.java:132)
	at io.cucumber.core.runtime.CucumberExecutionContext.lambda$runTestCase$5(CucumberExecutionContext.java:129)
	at io.cucumber.core.runtime.RethrowingThrowableCollector.executeAndThrow(RethrowingThrowableCollector.java:23)
	at io.cucumber.core.runtime.CucumberExecutionContext.runTestCase(CucumberExecutionContext.java:129)
	at io.cucumber.testng.TestNGCucumberRunner.runScenario(TestNGCucumberRunner.java:129)
	at io.cucumber.testng.AbstractTestNGCucumberTests.runScenario(AbstractTestNGCucumberTests.java:35)
	at java.base/jdk.internal.reflect.DirectMethodHandleAccessor.invoke(DirectMethodHandleAccessor.java:104)
	at java.base/java.lang.reflect.Method.invoke(Method.java:577)
	at org.testng.internal.invokers.MethodInvocationHelper.invokeMethod(MethodInvocationHelper.java:139)
	at org.testng.internal.invokers.TestInvoker.invokeMethod(TestInvoker.java:677)
	at org.testng.internal.invokers.TestInvoker.invokeTestMethod(TestInvoker.java:221)
	at org.testng.internal.invokers.TestMethodWithDataProviderMethodWorker.call(TestMethodWithDataProviderMethodWorker.java:80)
	at org.testng.internal.invokers.TestMethodWithDataProviderMethodWorker.call(TestMethodWithDataProviderMethodWorker.java:17)
	at java.base/java.util.concurrent.FutureTask.run(FutureTask.java:264)
	at java.base/java.util.concurrent.Executors$RunnableAdapter.call(Executors.java:539)
	at java.base/java.util.concurrent.FutureTask.run(FutureTask.java:264)
	at java.base/java.util.concurrent.ThreadPoolExecutor.runWorker(ThreadPoolExecutor.java:1136)
	at java.base/java.util.concurrent.ThreadPoolExecutor$Worker.run(ThreadPoolExecutor.java:635)
	at java.base/java.lang.Thread.run(Thread.java:833)
&amp#27;[0m
  &amp#27;[36mThen &amp#27;[0m&amp#27;[36mthe Upgrade user should successfully return to the homepage&amp#27;[0m                                                   &amp#27;[90m# stepDef.Upgrade_Registration_SignIn_steps.theUserShouldReturnsToUpgradeHomepage()&amp#27;[0m

    Embedding Ensure when the Upgrade user clicks the Sign Out link in the hamburger menu it takes them to the home page [image/png 1681312 bytes]

]]></system-out>
    <system-err><![CDATA[ChromeDriver was started successfully.
Sep 28, 2022 9:01:23 PM org.openqa.selenium.remote.ProtocolHandshake createSession
INFO: Detected upstream dialect: W3C
Sep 28, 2022 9:01:23 PM org.openqa.selenium.devtools.CdpVersionFinder findNearestMatch
WARNING: Unable to find an exact match for CDP version 105, so returning the closest version found: 104
Sep 28, 2022 9:01:23 PM org.openqa.selenium.devtools.CdpVersionFinder findNearestMatch
INFO: Found CDP implementation for version 105 of 104
]]></system-err>
  </testcase>
</testsuite>